Final BIC 615.933
TTTTA 0.998475 0.998183 0.997732 0.999127 0.974728 0.940466 0.637923 0.8139 0.830764 0.73644
TTCCA 1e-10 1e-10 1e-10 0.000407319 1e-10 1.0001e-10 1e-10 0.0586015 1e-10 0.123392
TCCCA 1e-10 1e-10 1e-10 1e-10 1e-10 1.0001e-10 1e-10 1.00127e-10 1e-10 1.0151e-10
TCCTA 1e-10 1e-10 1e-10 1e-10 1e-10 1.0001e-10 1e-10 1.00127e-10 1e-10 0.0112519
TCTCC 1e-10 1e-10 1e-10 1e-10 1e-10 1.0001e-10 1e-10 1.00096e-10 1e-10 1.00054e-10
TTTCA 1e-10 1e-10 1e-10 0.000465661 0.0252722 0.0461884 1e-10 0.031043 1e-10 0.00678896
TCTCA 1e-10 1e-10 1e-10 1e-10 1e-10 1.0001e-10 0.145688 0.0588493 1e-10 0.122126
CCTTA 1e-10 1e-10 0.00226816 1.00272e-10 1e-10 1.0001e-10 1e-10 1.00096e-10 1e-10 1.00401e-10
CTTTA 1e-10 1e-10 1e-10 1e-10 1e-10 0.00240608 0.0465402 1.00127e-10 0.0540085 1.00319e-10
TCTTA 1e-10 1e-10 1e-10 1.00667e-10 1e-10 1e-10 1e-10 0.0376065 1e-10 1.00319e-10
TTTCC 1e-10 1e-10 1e-10 1e-10 1e-10 1.0001e-10 1e-10 1.00127e-10 1e-10 1.00319e-10
TCTTC 1e-10 1e-10 1e-10 1e-10 1e-10 1.0001e-10 1e-10 1.00127e-10 1e-10 1.00054e-10
TTTTC 1e-10 1e-10 1e-10 1.00272e-10 1e-10 1e-10 1e-10 1.00127e-10 0.110566 1.00054e-10
TCCCC 0.00152495 1e-10 1e-10 1.01163e-10 1e-10 1e-10 1e-10 1.00096e-10 1e-10 1.00054e-10
CTTCA 1e-10 1e-10 1e-10 1.00272e-10 1e-10 0.0109392 0.0551495 1.00096e-10 1e-10 1.00054e-10
TCCTC 1e-10 1e-10 1e-10 1.00272e-10 1e-10 1.0001e-10 1e-10 1.00096e-10 1e-10 1e-10
CCCTA 1e-10 1e-10 1e-10 1e-10 1e-10 1.0001e-10 1e-10 1.00096e-10 1e-10 1e-10
CTCCA 1e-10 1e-10 1e-10 1.00272e-10 1e-10 1.0001e-10 0.0489885 1.00127e-10 1e-10 1.00319e-10
CTTTC 1e-10 1e-10 1e-10 1e-10 1e-10 1.0001e-10 1e-10 1.00127e-10 1e-10 1.00054e-10
CTCTA 1e-10 1e-10 1e-10 1e-10 1e-10 1e-10 1e-10 1.00127e-10 1e-10 1.00319e-10
CCTCA 1e-10 1e-10 1e-10 1e-10 1e-10 1.0001e-10 0.0657103 1.00127e-10 1e-10 1.00054e-10
CCCCC 1e-10 1e-10 1e-10 1e-10 1e-10 1e-10 1e-10 1.00127e-10 1e-10 1.00401e-10
CCTTC 1e-10 1e-10 1e-10 1e-10 1e-10 1e-10 1e-10 1.00096e-10 1e-10 1.00401e-10
CTCCC 1e-10 1e-10 1e-10 1e-10 1e-10 1.0001e-10 1e-10 1.00127e-10 0.00466224 1.00401e-10
CTTCC 1e-10 0.00181703 1e-10 1e-10 1e-10 1.0001e-10 1e-10 1.00127e-10 1e-10 1e-10
TTCTC 1e-10 1e-10 1e-10 1e-10 1e-10 1.0001e-10 1e-10 1.00127e-10 1e-10 1e-10
XXXXX 1e-10 1e-10 1e-10 1.00272e-10 1e-10 1e-10 1e-10 1.00127e-10 1e-10 1.00054e-10
