Final BIC 607.537
TTCCA 1e-10 1e-10 1e-10 1e-10 1e-10 1e-10 1e-10 0.0572838 1e-10 0.131426
CTTCA 1e-10 1e-10 1e-10 1e-10 1e-10 0.0155292 0.0524559 1e-10 1e-10 1e-10
TTTTC 1e-10 1e-10 1e-10 1e-10 1e-10 1e-10 1e-10 1.00061e-10 0.109061 1e-10
TTTTA 0.998647 1 0.997752 0.998754 0.974724 0.941877 0.637883 0.834372 0.886421 0.738039
TCCTA 1e-10 1e-10 1e-10 1e-10 1e-10 1e-10 1e-10 1e-10 1e-10 0.00488218
TCTCA 1e-10 1e-10 1e-10 1e-10 1.00182e-10 1e-10 0.144598 0.105156 1e-10 0.124562
TCTTA 1e-10 1e-10 1e-10 1e-10 1.00485e-10 1e-10 1e-10 0.00318865 1e-10 1.00354e-10
CCCCA 1e-10 1e-10 1e-10 1e-10 1e-10 1e-10 1e-10 1e-10 1e-10 0.00109064
TCCCC 1e-10 1e-10 1e-10 1e-10 1e-10 1e-10 1e-10 1e-10 1e-10 1e-10
TTTCA 1e-10 1e-10 1e-10 0.00101588 0.0252763 0.040377 1e-10 1.00061e-10 1e-10 1.00451e-10
CTTTA 1e-10 1e-10 1e-10 1e-10 1e-10 1e-10 0.0502574 1e-10 1e-10 1e-10
TCCCA 1e-10 1e-10 1e-10 1e-10 1e-10 1e-10 1e-10 1e-10 0.0045181 1.00507e-10
CCTTA 1e-10 1e-10 0.00224755 1e-10 1.00182e-10 1e-10 1e-10 1e-10 1e-10 1e-10
CTTCC 1e-10 1e-10 1e-10 1e-10 1e-10 1e-10 1e-10 1.00061e-10 1e-10 1e-10
CTCCA 1e-10 1e-10 1e-10 0.0002297 1e-10 1e-10 0.0530515 1e-10 1e-10 1e-10
CCTCA 1e-10 1e-10 1e-10 1e-10 1e-10 1e-10 0.061754 1e-10 1e-10 1e-10
TCTCC 1e-10 1e-10 1e-10 1e-10 1e-10 1e-10 1e-10 1.00061e-10 1e-10 1e-10
TCCTC 1e-10 1e-10 1e-10 1e-10 1e-10 1e-10 1e-10 1e-10 1e-10 1e-10
CTTTC 0.00135257 1e-10 1e-10 1e-10 1e-10 1e-10 1e-10 1e-10 1e-10 1e-10
CCCTA 1e-10 1e-10 1e-10 1e-10 1e-10 1e-10 1e-10 1.00061e-10 1e-10 1.00159e-10
TCTTC 1e-10 1e-10 1e-10 1e-10 1e-10 0.0022163 1e-10 1.00061e-10 1e-10 1e-10
CCCCC 1e-10 1e-10 1e-10 1e-10 1.00485e-10 1e-10 1e-10 1e-10 1e-10 1.00009e-10
CTCTA 1e-10 1e-10 1e-10 1e-10 1.00182e-10 1e-10 1e-10 1.00061e-10 1e-10 1e-10
XXXXX 1e-10 1e-10 1e-10 1e-10 1e-10 1e-10 1e-10 1e-10 1e-10 1e-10
