Final BIC 606.311
TCCTC 1e-10 1e-10 1e-10 1e-10 1.00102e-10 1e-10 1e-10 1e-10 1e-10 1.00103e-10
TTTTA 0.9973 1 1 0.995141 0.990353 0.964204 0.640405 0.834558 0.89047 0.740376
TCTTA 1e-10 1e-10 1e-10 1e-10 1e-10 1e-10 1e-10 1e-10 1e-10 1.00103e-10
CCTTA 0.00270013 1e-10 1e-10 1e-10 1e-10 0.00121887 1e-10 1e-10 1e-10 1.00103e-10
TTCCA 1e-10 1e-10 1e-10 0.000798823 1e-10 1e-10 1e-10 0.0571974 1e-10 0.126446
TCCCC 1e-10 1e-10 1e-10 0.0040602 1e-10 1e-10 1e-10 1e-10 1e-10 1.00103e-10
CTTTA 1e-10 1e-10 1e-10 1e-10 1e-10 1e-10 0.0464421 1e-10 1e-10 1e-10
TCTCA 1e-10 1e-10 1e-10 1e-10 1e-10 1e-10 0.145902 0.105908 1e-10 0.130413
CTCCA 1e-10 1e-10 1e-10 1e-10 1e-10 1e-10 0.0798655 1e-10 1e-10 1.00103e-10
CTTCA 1e-10 1e-10 1e-10 1e-10 1e-10 0.0345775 0.0873848 1e-10 1e-10 1.00103e-10
TCCTA 1e-10 1e-10 1e-10 1e-10 1e-10 1e-10 1.00004e-10 1e-10 1e-10 0.00276437
TCCCA 1e-10 1e-10 1e-10 1e-10 0.00469279 1e-10 1e-10 1e-10 1e-10 1e-10
TCTTC 1e-10 1e-10 1e-10 1e-10 1e-10 1e-10 1e-10 1e-10 1e-10 1.00103e-10
CTCTA 1e-10 1e-10 1e-10 1e-10 0.00495411 1e-10 1.00004e-10 1e-10 1e-10 1.00103e-10
CCCCA 1e-10 1e-10 1e-10 1e-10 1.00102e-10 1e-10 1e-10 1e-10 1e-10 1.00103e-10
TTTTC 1e-10 1e-10 1e-10 1e-10 1e-10 1e-10 1e-10 1e-10 0.10953 1.00103e-10
TTCCC 1e-10 1e-10 1e-10 1e-10 1e-10 1e-10 1e-10 0.00233631 1e-10 1.00103e-10
TTTCC 1e-10 1e-10 1e-10 1e-10 1e-10 1e-10 1.00004e-10 1e-10 1e-10 1.00103e-10
TTCTA 1e-10 1e-10 1e-10 1e-10 1e-10 1e-10 1.00004e-10 1e-10 1e-10 1.00103e-10
CTCCC 1e-10 1e-10 1e-10 1e-10 1.001e-10 1e-10 1e-10 1e-10 1e-10 1.00103e-10
XXXXX 1e-10 1e-10 1e-10 1e-10 1e-10 1e-10 1e-10 1e-10 1e-10 1.00103e-10
