Final BIC 607.591
TTTTC 1.00008e-10 1e-10 1e-10 1e-10 1e-10 1e-10 1e-10 1e-10 0.109376 1e-10
TCTTA 1.00008e-10 1e-10 1e-10 1e-10 1e-10 1e-10 1e-10 1e-10 1e-10 1.0001e-10
CTTTA 1.00008e-10 1e-10 1e-10 1e-10 1e-10 1e-10 0.0475851 1e-10 1e-10 1e-10
TCCCA 1.00008e-10 1e-10 1e-10 1e-10 1e-10 1e-10 1e-10 1e-10 1e-10 0.000918736
CTTTC 1.00008e-10 1e-10 1e-10 1e-10 1e-10 1e-10 1e-10 1e-10 1e-10 1e-10
CTTCA 1.00008e-10 1e-10 1e-10 1e-10 1e-10 0.0155003 0.0803496 1e-10 1e-10 1e-10
CCCCA 1.00008e-10 1e-10 1e-10 1e-10 1e-10 1e-10 1e-10 1e-10 1e-10 1e-10
CCCTA 1.00008e-10 1e-10 1e-10 1e-10 1e-10 1e-10 1e-10 1e-10 1e-10 1e-10
CCTTA 1.00008e-10 0.00352232 1e-10 1e-10 1e-10 1e-10 0.00113006 1e-10 1e-10 1e-10
TCCCC 1.00008e-10 1e-10 1e-10 1e-10 1e-10 0.000922489 1e-10 1e-10 1e-10 1e-10
TTCCC 1.00008e-10 1e-10 1e-10 1e-10 1e-10 1e-10 1e-10 1e-10 1e-10 1e-10
TTTTA 1 0.996478 1 0.99637 0.971938 0.943068 0.638877 0.833932 0.888843 0.738479
CTCTA 1.00008e-10 1e-10 1e-10 1e-10 0.00287062 1e-10 1e-10 1e-10 1e-10 1e-10
TCCTA 1.00008e-10 1e-10 1e-10 1e-10 1e-10 1e-10 1e-10 1e-10 1e-10 0.00524863
CTCCA 1.00008e-10 1e-10 1e-10 1e-10 1e-10 1e-10 0.0852949 1e-10 0.00178115 1e-10
TTCCA 1.00008e-10 1e-10 1e-10 1e-10 1e-10 1e-10 1e-10 0.0609386 1e-10 0.12995
CTTCC 1.00008e-10 1e-10 1e-10 1e-10 1e-10 1e-10 1e-10 1e-10 1e-10 1e-10
CCTCC 1.00008e-10 1e-10 1e-10 1e-10 1e-10 1e-10 1e-10 1e-10 1e-10 1e-10
TCCTC 1.00008e-10 1e-10 1e-10 1e-10 1e-10 1e-10 1e-10 1e-10 1e-10 1e-10
CCTTC 1.00008e-10 1e-10 1e-10 1e-10 1e-10 1e-10 1e-10 1e-10 1e-10 1e-10
TTTCA 1.00008e-10 1e-10 1e-10 0.00115149 0.0251914 0.0405095 1e-10 1e-10 1e-10 1e-10
TTCTA 1.00008e-10 1e-10 1e-10 1e-10 1e-10 1e-10 1e-10 1e-10 1e-10 1e-10
TTCTC 1.00008e-10 1e-10 1e-10 1e-10 1e-10 1e-10 1e-10 1e-10 1e-10 1e-10
TCTCA 1.00008e-10 1e-10 1e-10 1.00501e-10 1e-10 1e-10 0.146764 0.10513 1e-10 0.125404
XXXXX 1.00008e-10 1e-10 1e-10 0.00247899 1e-10 1e-10 1e-10 1e-10 1e-10 1e-10
