Final BIC 598.864
TTTTA 0.995241 1 0.998071 0.997888 0.995491 0.942294 0.642405 0.836525 0.892356 0.740828
TCCCA 1e-10 1.00269e-10 1e-10 1e-10 0.00450874 1e-10 1.00319e-10 1e-10 1.00215e-10 1.0025e-10
CTTTA 1e-10 1.00269e-10 1e-10 1e-10 1e-10 1e-10 0.046656 1e-10 1.00215e-10 1.00219e-10
CTTCA 1e-10 1.00269e-10 1e-10 1e-10 1e-10 0.0150989 0.0711132 1e-10 1.00215e-10 1.00219e-10
TCCTA 0.00475915 1.00269e-10 0.00192867 1e-10 1e-10 1e-10 1.00319e-10 1.0001e-10 1.00215e-10 0.00447865
TCTCA 1e-10 1.00269e-10 1e-10 1e-10 1e-10 1e-10 0.146463 0.106243 1.00234e-10 0.125297
TTTTC 1e-10 1.00269e-10 1e-10 1e-10 1e-10 1e-10 1.00319e-10 1e-10 0.107644 1.00219e-10
TCCCC 1e-10 1.00269e-10 1e-10 0.00109729 1e-10 1e-10 1.00319e-10 1e-10 1.00215e-10 1.00219e-10
CTTTC 1e-10 1.00269e-10 1e-10 1e-10 1e-10 1e-10 1.00319e-10 1e-10 1.00215e-10 1.00219e-10
CCCCA 1e-10 1.00269e-10 1e-10 1e-10 1e-10 0.00145484 1.00325e-10 1e-10 1.00215e-10 1.00219e-10
TTCCC 1e-10 1.00269e-10 1e-10 1e-10 1e-10 1e-10 1.00319e-10 1e-10 1.00215e-10 1.00219e-10
TTTCC 1e-10 1.00269e-10 1e-10 1e-10 1e-10 1e-10 1.00319e-10 1e-10 1.00215e-10 1.00219e-10
TCTCC 1e-10 1.00269e-10 1e-10 1e-10 1e-10 1e-10 1.00319e-10 1e-10 1.00234e-10 1.00219e-10
TCTTA 1e-10 1.00269e-10 1e-10 1e-10 1e-10 1e-10 1.00319e-10 1e-10 1.00215e-10 1.00219e-10
TTTCA 1e-10 1.00269e-10 1e-10 0.00101506 1e-10 0.0411525 1.00319e-10 1.00011e-10 1.00215e-10 1.0025e-10
TTCCA 1e-10 1.00269e-10 1e-10 1e-10 1e-10 1e-10 1.00319e-10 0.0572317 1.00215e-10 0.129396
TCTTC 1e-10 1.00269e-10 1e-10 1e-10 1e-10 1e-10 1.00319e-10 1e-10 1.00215e-10 1.00219e-10
CCTCA 1e-10 1.00269e-10 1e-10 1e-10 1e-10 1e-10 0.0933625 1e-10 1.00215e-10 1.00219e-10
XXXXX 1e-10 1.00269e-10 1e-10 1e-10 1e-10 1e-10 1.00319e-10 1e-10 1.00234e-10 1.00219e-10
