Final BIC 608.414
TTTTA 0.9966 0.999964 0.999591 0.994955 0.970827 0.943811 0.639572 0.834434 0.890417 0.736085
TTTCA 1e-10 1e-10 1e-10 0.00101177 0.0251744 0.0408426 1e-10 0.0147815 1.00017e-10 0.0174204
CTTTA 1e-10 1e-10 1e-10 1e-10 1e-10 1e-10 0.0477098 1e-10 1e-10 1e-10
TTTCC 1e-10 3.59563e-05 1e-10 1e-10 1e-10 1e-10 1e-10 1.0047e-10 1e-10 1e-10
CCCTA 0.00340014 1e-10 1e-10 1e-10 1e-10 1e-10 1e-10 1.0047e-10 1.00017e-10 1.00414e-10
TCTTA 1e-10 1e-10 1e-10 1e-10 0.00399826 1e-10 1e-10 1e-10 1.00671e-10 1.00602e-10
CCCCA 1e-10 1e-10 1e-10 1e-10 1e-10 1e-10 1e-10 1.00961e-10 1e-10 1e-10
TTTTC 1e-10 1e-10 1e-10 1e-10 1e-10 1e-10 1e-10 1.0047e-10 0.109583 1.0077e-10
TTCCA 1e-10 1e-10 1e-10 1e-10 1e-10 1e-10 1e-10 0.0470158 1e-10 0.112097
TCCCA 1e-10 1e-10 1e-10 1e-10 1e-10 1e-10 1e-10 1e-10 1.00017e-10 1e-10
CTTCA 1e-10 1e-10 0.000409212 1e-10 1e-10 0.0153464 0.0617557 1e-10 1.00017e-10 1.00602e-10
TTCTC 1e-10 1e-10 1e-10 1e-10 1e-10 1e-10 1e-10 1.0047e-10 1.00017e-10 1e-10
TCCCC 1e-10 1e-10 1e-10 1e-10 1e-10 1.00303e-10 1e-10 1.0047e-10 1.00017e-10 1.00414e-10
TTCTA 1e-10 1e-10 1e-10 1e-10 1e-10 1.00303e-10 1e-10 1.0047e-10 1.00671e-10 1e-10
CTTTC 1e-10 1e-10 1e-10 1e-10 1e-10 1e-10 1e-10 1.0047e-10 1e-10 1e-10
TCTTC 1e-10 1e-10 1e-10 1e-10 1e-10 1e-10 1e-10 1.00541e-10 1.00017e-10 1e-10
CTCCA 1e-10 1e-10 1e-10 1e-10 1e-10 1e-10 0.0492852 1.0047e-10 1.00017e-10 1.00602e-10
TCTCA 1e-10 1e-10 1e-10 1e-10 1e-10 1e-10 0.146867 0.0933723 1.00017e-10 0.122163
CCTTA 1e-10 1e-10 1e-10 1e-10 1e-10 1.00314e-10 1e-10 1.0047e-10 1e-10 1.00602e-10
TCCTA 1e-10 1e-10 1e-10 1e-10 1e-10 1e-10 1e-10 0.0103966 1.00385e-10 0.0122356
CTTCC 1e-10 1e-10 1e-10 1e-10 1e-10 1e-10 1e-10 1.0047e-10 1.00017e-10 1e-10
CCTCC 1e-10 1e-10 1e-10 1e-10 1e-10 1e-10 1e-10 1.0047e-10 1e-10 1e-10
TTCCC 1e-10 1e-10 1e-10 1e-10 1e-10 1.00303e-10 1e-10 1e-10 1e-10 1.00414e-10
CCTCA 1e-10 1e-10 1e-10 0.00403359 1e-10 1e-10 0.05481 1.0047e-10 1e-10 1.00414e-10
TCCTC 1e-10 1e-10 1e-10 1e-10 1e-10 1e-10 1e-10 1.0047e-10 1.00017e-10 1.00602e-10
XXXXX 1e-10 1e-10 1e-10 1e-10 1e-10 1e-10 1e-10 1.0047e-10 1.00017e-10 1e-10
