Final BIC 607.442
TTTTC 1e-10 1e-10 1e-10 1.0002e-10 1e-10 1e-10 1e-10 1e-10 0.109544 1e-10
TTTTA 0.996517 1 1 0.998984 0.974711 0.943893 0.640329 0.833698 0.890456 0.738238
TCCCA 1e-10 1e-10 1e-10 1e-10 1e-10 1e-10 1e-10 0.00345133 1.00001e-10 1e-10
TCCTA 1e-10 1e-10 1e-10 1.0002e-10 1e-10 1.00001e-10 1e-10 1e-10 1e-10 0.00436208
TCTCA 1e-10 1e-10 1e-10 1e-10 1e-10 1.00001e-10 0.145918 0.106088 1.00001e-10 0.12773
TTCTA 1e-10 1e-10 1e-10 1.00067e-10 1e-10 1.00001e-10 1e-10 1e-10 1e-10 1e-10
TTCCA 1e-10 1e-10 1e-10 1.0002e-10 1e-10 1.00001e-10 1e-10 0.0567631 1.00001e-10 0.128289
CTCCA 1e-10 1e-10 1e-10 1e-10 1e-10 1e-10 0.0643959 1e-10 1.00001e-10 1e-10
TCTTA 1e-10 1e-10 1e-10 1.0002e-10 1e-10 1.00001e-10 1.00013e-10 1e-10 1.00001e-10 1e-10
TTTCA 1e-10 1e-10 1e-10 0.00101602 0.0252892 0.0406813 1.00013e-10 1e-10 1.00001e-10 1e-10
TCCTC 1e-10 1e-10 1e-10 1.00067e-10 1e-10 1e-10 1e-10 1e-10 1.00001e-10 1e-10
CCCCA 1e-10 1e-10 1e-10 1e-10 1e-10 1.00001e-10 1.00013e-10 1e-10 1.00001e-10 1e-10
TTTCC 1e-10 1e-10 1e-10 1.00067e-10 1e-10 1.00001e-10 1e-10 1e-10 1.00001e-10 1e-10
CTTTC 1e-10 1e-10 1e-10 1.0002e-10 1e-10 1e-10 1e-10 1e-10 1.00001e-10 1e-10
TCCCC 1e-10 1e-10 1e-10 1e-10 1e-10 1.00001e-10 1e-10 1e-10 1.00001e-10 1e-10
CTTCA 1e-10 1e-10 1e-10 1.00067e-10 1e-10 0.0154256 0.0519051 1e-10 1.00001e-10 1e-10
CTTTA 1e-10 1e-10 1e-10 1e-10 1e-10 1.00001e-10 0.046477 1e-10 1e-10 1e-10
TCTCC 1e-10 1e-10 1e-10 1e-10 1e-10 1.00001e-10 1e-10 1e-10 1.00001e-10 1e-10
CCTTA 1e-10 1e-10 1e-10 1.0002e-10 1.00156e-10 1.00001e-10 1e-10 1e-10 1.00001e-10 1e-10
CCTCA 1e-10 1e-10 1e-10 1e-10 1e-10 1.00001e-10 0.0509753 1e-10 1.00001e-10 1e-10
CCTTC 1e-10 1e-10 1e-10 1e-10 1e-10 1.00001e-10 1e-10 1e-10 1.00001e-10 1e-10
XXXXX 0.00348255 1e-10 1e-10 1e-10 1e-10 1e-10 1e-10 1e-10 1.00001e-10 0.00138051
