Final BIC 607.346
TCCCC 1e-10 1e-10 1e-10 1e-10 1e-10 1e-10 1e-10 1e-10 1.00059e-10 1e-10
CTCCA 1e-10 1e-10 1e-10 1e-10 1e-10 1e-10 0.089787 1e-10 1e-10 1e-10
TTTTC 1e-10 1e-10 1e-10 1e-10 1e-10 1e-10 1e-10 1e-10 0.109572 1e-10
TTTTA 0.999595 1 1 0.998982 0.974287 0.941956 0.640344 0.836579 0.890428 0.738676
TTTCA 1e-10 1e-10 1e-10 0.0010179 0.0252629 0.0404889 1e-10 1e-10 1e-10 1.00017e-10
TCCTA 1e-10 1e-10 1e-10 1e-10 1e-10 1e-10 1e-10 1e-10 1e-10 0.00451765
CTTTA 1e-10 1e-10 1e-10 1e-10 1e-10 1e-10 0.0465258 1e-10 1e-10 1e-10
CTTCA 1e-10 1e-10 1e-10 1e-10 1e-10 0.0154728 0.0774066 1e-10 1e-10 1e-10
TTCCA 1e-10 1e-10 1e-10 1e-10 1e-10 1e-10 1e-10 0.0568206 1e-10 0.128966
TCTTC 1e-10 1e-10 1e-10 1e-10 1e-10 1e-10 1e-10 1e-10 1e-10 1e-10
TCTTA 1e-10 1e-10 1e-10 1e-10 1e-10 1e-10 1e-10 1e-10 1e-10 1e-10
TTTCC 1e-10 1e-10 1e-10 1e-10 1e-10 1e-10 1e-10 1e-10 1e-10 1e-10
CTTTC 1e-10 1e-10 1e-10 1e-10 1.00241e-10 1e-10 1e-10 1e-10 1e-10 1e-10
TCCCA 1e-10 1e-10 1e-10 1e-10 1e-10 1e-10 1e-10 1e-10 1e-10 1.00078e-10
TTCTA 1e-10 1e-10 1e-10 1e-10 1e-10 1e-10 1e-10 1e-10 1e-10 1e-10
TCTCA 1e-10 1e-10 1e-10 1e-10 1e-10 1e-10 0.145937 0.1066 1e-10 0.127143
CTTCC 1e-10 1e-10 1e-10 1e-10 1e-10 1e-10 1e-10 1e-10 1e-10 1e-10
TCCTC 0.000404972 1e-10 1e-10 1e-10 1e-10 0.00208248 1e-10 1e-10 1e-10 0.000697036
CTCTA 1e-10 1e-10 1e-10 1e-10 1e-10 1e-10 1e-10 1e-10 1e-10 1e-10
XXXXX 1e-10 1e-10 1e-10 1e-10 0.000449651 1e-10 1e-10 1e-10 1e-10 1e-10
