Final BIC 607.295
TTTTC 1e-10 1e-10 0.000528326 1e-10 1e-10 1e-10 1.00004e-10 1e-10 0.109285 1e-10
TTTTA 1 1 0.999472 0.997089 0.974066 0.943952 0.640357 0.836535 0.888354 0.735854
TCCCA 1e-10 1e-10 1e-10 1e-10 1e-10 1e-10 1.0001e-10 1e-10 1e-10 1e-10
CCCCA 1e-10 1e-10 1e-10 1e-10 0.000680656 1e-10 1.00008e-10 1e-10 1e-10 1e-10
CTTCA 1e-10 1e-10 1e-10 1e-10 1e-10 0.0155316 0.0655362 1e-10 1e-10 1e-10
TTTCC 1e-10 1e-10 1e-10 1e-10 1e-10 1e-10 1.00004e-10 1e-10 0.00236068 1e-10
TTCCA 1e-10 1e-10 1e-10 1e-10 1e-10 1e-10 1e-10 0.0571033 1e-10 0.128449
CTTTA 1e-10 1e-10 1e-10 1e-10 1e-10 1.00058e-10 0.0464782 1e-10 1e-10 1e-10
TCTCA 1e-10 1e-10 1e-10 1e-10 1e-10 1e-10 0.145931 0.106362 1e-10 0.126597
TCTTA 1e-10 1e-10 1e-10 1e-10 1e-10 1e-10 1e-10 1e-10 1e-10 1e-10
CCTTA 1e-10 1e-10 1e-10 1e-10 1e-10 1e-10 1.0001e-10 1e-10 1e-10 1e-10
CTCCA 1e-10 1e-10 1e-10 1e-10 1e-10 1e-10 0.0410965 1e-10 1e-10 1e-10
TCCCC 1e-10 1e-10 1e-10 1e-10 1e-10 1e-10 1.00004e-10 1e-10 1e-10 1e-10
CCTCA 1e-10 1e-10 1e-10 1e-10 1e-10 1e-10 0.0606017 1e-10 1e-10 1e-10
TCCTA 1e-10 1e-10 1e-10 0.00189667 1e-10 1e-10 1.00004e-10 1e-10 1e-10 0.00458838
CTTTC 1e-10 1e-10 1e-10 1e-10 1e-10 1e-10 1.00004e-10 1e-10 1e-10 1e-10
TTTCA 1e-10 1e-10 1e-10 0.00101403 0.0252534 0.0405168 1e-10 1e-10 1e-10 1e-10
CCCCC 1e-10 1e-10 1e-10 1e-10 1e-10 1e-10 1.00004e-10 1e-10 1e-10 0.00451154
XXXXX 1e-10 1e-10 1e-10 1e-10 1e-10 1e-10 1.00004e-10 1e-10 1e-10 1e-10
