Final BIC 607.442
TCCCA 1e-10 1e-10 1e-10 1e-10 1e-10 1e-10 1.00004e-10 1.00074e-10 1e-10 1.00084e-10
TCCTA 1e-10 1e-10 1e-10 1e-10 1e-10 1e-10 1.00004e-10 1.00074e-10 1.00118e-10 0.00452334
TTTCA 1e-10 1e-10 1e-10 0.00101289 0.0252712 0.0405434 1.00004e-10 1.00074e-10 1e-10 1.00061e-10
TTTTA 1 1 1 0.995165 0.974729 0.943938 0.640331 0.837185 0.890461 0.739092
CTTTA 1e-10 1e-10 1e-10 1e-10 1e-10 1e-10 0.0465716 1.00074e-10 1e-10 1.00061e-10
TTTTC 1e-10 1e-10 1e-10 1.00007e-10 1e-10 1e-10 1.00004e-10 1.00074e-10 0.109539 1.00061e-10
TCTTA 1e-10 1e-10 1e-10 1e-10 1e-10 1e-10 1.00004e-10 1.00074e-10 1e-10 1.00057e-10
TTTCC 1e-10 1e-10 1e-10 1e-10 1e-10 1e-10 1.00004e-10 1.00074e-10 1.00118e-10 1.00061e-10
TCTCC 1e-10 1e-10 1e-10 1e-10 1e-10 1e-10 1.00004e-10 1.00074e-10 1.00118e-10 1.00061e-10
TTCCA 1e-10 1e-10 1e-10 1e-10 1e-10 1e-10 1.00004e-10 0.0558914 1e-10 0.128782
TCTCA 1e-10 1e-10 1e-10 1e-10 1e-10 1e-10 0.146106 0.106924 1e-10 0.127602
TTCCC 1e-10 1e-10 1e-10 1e-10 1e-10 1e-10 1.00004e-10 1.00074e-10 1e-10 1.00061e-10
CCCCA 1e-10 1e-10 1e-10 1e-10 1e-10 1e-10 1.00004e-10 1.00074e-10 1e-10 1.00061e-10
CTTCA 1e-10 1e-10 1e-10 1e-10 1e-10 0.0155182 0.0995445 1.00074e-10 1e-10 1.00061e-10
CCCTA 1e-10 1e-10 1e-10 1e-10 1e-10 1e-10 1.00004e-10 1.00074e-10 1e-10 1.00057e-10
CTTTC 1e-10 1e-10 1e-10 1e-10 1e-10 1e-10 1e-10 1.00074e-10 1e-10 1.00061e-10
TTCTC 1e-10 1e-10 1e-10 0.00382228 1e-10 1e-10 1.00004e-10 1.00074e-10 1e-10 1.00061e-10
CTCCA 1e-10 1e-10 1e-10 1e-10 1e-10 1e-10 0.0674471 1.00074e-10 1e-10 1.00057e-10
TTCTA 1e-10 1e-10 1e-10 1e-10 1e-10 1e-10 1.00004e-10 1.00074e-10 1e-10 1.00057e-10
TCCTC 1e-10 1e-10 1e-10 1e-10 1e-10 1e-10 1.00004e-10 1.00074e-10 1.01491e-10 1.00061e-10
CTCTA 1e-10 1e-10 1e-10 1e-10 1e-10 1e-10 1.00004e-10 1.00074e-10 1e-10 1.00061e-10
XXXXX 1e-10 1e-10 1e-10 1e-10 1e-10 1e-10 1.00004e-10 1.00074e-10 1e-10 1.00061e-10
