Final BIC 607.295
TTTTA 0.998192 1 1 0.994316 0.971643 0.94394 0.6387 0.836499 0.890462 0.739204
TTTCA 1e-10 1e-10 1.00477e-10 0.00101137 0.0251924 0.0405401 1e-10 1.00109e-10 1e-10 1e-10
TCTTA 1e-10 1e-10 1.00477e-10 1e-10 1e-10 1e-10 1e-10 1e-10 1e-10 1e-10
CTTCA 1e-10 1e-10 1.00477e-10 1e-10 1e-10 0.0155201 0.0998501 1e-10 1e-10 1e-10
CTTTA 1e-10 1e-10 1.00477e-10 1e-10 1e-10 1e-10 0.0461571 1.00093e-10 1e-10 1e-10
TTTCC 1e-10 1e-10 1.00477e-10 1e-10 1e-10 1e-10 1e-10 1e-10 1e-10 1e-10
TCCCA 1e-10 1e-10 1.00477e-10 1e-10 1e-10 1e-10 1e-10 1.00093e-10 1e-10 1e-10
TTCTA 1e-10 1e-10 1.00477e-10 1e-10 1e-10 1e-10 1e-10 1.00093e-10 1e-10 1e-10
TCTCA 1e-10 1e-10 1.00477e-10 1e-10 1e-10 1e-10 0.145333 0.10642 1e-10 0.127532
TCCTC 0.00180842 1e-10 1.00477e-10 1e-10 1e-10 1e-10 1e-10 1e-10 1e-10 1e-10
TCCCC 1e-10 1e-10 1.00477e-10 1e-10 1e-10 1e-10 1e-10 1.00093e-10 1e-10 1e-10
TTCCA 1e-10 1e-10 1.00477e-10 1e-10 1e-10 1e-10 1e-10 0.0570807 1e-10 0.128784
CCCCA 1e-10 1e-10 1.00477e-10 1e-10 1e-10 1e-10 1e-10 1e-10 1e-10 1e-10
TCCTA 1e-10 1e-10 1.00477e-10 1e-10 0.00316481 1e-10 0.00281416 1e-10 1e-10 0.00448082
TTTTC 1e-10 1e-10 1.00477e-10 1e-10 1e-10 1e-10 1e-10 1e-10 0.109538 1e-10
CTCCA 1e-10 1e-10 1.00477e-10 1e-10 1e-10 1e-10 0.0671461 1.00093e-10 1e-10 1e-10
CCTTA 1e-10 1e-10 1.00477e-10 1e-10 1e-10 1e-10 1e-10 1e-10 1e-10 1e-10
CTCTA 1e-10 1e-10 1.00477e-10 1e-10 1e-10 1e-10 1e-10 1.00093e-10 1e-10 1e-10
XXXXX 1e-10 1e-10 1.00477e-10 0.00467227 1e-10 1e-10 1e-10 1e-10 1e-10 1e-10
