Final BIC 607.442
TCTTA 1e-10 1e-10 1e-10 1e-10 1e-10 1e-10 1e-10 1e-10 1e-10 1e-10
TTCCA 1e-10 1e-10 1e-10 1e-10 1e-10 1e-10 1e-10 0.0579131 1e-10 0.128575
TTTTC 1e-10 1e-10 1e-10 1e-10 1e-10 1e-10 1e-10 1e-10 0.10955 1e-10
TTTTA 0.995385 0.99793 1 0.996787 0.974732 0.944002 0.638178 0.835404 0.89045 0.738674
TTTCA 1e-10 1e-10 1e-10 0.00101383 0.0252676 0.0404144 1e-10 1e-10 1e-10 1e-10
TCCCA 1e-10 1e-10 1e-10 1e-10 1.00029e-10 1e-10 1e-10 1e-10 1e-10 1e-10
CTTTA 1e-10 1e-10 1e-10 1e-10 1e-10 1e-10 0.0498378 1e-10 1e-10 1e-10
TCCTA 1e-10 1e-10 1e-10 1e-10 1e-10 1e-10 1e-10 1e-10 1e-10 0.0043757
CCTTA 1e-10 1e-10 1e-10 1e-10 1.00028e-10 1.00034e-10 1e-10 1e-10 1e-10 1e-10
TTCCC 1e-10 0.00207041 1e-10 1e-10 1.00029e-10 1e-10 1e-10 1e-10 1e-10 1e-10
CCCCA 1e-10 1e-10 1e-10 1e-10 1e-10 1e-10 1e-10 1e-10 1e-10 1e-10
TCCTC 1e-10 1e-10 1e-10 1e-10 1.00029e-10 1e-10 1e-10 1e-10 1e-10 1e-10
TTCTA 1e-10 1e-10 1e-10 1e-10 1e-10 1e-10 1e-10 1e-10 1e-10 1e-10
CTTTC 0.00461483 1e-10 1e-10 1e-10 1e-10 1e-10 1e-10 1e-10 1e-10 1e-10
TCTCA 1e-10 1e-10 1e-10 1e-10 1.00029e-10 1e-10 0.145458 0.106682 1e-10 0.127573
CTCTC 1e-10 1e-10 1e-10 1e-10 1e-10 1e-10 1e-10 1e-10 1e-10 1e-10
TCTTC 1e-10 1e-10 1e-10 1e-10 1e-10 1e-10 1e-10 1e-10 1e-10 1e-10
CTTCA 1e-10 1e-10 1e-10 1e-10 1e-10 0.0155834 0.166527 1e-10 1e-10 1e-10
CCCCC 1e-10 1e-10 1e-10 1e-10 1.00029e-10 1e-10 1e-10 1e-10 1e-10 1e-10
TTCTC 1e-10 1e-10 1e-10 1e-10 1e-10 1e-10 1e-10 1e-10 1e-10 0.000803229
TTTCC 1e-10 1e-10 1e-10 0.0021996 1.00029e-10 1e-10 1e-10 1e-10 1e-10 1e-10
XXXXX 1e-10 1e-10 1e-10 1e-10 1e-10 1e-10 1e-10 1e-10 1e-10 1e-10
