Final BIC 610.972
TTCCA 1e-10 1e-10 1e-10 1e-10 1.00726e-10 1.00442e-10 1.01503e-10 0.0632416 1e-10 0.13574
TTTTA 0.999175 1 1 0.998378 0.974742 0.935694 0.622627 0.82175 0.886508 0.737932
CTTCA 1e-10 1e-10 1e-10 1e-10 1e-10 0.00674788 0.0432294 1.00172e-10 1e-10 1.00256e-10
TCCCA 1e-10 1e-10 1e-10 1.00007e-10 1.00244e-10 1e-10 1.01503e-10 1e-10 1e-10 1.00617e-10
TTCTA 1e-10 1e-10 1e-10 1e-10 1.00909e-10 1.0007e-10 1.00862e-10 1.02201e-10 1e-10 1.00413e-10
CCCCA 1e-10 1e-10 1e-10 1.00007e-10 1.00909e-10 1e-10 1.00316e-10 1.01709e-10 1e-10 1.00413e-10
TTTCA 1e-10 1e-10 1e-10 0.00145516 0.0252581 0.0508627 0.0148192 0.0172349 1e-10 1.00413e-10
TCTTA 1e-10 1e-10 1e-10 1e-10 1.00909e-10 1e-10 1e-10 0.0230192 1e-10 0.0047524
TTTTC 1e-10 1e-10 1e-10 1.00007e-10 1.00726e-10 1.0007e-10 1e-10 1e-10 0.108874 0.000330309
CCTTA 1e-10 1e-10 1e-10 1.00007e-10 1.00909e-10 1.0007e-10 1.00316e-10 1.02201e-10 1e-10 1e-10
TCTTC 1e-10 1e-10 1e-10 1.00007e-10 1.00909e-10 1e-10 1e-10 1.00721e-10 1e-10 1.00413e-10
TCCTC 1e-10 1e-10 1e-10 1e-10 1.00909e-10 1e-10 1.01503e-10 1.00521e-10 1e-10 1.00577e-10
TCTCA 1e-10 1e-10 1e-10 1e-10 1.00909e-10 1.0007e-10 0.144575 0.0701891 1e-10 0.116835
CCTCA 1e-10 1e-10 1e-10 1e-10 1.00909e-10 1.00654e-10 0.0397095 1e-10 1e-10 1.00252e-10
TCTCC 1e-10 1e-10 1e-10 1e-10 1e-10 1.0007e-10 1.00862e-10 1.00172e-10 1e-10 1.00256e-10
CTCCA 1e-10 1e-10 1e-10 1e-10 1.00244e-10 1e-10 0.0645165 1.01709e-10 1e-10 1.00252e-10
CCCCC 1e-10 1e-10 1e-10 1.00007e-10 1.00726e-10 1e-10 0.00491072 1.00721e-10 1e-10 1.00252e-10
CTTTA 1e-10 1e-10 1e-10 1e-10 1.00726e-10 0.0066953 0.065613 1.00172e-10 1e-10 1e-10
TTCCC 0.000825092 1e-10 1e-10 1.00007e-10 1.00909e-10 1.0007e-10 1.01503e-10 1.00172e-10 1e-10 1.00439e-10
CTCTA 1e-10 1e-10 1e-10 1.00007e-10 1e-10 1e-10 1.01503e-10 1e-10 0.00461773 1.00256e-10
CCCTA 1e-10 1e-10 1e-10 1e-10 1.00726e-10 1e-10 1e-10 1e-10 1e-10 1.00617e-10
TCCTA 1e-10 1e-10 1e-10 1e-10 1.00726e-10 1.0007e-10 1.01503e-10 0.00456508 1e-10 0.00441138
CTTCC 1e-10 1e-10 1e-10 1e-10 1.00726e-10 1.0007e-10 1.00316e-10 1e-10 1e-10 1.00252e-10
TTTCC 1e-10 1e-10 1e-10 0.000167098 1.00726e-10 1e-10 1.00316e-10 1.00172e-10 1e-10 1.00413e-10
TCCCC 1e-10 1e-10 1e-10 1e-10 1.0107e-10 1e-10 1.01503e-10 1e-10 1e-10 1.00413e-10
XXXXX 1e-10 1e-10 1e-10 1e-10 1.00909e-10 1e-10 1e-10 1.02201e-10 1e-10 1.00413e-10
