Final BIC 607.346
TTTTA 1 1 0.998768 0.997879 0.971206 0.941601 0.637959 0.832453 0.890475 0.739192
TCCCA 1e-10 1e-10 1e-10 1e-10 1e-10 1e-10 0.00392835 1e-10 1e-10 1e-10
TCTTA 1e-10 1e-10 1e-10 1e-10 1e-10 1e-10 1e-10 1e-10 1e-10 1e-10
CTTTA 1e-10 1e-10 1e-10 1e-10 1e-10 1e-10 0.0461202 1e-10 1e-10 1e-10
CCCCA 1e-10 1e-10 1e-10 1e-10 1e-10 1e-10 1e-10 0.00488159 1e-10 1e-10
TTCCA 1e-10 1e-10 1e-10 1e-10 1e-10 1e-10 1e-10 0.0564782 1e-10 0.128837
TCTCA 1e-10 1e-10 1e-10 1e-10 1e-10 1e-10 0.145259 0.106187 1e-10 0.127384
TTTTC 1e-10 1e-10 1e-10 1e-10 1e-10 0.00253065 1e-10 1e-10 0.109525 1e-10
TCCCC 1e-10 1e-10 0.001232 1e-10 1e-10 1e-10 1e-10 1e-10 1e-10 1e-10
TCCTC 1e-10 1e-10 1e-10 1e-10 1e-10 1e-10 1e-10 1e-10 1e-10 1e-10
CTTCA 1e-10 1e-10 1e-10 1e-10 1e-10 0.0155363 0.0631039 1e-10 1e-10 1e-10
CTCCA 1e-10 1e-10 1e-10 0.00110665 1e-10 1e-10 0.0586977 1e-10 1e-10 1e-10
TTTCA 1e-10 1e-10 1e-10 0.00101464 0.0251812 0.0403317 1e-10 1e-10 1e-10 1e-10
TTCTA 1e-10 1e-10 1e-10 1e-10 1e-10 1e-10 1e-10 1e-10 1e-10 1e-10
CTTTC 1e-10 1e-10 1e-10 1e-10 1e-10 1e-10 1e-10 1e-10 1e-10 1e-10
TCCTA 1e-10 1e-10 1e-10 1e-10 1e-10 1e-10 1e-10 1e-10 1e-10 0.00458637
TCTCC 1e-10 1e-10 1e-10 1e-10 1e-10 1e-10 1e-10 1e-10 1e-10 1e-10
CCTCA 1e-10 1e-10 1e-10 1e-10 0.00361277 1e-10 0.0449316 1e-10 1e-10 1e-10
CTTCC 1e-10 1e-10 1e-10 1e-10 1e-10 1e-10 1e-10 1e-10 1e-10 1e-10
XXXXX 1e-10 1e-10 1e-10 1e-10 1e-10 1e-10 1e-10 1e-10 1e-10 1e-10
