Final BIC 607.905
TTTCA 1e-10 1e-10 1e-10 0.000859848 0.0220433 0.0407485 1.0002e-10 1e-10 1.00218e-10 0.0125345
TTTTA 0.99509 1 0.998338 0.99862 0.977957 0.940214 0.640205 0.834515 0.888394 0.73533
TCTCA 1e-10 1e-10 1e-10 1e-10 1e-10 1e-10 0.146223 0.105855 1e-10 0.120677
TCCCA 1e-10 1e-10 1e-10 1e-10 1e-10 1e-10 1.00028e-10 1e-10 1e-10 0.00198139
TTTTC 1e-10 1e-10 1e-10 1e-10 1.00355e-10 1e-10 1e-10 1e-10 0.11097 1e-10
CTTTA 0.00490979 1e-10 1e-10 1e-10 1.00355e-10 1e-10 0.046741 1e-10 1.00218e-10 1e-10
CTCCA 1e-10 1e-10 1e-10 1e-10 1e-10 0.00378412 0.0738247 1e-10 1e-10 1e-10
TTTCC 1e-10 1e-10 1e-10 1e-10 1.00339e-10 1e-10 1.0002e-10 1e-10 1.00218e-10 1.00106e-10
TCCTA 1e-10 1e-10 1e-10 1e-10 1e-10 1e-10 1.0002e-10 1e-10 1.00218e-10 0.0108254
CTTCA 1e-10 1e-10 1e-10 1e-10 1e-10 0.0152532 0.0436588 1e-10 1.00218e-10 1.002e-10
TTCCA 1e-10 1e-10 1e-10 1e-10 1.00355e-10 1e-10 1.00028e-10 0.057317 1.00218e-10 0.118652
TTCCC 1e-10 1e-10 1e-10 1e-10 1e-10 1e-10 1.0002e-10 1e-10 1.00218e-10 1e-10
TTCTA 1e-10 1e-10 1e-10 1e-10 1.00355e-10 1e-10 1.00028e-10 1e-10 1.00218e-10 1e-10
TCTTA 1e-10 1e-10 1e-10 1e-10 1e-10 1e-10 1.0002e-10 1e-10 1.00218e-10 1.002e-10
TCCCC 1e-10 1e-10 0.00166203 1e-10 1e-10 1e-10 1.0002e-10 1e-10 1.00218e-10 1e-10
CTTTC 1e-10 1e-10 1e-10 1e-10 1e-10 1e-10 1e-10 1e-10 1.00218e-10 1.00106e-10
CCTTC 1e-10 1e-10 1e-10 1e-10 1e-10 1e-10 1.0002e-10 1e-10 0.000636155 1.002e-10
CCCTA 1e-10 1e-10 1e-10 1e-10 1.00355e-10 1e-10 1e-10 0.00231253 1.00218e-10 1e-10
CCTTA 1e-10 1e-10 1e-10 1e-10 1.00355e-10 1e-10 1.0002e-10 1e-10 1.00218e-10 1e-10
CCCCA 1e-10 1e-10 1e-10 1e-10 1e-10 1e-10 1.0002e-10 1e-10 1.00218e-10 1e-10
CTCTC 1e-10 1e-10 1e-10 0.000520609 1e-10 1e-10 1.0002e-10 1e-10 1e-10 1.00106e-10
TCTCC 1e-10 1e-10 1e-10 1e-10 1e-10 1e-10 1e-10 1e-10 1.00218e-10 1e-10
CCTCA 1e-10 1e-10 1e-10 1e-10 1e-10 1e-10 0.0493473 1e-10 1e-10 1.002e-10
TTCTC 1e-10 1e-10 1e-10 1e-10 1e-10 1e-10 1e-10 1e-10 1.00218e-10 1.00187e-10
XXXXX 1e-10 1e-10 1e-10 1e-10 1.00355e-10 1e-10 1e-10 1e-10 1.00218e-10 1e-10
