Final BIC 607.442
CCCCA 1e-10 1e-10 1e-10 1e-10 1e-10 1e-10 1e-10 1.0014e-10 1e-10 1e-10
TTTTA 0.998439 1 1 0.998984 0.974733 0.943976 0.640361 0.837657 0.886135 0.738629
TCTTA 1e-10 1e-10 1e-10 1e-10 1.00001e-10 1e-10 1.00004e-10 1.0014e-10 1e-10 1e-10
TCTCA 1e-10 1e-10 1e-10 1e-10 1.00001e-10 1e-10 0.145982 0.106756 1e-10 0.126762
TTTCA 1e-10 1e-10 1e-10 0.00101627 0.0252672 0.0404597 1.00004e-10 1.0014e-10 1e-10 1e-10
CTTCA 1e-10 1e-10 1e-10 1e-10 1.00001e-10 0.0155646 0.0787222 1.0014e-10 1e-10 0.000803978
CTTTA 1e-10 1e-10 1e-10 1e-10 1.00001e-10 1e-10 0.0465032 1.0014e-10 1e-10 1e-10
TTTCC 1e-10 1e-10 1e-10 1e-10 1.00001e-10 1e-10 1e-10 1.0014e-10 1e-10 1e-10
CTTTC 1e-10 1e-10 1e-10 1e-10 1.00001e-10 1e-10 1.00004e-10 1.0014e-10 1e-10 1e-10
TTCTA 1e-10 1e-10 1e-10 1e-10 1.00001e-10 1e-10 1e-10 1.0014e-10 1e-10 1e-10
TCCTA 1e-10 1e-10 1e-10 1e-10 1.00001e-10 1e-10 1.00004e-10 1.00198e-10 1e-10 0.00477001
TTCCA 1e-10 1e-10 1e-10 1e-10 1.00001e-10 1e-10 1e-10 0.0555864 1e-10 0.129035
TTCCC 1e-10 1e-10 1e-10 1e-10 1.00001e-10 1e-10 1e-10 1.0014e-10 1e-10 1e-10
CTCTA 1e-10 1e-10 1e-10 1e-10 1.00001e-10 1e-10 1e-10 1.0014e-10 1e-10 1e-10
CCCCC 1e-10 1e-10 1e-10 1e-10 1.00001e-10 1e-10 1.00004e-10 1.0014e-10 1e-10 1e-10
CTTCC 1e-10 1e-10 1e-10 1e-10 1.00001e-10 1e-10 1.00004e-10 1.0014e-10 0.00485705 1e-10
TCCCC 1e-10 1e-10 1e-10 1e-10 1.00001e-10 1e-10 1.00004e-10 1.0014e-10 1e-10 1e-10
CCTTA 1e-10 1e-10 1e-10 1e-10 1.00001e-10 1e-10 1.00004e-10 1.0014e-10 1e-10 1e-10
CTCCA 1e-10 1e-10 1e-10 1e-10 1.00001e-10 1e-10 0.0884317 1.0014e-10 1e-10 1e-10
CCCTA 1e-10 1e-10 1e-10 1e-10 1.00001e-10 1e-10 1.00004e-10 1.0014e-10 1e-10 1e-10
TTTTC 1e-10 1e-10 1e-10 1e-10 1.00001e-10 1e-10 1e-10 1.0014e-10 0.109008 1e-10
XXXXX 0.00156073 1e-10 1e-10 1e-10 1.00001e-10 1e-10 1e-10 1.0014e-10 1e-10 1e-10
