Final BIC 607.586
TTTTA 0.996106 0.99705 1 0.996916 0.97471 0.943789 0.635896 0.836502 0.888295 0.737001
TCCCA 1e-10 1e-10 1e-10 1e-10 1e-10 1.00477e-10 1e-10 1e-10 1e-10 0.00288266
TCTTC 1e-10 1e-10 1.00184e-10 1e-10 1e-10 1e-10 1e-10 1e-10 1e-10 1e-10
CTTTA 1e-10 1e-10 1e-10 1e-10 1e-10 1.00477e-10 0.0514549 1e-10 1e-10 1e-10
TCCCC 1e-10 1e-10 1e-10 1e-10 1e-10 1e-10 1e-10 1e-10 1e-10 1e-10
TTTCA 1e-10 0.00294983 1e-10 0.00101265 0.0252902 0.0409631 1.0001e-10 1e-10 1e-10 1e-10
CCCCA 1e-10 1e-10 1e-10 1e-10 1e-10 1.00002e-10 1e-10 1e-10 1e-10 1e-10
TTTCC 0.00389373 1e-10 1e-10 1e-10 1.00072e-10 1.01215e-10 1e-10 1e-10 1e-10 1e-10
CTCCA 1e-10 1e-10 1e-10 1e-10 1e-10 1.00477e-10 0.0830539 1e-10 0.00240665 1e-10
TTCCA 1e-10 1e-10 1e-10 1e-10 1e-10 1.00002e-10 1e-10 0.0582337 1e-10 0.128699
CTTCA 1e-10 1e-10 1e-10 1e-10 1e-10 0.0152483 0.0775817 1e-10 1e-10 1e-10
CTCTA 1e-10 1e-10 1e-10 1e-10 1e-10 1e-10 1e-10 1e-10 1e-10 1e-10
TTTTC 1e-10 1e-10 1e-10 1.02153e-10 1e-10 1.00438e-10 1e-10 1e-10 0.109298 1e-10
TCCTA 1e-10 1e-10 1e-10 1e-10 1e-10 1e-10 1e-10 1.01433e-10 1e-10 0.0050461
TCTCA 1e-10 1e-10 1e-10 1e-10 1e-10 1e-10 0.149835 0.105264 1e-10 0.126372
TCTTA 1e-10 1e-10 1e-10 1e-10 1e-10 1e-10 1.0001e-10 1e-10 1e-10 1e-10
CCTTA 1e-10 1e-10 1e-10 1e-10 1e-10 1e-10 1e-10 1e-10 1e-10 1e-10
TTCCC 1e-10 1e-10 1e-10 1e-10 1e-10 1.00002e-10 0.00217895 1e-10 1e-10 1e-10
TTCTA 1e-10 1e-10 1e-10 1e-10 1e-10 1.00002e-10 1e-10 1e-10 1e-10 1e-10
TCCTC 1e-10 1e-10 1.00184e-10 1e-10 1e-10 1.00477e-10 1e-10 1e-10 1e-10 1e-10
CTTTC 1e-10 1e-10 1e-10 1e-10 1e-10 1e-10 1e-10 1e-10 1e-10 1e-10
CTCCC 1e-10 1e-10 1e-10 0.00207107 1e-10 1.00002e-10 1e-10 1e-10 1e-10 1e-10
CCCCC 1e-10 1e-10 1e-10 1e-10 1e-10 1e-10 1e-10 1e-10 1e-10 1e-10
TTCTC 1e-10 1e-10 1e-10 1e-10 1e-10 1e-10 1e-10 1e-10 1e-10 1e-10
XXXXX 1e-10 1e-10 1e-10 1e-10 1e-10 1.00477e-10 1e-10 1e-10 1e-10 1e-10
