Final BIC 607.531
TCCCA 1e-10 1e-10 1e-10 1e-10 1e-10 1e-10 1.00021e-10 1e-10 1e-10 1e-10
TCTTA 1e-10 1e-10 1e-10 1e-10 1.00115e-10 1e-10 1.00021e-10 1e-10 1e-10 1e-10
CTTCA 1e-10 1e-10 1e-10 1e-10 1.00115e-10 0.0155551 0.0613973 1e-10 1e-10 1e-10
TTTTA 0.999385 0.997565 0.996247 0.998984 0.974904 0.939556 0.639825 0.836582 0.88706 0.73849
TCCTA 1e-10 1e-10 1e-10 1e-10 1e-10 1e-10 1.00021e-10 1e-10 1e-10 0.00424093
CTTTA 1e-10 1e-10 1e-10 1e-10 1.00115e-10 1e-10 0.0471007 1e-10 1e-10 1e-10
CCCCA 1e-10 1e-10 1e-10 1e-10 1.00115e-10 1e-10 1.00021e-10 1e-10 1e-10 0.00102515
TTTTC 1e-10 1e-10 1e-10 1e-10 1.00115e-10 1e-10 1e-10 1e-10 0.109203 1e-10
TTCTA 1e-10 1e-10 1e-10 1e-10 1e-10 1e-10 1e-10 1e-10 1e-10 1e-10
TTCCA 1e-10 1e-10 1e-10 1e-10 1e-10 1e-10 1e-10 0.0559538 1e-10 0.127968
TCCCC 1e-10 1e-10 1e-10 1e-10 1.00115e-10 1e-10 1e-10 1e-10 1e-10 1e-10
CTCCA 1e-10 1e-10 1e-10 1e-10 1e-10 1e-10 0.10512 1e-10 1e-10 1e-10
CCTTA 1e-10 1e-10 1e-10 1e-10 1.00115e-10 1e-10 1e-10 1e-10 1e-10 1e-10
TTTCC 1e-10 1e-10 1e-10 1e-10 1.00115e-10 1e-10 1e-10 1e-10 1e-10 1e-10
TTTCA 0.000615149 1e-10 1e-10 0.00101588 0.0250961 0.0401719 1e-10 1e-10 1e-10 1e-10
CCCTA 1e-10 1e-10 1e-10 1e-10 1.00115e-10 1e-10 1e-10 1e-10 1e-10 1e-10
TCTTC 1e-10 1e-10 1e-10 1e-10 1.00115e-10 1e-10 1e-10 1e-10 0.0037375 1e-10
CCCCC 1e-10 1e-10 0.00375315 1e-10 1e-10 0.00471748 1e-10 1e-10 1e-10 1e-10
TCTCC 1e-10 1e-10 1e-10 1e-10 1.00115e-10 1e-10 1e-10 1e-10 1e-10 1e-10
TTCCC 1e-10 1e-10 1e-10 1e-10 1.00115e-10 1e-10 1e-10 1e-10 1e-10 1e-10
TCTCA 1e-10 0.00243545 1e-10 1e-10 1e-10 1e-10 0.146557 0.107464 1e-10 0.128276
TCCTC 1e-10 1e-10 1e-10 1e-10 1e-10 1e-10 1e-10 1e-10 1e-10 1e-10
TTCTC 1e-10 1e-10 1e-10 1e-10 1.00115e-10 1e-10 1e-10 1e-10 1e-10 1e-10
XXXXX 1e-10 1e-10 1e-10 1e-10 1e-10 1e-10 1e-10 1e-10 1e-10 1e-10
