Final BIC 614.518
TCTCC 1e-10 1e-10 1e-10 1.00369e-10 1.00339e-10 1e-10 1e-10 1e-10 1e-10 1.00199e-10
TTTTC 1e-10 1e-10 1e-10 1e-10 1.00831e-10 1e-10 1e-10 1e-10 0.111568 1e-10
TTCCC 1e-10 1e-10 1e-10 1e-10 1.00339e-10 1e-10 1e-10 1e-10 1e-10 1.00234e-10
CTCCA 1e-10 1e-10 1e-10 1e-10 1.00831e-10 1e-10 0.0572787 1e-10 1e-10 1.00003e-10
TTTTA 1 1 1 0.998983 0.976544 0.939692 0.638248 0.834325 0.813012 0.730793
CTTTA 1e-10 1e-10 1e-10 1e-10 1e-10 1e-10 0.0483363 1e-10 0.0754204 1.00236e-10
CCTTA 1e-10 1e-10 1e-10 1e-10 1e-10 1e-10 1e-10 1e-10 1e-10 1.00003e-10
CTCTA 1e-10 1e-10 1e-10 1e-10 1e-10 1e-10 0.00157396 1e-10 1.00182e-10 1e-10
TCCTA 1e-10 1e-10 1e-10 1e-10 1e-10 1e-10 1e-10 1e-10 1e-10 0.000194742
TCCCA 1e-10 1e-10 1e-10 1e-10 1e-10 1e-10 1e-10 1e-10 1e-10 1.00234e-10
TTTCA 1e-10 1e-10 1e-10 0.00101692 0.0225606 0.0402281 1e-10 1e-10 1.00627e-10 0.0150114
TTCCA 1e-10 1e-10 1e-10 1.00374e-10 1.00831e-10 1e-10 1e-10 0.0526241 1e-10 0.106057
TCTTA 1e-10 1e-10 1e-10 1.00369e-10 1.00339e-10 1e-10 1e-10 1e-10 1.00182e-10 1.00234e-10
TTTCC 1e-10 1e-10 1e-10 1e-10 1.00339e-10 1e-10 1e-10 1e-10 1.02439e-10 1.00003e-10
CCCCA 1e-10 1e-10 1e-10 1e-10 1.00339e-10 1e-10 1e-10 1e-10 1e-10 1.00234e-10
CTTCA 1e-10 1e-10 1e-10 1e-10 1.00339e-10 0.0155211 0.0507098 1e-10 1.00182e-10 1e-10
CCTCA 1e-10 1e-10 1e-10 1e-10 1e-10 1e-10 0.0571873 1e-10 1e-10 1.00266e-10
CCCTA 1e-10 1e-10 1e-10 1e-10 1e-10 1e-10 1e-10 1e-10 1e-10 1.00003e-10
TTCTA 1e-10 1e-10 1e-10 1e-10 0.00089549 1e-10 1e-10 7.47676e-05 1.00627e-10 0.0158202
TCCTC 1e-10 1e-10 1e-10 1e-10 1.00353e-10 1e-10 1e-10 1e-10 1e-10 1.00003e-10
CTTCC 1e-10 1e-10 1e-10 1.00369e-10 1.01374e-10 1e-10 1e-10 1e-10 1.02439e-10 1.00003e-10
TCTCA 1e-10 1e-10 1e-10 1e-10 1.00339e-10 0.00455831 0.146666 0.112976 1.02439e-10 0.132124
CCCCC 1e-10 1e-10 1e-10 1e-10 1.0041e-10 1e-10 1e-10 1e-10 1.01459e-10 1e-10
TCTTC 1e-10 1e-10 1e-10 1e-10 1.00339e-10 1e-10 1e-10 1e-10 1e-10 1.00199e-10
TTCTC 1e-10 1e-10 1e-10 1e-10 1.00353e-10 1e-10 1e-10 1e-10 1e-10 1.00003e-10
CCTCC 1e-10 1e-10 1e-10 1.00374e-10 1.00339e-10 1e-10 1e-10 1e-10 1e-10 1.00003e-10
XXXXX 1e-10 1e-10 1e-10 1e-10 1.00339e-10 1e-10 1e-10 1e-10 1.01348e-10 1e-10
