Final BIC 608.736
TTTTA 1 0.999892 1 0.998984 0.975567 0.9429 0.640932 0.835131 0.881652 0.739084
TCCCA 1.00419e-10 1e-10 1e-10 1e-10 1.00814e-10 1e-10 1.00138e-10 1e-10 1e-10 1e-10
TTTCA 1.00419e-10 1e-10 1e-10 0.0010161 0.0244326 0.0411018 1.00138e-10 1e-10 1e-10 1e-10
TTCTA 1.00419e-10 1e-10 1e-10 1e-10 1.00205e-10 1e-10 1.00138e-10 1e-10 1e-10 1.00016e-10
TTTCC 1.00419e-10 1e-10 1e-10 1e-10 1.00205e-10 1e-10 1.00138e-10 1e-10 1e-10 1e-10
TCCTA 1.00419e-10 1e-10 1e-10 1e-10 1e-10 1e-10 1.00138e-10 1.00437e-10 1e-10 0.00493794
TTCCA 1.00419e-10 1e-10 1e-10 1e-10 1.00205e-10 1e-10 1.00138e-10 0.0564529 1e-10 0.128973
TCTTC 1.00419e-10 1e-10 1e-10 1e-10 1.00401e-10 1e-10 1.00138e-10 1e-10 1.01283e-10 1e-10
TCTCA 1.00419e-10 1e-10 1e-10 1e-10 1.00401e-10 1e-10 0.146708 0.106629 1.00259e-10 0.127006
CTTTA 1.00419e-10 1e-10 1e-10 1e-10 1.01433e-10 1e-10 0.0469949 1e-10 0.00819802 1e-10
TCTTA 1.00419e-10 0.000107567 1e-10 1e-10 1.02165e-10 1e-10 1.00138e-10 1e-10 1e-10 1.00016e-10
CTCTA 1.00419e-10 1e-10 1e-10 1e-10 1.00205e-10 1e-10 1.00138e-10 1e-10 1e-10 1e-10
CTCCA 1.00419e-10 1e-10 1e-10 1e-10 1.00814e-10 0.000833213 0.0889072 1e-10 1e-10 1.00016e-10
CCCCA 1.00419e-10 1e-10 1e-10 1e-10 1.00814e-10 1e-10 1.00138e-10 1e-10 1e-10 1e-10
TTTTC 1.00419e-10 1e-10 1e-10 1e-10 1e-10 1e-10 1.00138e-10 1e-10 0.11015 1e-10
CCTTA 1.00419e-10 1e-10 1e-10 1e-10 1.00205e-10 1e-10 1.00138e-10 1e-10 1.01526e-10 1e-10
TTCCC 1.00419e-10 1e-10 1e-10 1e-10 1.00205e-10 1e-10 1.00138e-10 1e-10 1e-10 1e-10
CCCTA 1.00419e-10 1e-10 1e-10 1e-10 1e-10 1e-10 1.00138e-10 1e-10 1e-10 1e-10
TCCCC 1.00419e-10 1e-10 1e-10 1e-10 1.00205e-10 1e-10 1.00138e-10 1e-10 1.01283e-10 1e-10
TCCTC 1.00419e-10 1e-10 1e-10 1e-10 1e-10 1e-10 1.00138e-10 1e-10 1e-10 1.00016e-10
CTTCA 1.00419e-10 1e-10 1e-10 1e-10 1.00814e-10 0.0151649 0.0764575 1e-10 1e-10 1.00016e-10
CCTCC 1.00419e-10 1e-10 1e-10 1e-10 1e-10 1e-10 1.00138e-10 1e-10 1e-10 1e-10
CTTTC 1.00419e-10 1e-10 1.00101e-10 1e-10 1e-10 1e-10 1.00138e-10 0.00178697 1.01283e-10 1e-10
TTCTC 1.00419e-10 1e-10 1e-10 1e-10 1.00205e-10 1e-10 1.00138e-10 1e-10 1e-10 1e-10
CCCCC 1.00419e-10 1e-10 1e-10 1e-10 1.00205e-10 1e-10 1.00138e-10 1e-10 1e-10 1e-10
CTTCC 1.00419e-10 1e-10 1e-10 1e-10 1.00814e-10 1e-10 1.00138e-10 1e-10 1e-10 1e-10
XXXXX 1.00419e-10 1e-10 1e-10 1e-10 1.00814e-10 1e-10 1.00138e-10 1e-10 1e-10 1.00016e-10
