Final BIC 607.529
TTTTA 1 1 0.998878 0.99647 0.974726 0.948323 0.640256 0.836592 0.887125 0.739247
TTTCA 1e-10 1e-10 1e-10 0.00101223 0.0252738 0.0406894 1.00016e-10 1e-10 1e-10 1.00031e-10
TCTCA 1e-10 1e-10 1e-10 1e-10 1.00205e-10 1.00466e-10 0.146268 0.10598 1e-10 0.127639
TTCCA 1e-10 1e-10 1e-10 1e-10 1.00205e-10 1.00463e-10 1.00007e-10 0.0571682 1e-10 0.128625
TCCTA 1e-10 1e-10 1e-10 1e-10 1e-10 1.00463e-10 1e-10 0.000259627 1e-10 0.00448961
TTTTC 1e-10 1e-10 1e-10 1e-10 1e-10 1.00463e-10 1e-10 1e-10 0.109152 1e-10
CTTTA 1e-10 1e-10 0.00112245 1e-10 1e-10 1.00463e-10 0.0468714 1.00013e-10 0.00372318 1e-10
TCTCC 1e-10 1e-10 1e-10 1e-10 1e-10 1.00463e-10 1.00007e-10 1e-10 1e-10 1e-10
TCTTA 1e-10 1e-10 1e-10 1e-10 1e-10 1.00463e-10 1e-10 1.00013e-10 1e-10 1.00031e-10
CCCCA 1e-10 1e-10 1e-10 0.00251806 1.00216e-10 1.00463e-10 1.00007e-10 1e-10 1e-10 1e-10
CTTCA 1e-10 1e-10 1e-10 1e-10 1e-10 0.0109874 0.047192 1e-10 1e-10 1e-10
TCCCA 1e-10 1e-10 1e-10 1e-10 1e-10 1.00463e-10 1.00007e-10 1e-10 1e-10 1e-10
TTCTA 1e-10 1e-10 1e-10 1e-10 1e-10 1.00466e-10 1.00007e-10 1.00013e-10 1e-10 1e-10
CTTTC 1e-10 1e-10 1e-10 1e-10 1e-10 1.00466e-10 1e-10 1e-10 1e-10 1e-10
CCTTA 1e-10 1e-10 1e-10 1e-10 1e-10 1.00463e-10 1.00007e-10 1e-10 1e-10 1e-10
CCTCA 1e-10 1e-10 1e-10 1e-10 1.00205e-10 1.00463e-10 0.044922 1e-10 1e-10 1e-10
CCCTA 1e-10 1e-10 1e-10 1e-10 1e-10 1.00463e-10 1.00007e-10 1e-10 1e-10 1e-10
TTCTC 1e-10 1e-10 1e-10 1e-10 1e-10 1.00463e-10 1.00016e-10 1e-10 1e-10 1e-10
TCTTC 1e-10 1e-10 1e-10 1e-10 1e-10 1.00463e-10 1.00007e-10 1e-10 1e-10 1e-10
TCCCC 1e-10 1e-10 1e-10 1e-10 1e-10 1.00463e-10 1.00007e-10 1e-10 1e-10 1e-10
CTCCA 1e-10 1e-10 1e-10 1e-10 1e-10 1.00466e-10 0.07449 1e-10 1e-10 1e-10
TTCCC 1e-10 1e-10 1e-10 1e-10 1e-10 1.00463e-10 1.00007e-10 1.00013e-10 1e-10 1e-10
TCCTC 1e-10 1e-10 1e-10 1e-10 1e-10 1.00466e-10 1.00007e-10 1e-10 1e-10 1e-10
XXXXX 1e-10 1e-10 1e-10 1e-10 1e-10 1.00463e-10 1.00007e-10 1e-10 1e-10 1e-10
