Final BIC 607.487
TCCCC 1e-10 1e-10 1e-10 1e-10 1e-10 1e-10 1e-10 1e-10 1e-10 1.00159e-10
TCTCA 1e-10 1e-10 1e-10 1e-10 1e-10 1e-10 0.145947 0.107087 1e-10 0.127229
TCCCA 1e-10 1e-10 1e-10 1e-10 1e-10 1.00004e-10 1e-10 1e-10 1e-10 1.00159e-10
TTTTA 0.99609 0.998803 0.998545 0.995875 0.974726 0.94391 0.64034 0.832916 0.890461 0.740265
TTCTC 1e-10 1e-10 1e-10 1e-10 1e-10 1e-10 1e-10 1e-10 1e-10 1.00159e-10
CCTTC 1e-10 1e-10 1e-10 1e-10 1e-10 1e-10 1e-10 1e-10 1e-10 1.00159e-10
TTTCA 1e-10 1e-10 1e-10 0.00101101 0.0252745 0.0406235 1e-10 1e-10 1e-10 1.00159e-10
CTTCA 1e-10 1e-10 1e-10 1e-10 1e-10 0.0154662 0.0885077 1e-10 1e-10 1.00159e-10
TCCTA 1e-10 1e-10 1e-10 1e-10 1e-10 1e-10 1e-10 1e-10 1e-10 0.00322667
TTCCA 1e-10 1e-10 1e-10 1e-10 1e-10 1e-10 1e-10 0.055588 1e-10 0.12928
CTTTA 1e-10 1e-10 1e-10 1e-10 1e-10 1e-10 0.046553 1e-10 1e-10 1.00159e-10
TCTTA 1e-10 1e-10 1e-10 1e-10 1e-10 1.00004e-10 1e-10 1e-10 1e-10 1.00159e-10
TTCCC 1e-10 1e-10 1e-10 1e-10 1e-10 1.00004e-10 1e-10 1e-10 1e-10 1.00159e-10
CTTCC 1e-10 1e-10 1e-10 1e-10 1e-10 1e-10 1e-10 1e-10 1e-10 1.00159e-10
TCTCC 1e-10 1e-10 1e-10 1e-10 1e-10 1e-10 1e-10 1e-10 1e-10 1.00159e-10
TTTTC 1e-10 1e-10 0.00145476 1e-10 1e-10 1e-10 1e-10 1e-10 0.109539 1.00159e-10
CCTCA 1e-10 0.00119672 1e-10 1e-10 1e-10 1e-10 0.0786518 1e-10 1e-10 1.00159e-10
TCTTC 1e-10 1e-10 1e-10 1e-10 1e-10 1.00004e-10 1e-10 1e-10 1e-10 1.00159e-10
TTCTA 1e-10 1e-10 1e-10 1e-10 1e-10 1e-10 1e-10 1e-10 1e-10 1.00159e-10
CCCCA 1e-10 1e-10 1e-10 0.00311357 1e-10 1e-10 1e-10 0.00440873 1e-10 1.00159e-10
TTTCC 1e-10 1e-10 1e-10 1e-10 1e-10 1.00004e-10 1e-10 1e-10 1e-10 1.00159e-10
CTCTA 0.00391012 1e-10 1e-10 1e-10 1e-10 1e-10 1e-10 1e-10 1e-10 1.00159e-10
XXXXX 1e-10 1e-10 1e-10 1e-10 1e-10 1e-10 1e-10 1e-10 1e-10 1.00159e-10
