Final BIC 608.626
TCCCA 0.00375632 1e-10 1e-10 1e-10 1e-10 1e-10 1.00056e-10 1.01436e-10 1e-10 1e-10
TCTTA 1e-10 1e-10 1e-10 1e-10 1e-10 1.86139e-05 1.00079e-10 1e-10 1e-10 1e-10
TTTCA 1e-10 1e-10 1e-10 0.00115675 0.0252722 0.0406429 1e-10 0.0193137 1e-10 0.0150559
TTCCA 1e-10 1e-10 1e-10 1e-10 1e-10 1e-10 1.00079e-10 0.0370688 1e-10 0.117333
TTTTA 0.996244 1 0.99937 0.998843 0.974728 0.94388 0.638639 0.830564 0.890447 0.734188
TCTCA 1e-10 1e-10 1e-10 1e-10 1e-10 1e-10 0.148515 0.102945 1.00005e-10 0.117453
TTTCC 1e-10 1e-10 1e-10 1e-10 1e-10 1e-10 1.00056e-10 1e-10 1e-10 1e-10
TTTTC 1e-10 1e-10 1e-10 1e-10 1e-10 1e-10 1.00056e-10 1e-10 0.109553 1e-10
CTCCC 1e-10 1e-10 1e-10 1e-10 1e-10 1e-10 1e-10 1.01003e-10 1.00005e-10 1e-10
TTCTA 1e-10 1e-10 1e-10 1e-10 1e-10 1e-10 1.00079e-10 0.00146347 1e-10 1e-10
TCCCC 1e-10 1e-10 1e-10 1e-10 1e-10 1e-10 1.00056e-10 1.01643e-10 1.00005e-10 1e-10
CTTCA 1e-10 1e-10 1e-10 1e-10 1e-10 0.0154585 0.0627066 1.00497e-10 1e-10 1.00169e-10
CTTTA 1e-10 1e-10 1e-10 1e-10 1e-10 1e-10 0.0483486 1e-10 1.00005e-10 1e-10
CTTTC 1e-10 1e-10 1e-10 1e-10 1e-10 1e-10 1.00079e-10 1e-10 1.00005e-10 1e-10
CCTTA 1e-10 1e-10 1e-10 1e-10 1e-10 1e-10 1e-10 1.01251e-10 1e-10 1.00277e-10
TCTCC 1e-10 1e-10 1e-10 1e-10 1e-10 1e-10 1.00079e-10 1e-10 1e-10 1e-10
CCTCA 1e-10 1e-10 1e-10 1e-10 1e-10 1e-10 0.0548097 1.01003e-10 1e-10 1e-10
TCTTC 1e-10 1e-10 1e-10 1e-10 1e-10 1e-10 1.00056e-10 1.00497e-10 1.00005e-10 1e-10
TCCTA 1e-10 1e-10 1e-10 1e-10 1e-10 1e-10 1.00079e-10 0.00864505 1e-10 0.0159707
CCCTA 1e-10 1e-10 1e-10 1e-10 1e-10 1e-10 1.00056e-10 1.00497e-10 1e-10 1e-10
CCCCA 1e-10 1e-10 1e-10 1e-10 1e-10 1e-10 1.00056e-10 1.00498e-10 1e-10 1e-10
TCCTC 1e-10 1e-10 1e-10 1e-10 1e-10 1e-10 1.00056e-10 1e-10 1e-10 1e-10
CTCCA 1e-10 1e-10 1e-10 1e-10 1e-10 1e-10 0.0469813 1.00498e-10 1e-10 1e-10
CTCTA 1e-10 1e-10 1e-10 1e-10 1e-10 1e-10 1.00056e-10 1.00497e-10 1.00005e-10 1.00169e-10
CTTCC 1e-10 1e-10 1e-10 1e-10 1e-10 1e-10 1.00056e-10 1e-10 1.00005e-10 1e-10
XXXXX 1e-10 1e-10 0.000630445 1e-10 1e-10 1e-10 1.00056e-10 1.00498e-10 1e-10 1e-10
