Final BIC 607.295
TCCTC 1e-10 1e-10 1e-10 1.00248e-10 1e-10 1e-10 1e-10 1e-10 1e-10 1e-10
TTTTA 0.999711 1 0.998929 0.998984 0.974731 0.941193 0.63872 0.836561 0.887472 0.739204
TCCCA 1e-10 1e-10 1e-10 1e-10 1e-10 1e-10 1e-10 1.00029e-10 1e-10 1e-10
TCTTA 1e-10 1e-10 1e-10 1e-10 1e-10 1e-10 1e-10 1e-10 1e-10 1.00008e-10
TTTTC 1e-10 1e-10 1e-10 1e-10 1e-10 1e-10 1e-10 1e-10 0.109184 1e-10
CTTTA 1e-10 1e-10 0.00107095 1.00248e-10 1e-10 1e-10 0.0462527 1e-10 1e-10 1e-10
CTTTC 1e-10 1e-10 1e-10 1.00248e-10 1e-10 1e-10 1e-10 1e-10 1e-10 1e-10
CTTCA 0.000289198 1e-10 1e-10 1e-10 1e-10 0.0155024 0.0766613 1e-10 1e-10 1e-10
TTTCA 1e-10 1e-10 1e-10 0.00101583 0.0252692 0.0403686 1e-10 1e-10 1e-10 1.00008e-10
TCCCC 1e-10 1e-10 1e-10 1e-10 1e-10 1e-10 1e-10 1e-10 1e-10 1e-10
TCCTA 1e-10 1e-10 1e-10 1e-10 1e-10 0.00293628 1e-10 1.0001e-10 1e-10 0.00465227
CCTCA 1e-10 1e-10 1e-10 1.00248e-10 1e-10 1e-10 0.0902362 1e-10 1e-10 1e-10
TCTCA 1e-10 1e-10 1e-10 1e-10 1e-10 1e-10 0.145448 0.106443 1e-10 0.127189
TTCCA 1e-10 1e-10 1e-10 1.00645e-10 1e-10 1e-10 1e-10 0.0569959 1e-10 0.128955
TTTCC 1e-10 1e-10 1e-10 1e-10 1e-10 1e-10 1e-10 1e-10 1e-10 1e-10
CCCCA 1e-10 1e-10 1e-10 1e-10 1e-10 1e-10 1e-10 1e-10 1e-10 1.00008e-10
TTCCC 1e-10 1e-10 1e-10 1e-10 1e-10 1e-10 1e-10 1e-10 1e-10 1e-10
TTCTA 1e-10 1e-10 1e-10 1e-10 1e-10 1e-10 1e-10 1e-10 1e-10 1e-10
XXXXX 1e-10 1e-10 1e-10 1.00645e-10 1e-10 1e-10 0.00268131 1e-10 0.00334332 1e-10
