Final BIC 615.485
TCTTA 1e-10 1e-10 1e-10 1.00979e-10 1e-10 1e-10 1e-10 0.00740383 1.00419e-10 1e-10
TTTTA 0.99927 0.998091 0.998729 0.999007 0.973914 0.939642 0.640511 0.817291 0.813385 0.738896
TTTTC 1e-10 1e-10 1e-10 1.00597e-10 1e-10 1e-10 1e-10 1e-10 0.112041 1e-10
TTTCA 1e-10 1e-10 1e-10 0.000993119 0.0260858 0.0413468 1e-10 0.0363783 1.00419e-10 1.00611e-10
TCTCA 1e-10 1e-10 1e-10 1.00597e-10 1e-10 1e-10 0.145814 0.0647671 1.0055e-10 0.126333
TCCCA 1e-10 1e-10 1e-10 1.01409e-10 1e-10 1e-10 1e-10 1e-10 1.00325e-10 1e-10
CTTCA 1e-10 1e-10 1e-10 1.00204e-10 1e-10 0.0148301 0.0533801 1e-10 1.00419e-10 1e-10
TTTCC 1e-10 1e-10 1e-10 1.00204e-10 1e-10 1e-10 1e-10 1e-10 1.00419e-10 1e-10
CCCCA 1e-10 1e-10 1e-10 1.00204e-10 1e-10 1e-10 1.00013e-10 1e-10 1e-10 1e-10
TCCTA 1e-10 1e-10 1e-10 1.00979e-10 1e-10 1e-10 1e-10 0.0192359 1.00419e-10 0.00470467
CCTTA 1e-10 1e-10 1e-10 1.00905e-10 1e-10 1e-10 1e-10 1e-10 1e-10 1e-10
TTCCA 1e-10 1e-10 1e-10 1.00204e-10 1e-10 1e-10 1.00013e-10 0.0511606 1.00325e-10 0.130066
TCCCC 1e-10 1e-10 1e-10 1.00597e-10 1e-10 1e-10 1e-10 1e-10 1.00325e-10 1e-10
CTTTA 1e-10 1e-10 1e-10 1.00597e-10 1e-10 0.00418145 0.0463145 1e-10 0.0745736 1e-10
TCTTC 1e-10 1e-10 1e-10 1.00905e-10 1e-10 1e-10 1e-10 1e-10 1e-10 1e-10
TTCTA 1e-10 1e-10 1e-10 1.00979e-10 1e-10 1e-10 1e-10 1e-10 1.00325e-10 1e-10
CTTCC 1e-10 1e-10 1e-10 1.00204e-10 1e-10 1e-10 1e-10 1e-10 1.00419e-10 1e-10
CCTCA 1e-10 1e-10 1e-10 1.00204e-10 1e-10 1e-10 0.0610979 0.00376373 1.00325e-10 1e-10
CCCCC 1e-10 1e-10 1e-10 1.00597e-10 1e-10 1e-10 1e-10 1e-10 1.00325e-10 1e-10
CTCCA 1e-10 0.00190932 0.00127139 1.00204e-10 1e-10 1e-10 0.0528828 1e-10 1e-10 1e-10
CCTTC 1e-10 1e-10 1e-10 1.00597e-10 1e-10 1e-10 1e-10 1e-10 1e-10 1e-10
CTTTC 1e-10 1e-10 1e-10 1.00204e-10 1e-10 1e-10 1e-10 1e-10 1e-10 1e-10
TTCTC 1e-10 1e-10 1e-10 1.00597e-10 1e-10 1e-10 1e-10 1.01397e-10 1.00325e-10 1e-10
CCCTA 0.000729727 1e-10 1e-10 1.00597e-10 1e-10 1e-10 1e-10 1e-10 1.00325e-10 1e-10
TTCCC 1e-10 1e-10 1e-10 1.00204e-10 1e-10 1e-10 1e-10 1e-10 1.00419e-10 1.00585e-10
CTCCC 1e-10 1e-10 1e-10 1.00597e-10 1e-10 1e-10 1e-10 1e-10 1.00325e-10 1e-10
CCCTC 1e-10 1e-10 1e-10 1.00597e-10 1e-10 1.001e-10 1e-10 1e-10 1.00325e-10 1e-10
XXXXX 1e-10 1e-10 1e-10 1.00597e-10 1e-10 1e-10 1e-10 1e-10 1.00325e-10 1e-10
