Final BIC 607.442
TTTTA 0.997723 0.996142 1 0.998984 0.972248 0.941282 0.639457 0.834843 0.886912 0.736152
TCCCA 1e-10 1.00285e-10 1e-10 1e-10 1e-10 1e-10 0.0013485 0.00201904 1e-10 1e-10
TCTTA 1e-10 1e-10 1e-10 1e-10 1e-10 1e-10 1e-10 1e-10 1e-10 1e-10
CTTTA 1e-10 1.00285e-10 1e-10 1e-10 1e-10 1e-10 0.0465991 1e-10 1e-10 1e-10
TTTTC 1e-10 1e-10 1e-10 1e-10 1e-10 1e-10 1e-10 1e-10 0.108997 1e-10
CCCCA 1e-10 1.00285e-10 1e-10 1e-10 1e-10 1e-10 1e-10 1e-10 1e-10 0.00426008
TTTCA 1e-10 1e-10 1e-10 0.00101596 0.0252097 0.0432977 1e-10 1e-10 1e-10 1e-10
TCCCC 1e-10 1.00285e-10 1e-10 1e-10 1e-10 1e-10 1e-10 1e-10 1e-10 1e-10
CCCTA 1e-10 0.00385755 1e-10 1e-10 1e-10 1e-10 1e-10 1e-10 0.00409038 1e-10
TTCCA 1e-10 1.00344e-10 1e-10 1e-10 1e-10 1e-10 1e-10 0.056664 1e-10 0.128082
TCTCA 0.00227678 1.00285e-10 1e-10 1e-10 1e-10 1e-10 0.145893 0.106474 1e-10 0.127262
TTCCC 1e-10 1.00285e-10 1e-10 1e-10 1e-10 1e-10 1e-10 1e-10 1e-10 1e-10
TCCTC 1e-10 1e-10 1e-10 1e-10 1e-10 1e-10 1e-10 1e-10 1.00327e-10 1e-10
CTTCA 1e-10 1.00344e-10 1e-10 1e-10 1e-10 0.0154204 0.0893816 1e-10 1e-10 1e-10
TCCTA 1e-10 1.00285e-10 1e-10 1e-10 1e-10 1e-10 1e-10 1e-10 1e-10 0.00424373
TTCTA 1e-10 1e-10 1e-10 1e-10 1e-10 1e-10 1e-10 1e-10 1e-10 1e-10
CCTTA 1e-10 1e-10 1e-10 1e-10 1e-10 1e-10 1e-10 1e-10 1e-10 1e-10
CTCCA 1e-10 1.00285e-10 1e-10 1e-10 0.00254184 1e-10 0.0773204 1e-10 1e-10 1e-10
CCTCC 1e-10 1.00285e-10 1e-10 1e-10 1e-10 1e-10 1e-10 1e-10 1e-10 1e-10
TCTTC 1e-10 1.00285e-10 1e-10 1e-10 1e-10 1e-10 1e-10 1e-10 1e-10 1e-10
CTCCC 1e-10 1.00285e-10 1e-10 1e-10 1e-10 1e-10 1e-10 1e-10 1e-10 1e-10
XXXXX 1e-10 1e-10 1e-10 1e-10 1e-10 1e-10 1e-10 1e-10 1.00327e-10 1e-10
