Final BIC 609.966
TTTTA 1 1 0.995169 0.998612 0.97433 0.942098 0.637669 0.834509 0.890442 0.71309
TTTTC 1e-10 1e-10 1e-10 1e-10 1e-10 1e-10 1e-10 1e-10 0.109558 1.00533e-10
TTTCA 1e-10 1e-10 1e-10 0.00138787 0.0256703 0.0406223 1e-10 1.00937e-10 1e-10 0.0891943
TTCCA 1.0005e-10 1e-10 1e-10 1e-10 1e-10 1e-10 1e-10 0.0530151 1e-10 0.0543939
TTTCC 1.00017e-10 1e-10 1e-10 1e-10 1e-10 1e-10 1e-10 1e-10 1e-10 1.00559e-10
TCCCA 1e-10 1e-10 1e-10 1e-10 1e-10 0.00185061 1e-10 1e-10 1e-10 1e-10
CTTCA 1.00017e-10 1e-10 1e-10 1e-10 1e-10 0.0154291 0.0442064 1e-10 1e-10 1.00213e-10
TCCTC 1e-10 1e-10 1e-10 1e-10 1e-10 1e-10 0.00152857 1e-10 1e-10 1.00213e-10
TCTCA 1e-10 1e-10 1e-10 1e-10 1e-10 1e-10 0.148106 0.106929 1e-10 0.101007
TCTTA 1e-10 1e-10 1e-10 1e-10 1e-10 1e-10 1e-10 1e-10 1e-10 1e-10
CCCCA 1.00889e-10 1e-10 1e-10 1e-10 1e-10 1e-10 1e-10 1.00186e-10 1e-10 1.00731e-10
TTCTA 1e-10 1e-10 1e-10 1e-10 1e-10 1e-10 1e-10 0.0041604 1e-10 0.00464912
TTCCC 1.00017e-10 1e-10 1e-10 1e-10 1e-10 1e-10 1e-10 1e-10 1e-10 1e-10
CTCCA 1e-10 1e-10 0.00483079 1e-10 1e-10 1e-10 0.0577986 1.00186e-10 1e-10 1.00213e-10
TCCTA 1e-10 1e-10 1e-10 1e-10 1e-10 1e-10 1e-10 1.00937e-10 1e-10 0.037665
CCTCA 1e-10 1e-10 1e-10 1e-10 1e-10 1e-10 0.062572 1.00186e-10 1e-10 1.00213e-10
CTCCC 1e-10 1e-10 1e-10 1e-10 1e-10 1e-10 1e-10 1e-10 1e-10 1e-10
TCCCC 1e-10 1e-10 1e-10 1e-10 1e-10 1e-10 1e-10 1.00186e-10 1e-10 1e-10
CTTCC 1.0005e-10 1e-10 1e-10 1e-10 1e-10 1e-10 1e-10 0.00138719 1e-10 1e-10
CCCCC 1e-10 1e-10 1e-10 1e-10 1e-10 1e-10 1e-10 1e-10 1e-10 1e-10
CCTTA 1.0005e-10 1e-10 1e-10 1e-10 1e-10 1e-10 1e-10 1.00937e-10 1e-10 1.00187e-10
CTCTA 1e-10 1e-10 1e-10 1e-10 1e-10 1e-10 1e-10 1e-10 1e-10 1.00533e-10
CTTTA 1e-10 1e-10 1e-10 1e-10 1e-10 1e-10 0.0481192 1.00786e-10 1e-10 1e-10
TCTCC 1.0005e-10 1e-10 1e-10 1e-10 1e-10 1e-10 1e-10 1e-10 1e-10 1.00727e-10
CCTCC 1.00017e-10 1e-10 1e-10 1e-10 1e-10 1e-10 1e-10 1.00186e-10 1e-10 1.00213e-10
XXXXX 1.00889e-10 1e-10 1e-10 1e-10 1e-10 1e-10 1e-10 1e-10 1e-10 1.00727e-10
