Final BIC 642.168
TTTCA 1e-10 1e-10 1e-10 0.000624816 0.025264 0.0544739 0.0939014 0.115538 1.00339e-10 0.046565
TTCCA 1e-10 1e-10 1e-10 1.03981e-10 1e-10 1.00018e-10 1.00335e-10 1e-10 1e-10 0.0700065
TTCTA 1e-10 1e-10 1e-10 1e-10 1e-10 1.00156e-10 1e-10 0.0374376 1.00339e-10 0.0280131
TTTTA 1 1 1 0.999375 0.974736 0.938654 0.568114 0.771713 0.649843 0.720235
TCCCA 1e-10 1e-10 1e-10 1.03981e-10 1e-10 1.00156e-10 1.00335e-10 1.00062e-10 1.00307e-10 1.00815e-10
CTTTA 1e-10 1e-10 1e-10 1e-10 1.00036e-10 0.00687229 0.125074 1.00062e-10 0.233948 1.00602e-10
TCTTA 1e-10 1e-10 1e-10 1.00057e-10 1e-10 1.00018e-10 1.00335e-10 1.00062e-10 1.00339e-10 1.00815e-10
TTTTC 1e-10 1e-10 1e-10 1.00057e-10 1e-10 1.00156e-10 1.00335e-10 1.00062e-10 0.116208 1.01463e-10
CCCTC 1e-10 1e-10 1e-10 1e-10 1e-10 1.00156e-10 1.00335e-10 1.00062e-10 1.00307e-10 1.00815e-10
TTTCC 1e-10 1e-10 1e-10 1e-10 1e-10 1.00156e-10 1.00905e-10 0.00279613 1.00307e-10 1.00815e-10
TCCTA 1e-10 1e-10 1e-10 1e-10 1e-10 1e-10 1e-10 0.0291949 1.00307e-10 0.00266111
TCTCA 1e-10 1e-10 1e-10 1.03981e-10 1e-10 1.00156e-10 0.1285 0.0433205 1.00339e-10 0.132519
TCCCC 1e-10 1e-10 1e-10 1e-10 1e-10 1.00018e-10 1.00335e-10 1.00062e-10 1.00339e-10 1.01783e-10
CTTCA 1e-10 1e-10 1e-10 1.00057e-10 1e-10 1.00156e-10 0.0378026 1.00062e-10 1.00339e-10 1.00435e-10
TCCTC 1e-10 1e-10 1e-10 1.00678e-10 1.00036e-10 1.00156e-10 1.00335e-10 1.00062e-10 1e-10 1.00602e-10
CTCCC 1e-10 1e-10 1e-10 1e-10 1e-10 1e-10 1.00335e-10 1.00062e-10 1.00339e-10 1.00815e-10
CCTCC 1e-10 1e-10 1e-10 1.00057e-10 1e-10 1.00156e-10 1.00335e-10 1e-10 1.00307e-10 1.00602e-10
CCCTA 1e-10 1e-10 1e-10 1e-10 1e-10 1.00018e-10 1.00335e-10 1.00062e-10 1.00339e-10 1.01463e-10
CCCCA 1e-10 1e-10 1e-10 1e-10 1e-10 1.00018e-10 1.00335e-10 1.00062e-10 1.00339e-10 1.00815e-10
TTCTC 1e-10 1e-10 1e-10 1.00678e-10 1e-10 1.00156e-10 1e-10 1e-10 1.00339e-10 1.00815e-10
TTCCC 1e-10 1e-10 1e-10 1.00057e-10 1e-10 1.00156e-10 1.00335e-10 1.00062e-10 1.00339e-10 1.00602e-10
CTTTC 1e-10 1e-10 1e-10 1.00678e-10 1e-10 1.00156e-10 1e-10 1e-10 1e-10 1.00815e-10
TCTTC 1e-10 1e-10 1e-10 1.00057e-10 1e-10 1.00156e-10 1.00335e-10 1e-10 1.00339e-10 1.00815e-10
CTTCC 1e-10 1e-10 1e-10 1.00057e-10 1e-10 1.00156e-10 0.00147526 1e-10 1.00307e-10 1.01783e-10
CCTTA 1e-10 1e-10 1e-10 1e-10 1e-10 1.00156e-10 1e-10 1e-10 1.00307e-10 1.00815e-10
TCTCC 1e-10 1e-10 1e-10 1e-10 1e-10 1.00156e-10 1.02033e-10 1.00062e-10 1.00339e-10 1.00815e-10
CCTCA 1e-10 1e-10 1e-10 1.01503e-10 1e-10 1.00018e-10 0.045132 1e-10 1.00339e-10 1.00435e-10
XXXXX 1e-10 1e-10 1e-10 1.00057e-10 1e-10 1.00156e-10 1e-10 1e-10 1.00307e-10 1.01463e-10
