Final BIC 609.516
TTTTA 0.996807 1 0.995874 0.995444 0.971273 0.944272 0.639743 0.836888 0.867594 0.739018
TTCCA 1e-10 1e-10 1e-10 1e-10 1e-10 1e-10 1e-10 0.0551003 1e-10 0.126243
TCCCA 1e-10 1e-10 1e-10 1e-10 1e-10 1e-10 1.00066e-10 1e-10 1e-10 1.00469e-10
TTTCC 1e-10 1e-10 1e-10 1e-10 1e-10 1e-10 1e-10 1e-10 1e-10 1.00469e-10
TCTTC 1e-10 1e-10 1e-10 1e-10 1e-10 1e-10 1e-10 1e-10 1e-10 1.00469e-10
TCCCC 1e-10 1e-10 1e-10 1e-10 1e-10 1e-10 1.00066e-10 1e-10 1e-10 1.01184e-10
TTTCA 1e-10 1e-10 1e-10 0.00105207 0.028727 0.0397108 1.00197e-10 1e-10 1e-10 0.00329739
CCTCA 1e-10 1e-10 1e-10 1e-10 1e-10 1e-10 0.056067 1e-10 1e-10 1.00397e-10
TCCTA 1e-10 1e-10 1e-10 1e-10 1e-10 1e-10 1e-10 1e-10 1e-10 0.0110296
TCTTA 1e-10 1e-10 1e-10 1e-10 1e-10 1e-10 1e-10 1e-10 1e-10 1.00744e-10
TTCTA 1e-10 1e-10 1e-10 1e-10 1e-10 1e-10 1e-10 1e-10 1.00052e-10 1.00469e-10
CCCCA 1e-10 1e-10 1e-10 1e-10 1e-10 1e-10 1e-10 1e-10 1e-10 1.00397e-10
CTTCA 1e-10 1e-10 1e-10 1e-10 1e-10 0.0160172 0.0376305 1e-10 1e-10 1.00397e-10
TTTTC 1e-10 1e-10 1e-10 1e-10 1e-10 1e-10 1e-10 1e-10 0.110298 1.01184e-10
TCCTC 1e-10 1e-10 1e-10 1e-10 1e-10 1e-10 1e-10 1e-10 0.00426974 1.00469e-10
TCTCA 1e-10 1e-10 1e-10 1e-10 1e-10 1e-10 0.146446 0.108012 1e-10 0.120412
TTCCC 1e-10 1e-10 0.00412551 1e-10 1e-10 1e-10 1.00197e-10 1e-10 1e-10 1.0136e-10
CCCTA 1e-10 1e-10 1e-10 1e-10 1e-10 1e-10 1e-10 1e-10 1e-10 1.00504e-10
CTTTA 1e-10 1e-10 1e-10 1e-10 1e-10 1e-10 0.047363 1e-10 0.0178383 1.00469e-10
CTTTC 0.00319277 1e-10 1e-10 1e-10 1e-10 1e-10 1.00289e-10 1e-10 1e-10 1.00744e-10
CTCCA 1e-10 1e-10 1e-10 1e-10 1e-10 1e-10 0.0727508 1e-10 1e-10 1.00469e-10
CTTCC 1e-10 1e-10 1e-10 1e-10 1e-10 1e-10 1.00197e-10 1e-10 1e-10 1.00397e-10
CCCTC 1e-10 1e-10 1e-10 0.00350408 1e-10 1e-10 1e-10 1e-10 1e-10 1.00397e-10
CCTTC 1e-10 1e-10 1e-10 1e-10 1e-10 1e-10 1e-10 1e-10 1e-10 1.00397e-10
CCCCC 1e-10 1e-10 1e-10 1e-10 1e-10 1e-10 1e-10 1e-10 1.00052e-10 1.01184e-10
XXXXX 1e-10 1e-10 1e-10 1e-10 1e-10 1e-10 1e-10 1e-10 1e-10 1.00397e-10
