Final BIC 607.346
TTTCA 1e-10 1e-10 1e-10 0.00101157 0.0252721 0.0405562 1e-10 1e-10 1e-10 1e-10
CTTTA 1e-10 1e-10 1e-10 1e-10 1e-10 1e-10 0.046462 1e-10 1e-10 1e-10
TCCCA 1e-10 1e-10 1e-10 1e-10 1e-10 1e-10 1e-10 1e-10 1e-10 1e-10
TCTTA 1e-10 1e-10 1e-10 1e-10 1e-10 1e-10 1e-10 1e-10 1e-10 1e-10
TCCCC 1e-10 1.00239e-10 1e-10 1e-10 1e-10 1e-10 1e-10 1e-10 1e-10 1e-10
TTTTA 1 0.997204 1 0.994608 0.974728 0.943014 0.639269 0.83655 0.890459 0.739235
TCCTA 1e-10 1e-10 1e-10 1e-10 1e-10 1e-10 1e-10 1e-10 1e-10 0.0045604
CTTCA 1e-10 1e-10 1e-10 1e-10 1e-10 0.0154886 0.0555995 1e-10 1e-10 1e-10
TTCTA 1e-10 1e-10 1e-10 0.00438081 1e-10 1e-10 1e-10 1e-10 1e-10 1e-10
TCTCA 1e-10 1e-10 1e-10 1e-10 1e-10 1e-10 0.145623 0.106408 1e-10 0.12748
TTCCA 1e-10 1e-10 1e-10 1e-10 1e-10 1e-10 1e-10 0.0570426 1e-10 0.128725
CTCCA 1e-10 1e-10 1e-10 1e-10 1e-10 1e-10 0.0561554 1e-10 1e-10 1e-10
TTTTC 1e-10 1e-10 1e-10 1e-10 1e-10 1e-10 1e-10 1e-10 0.109541 1e-10
CCTTA 1e-10 1e-10 1e-10 1e-10 1e-10 1e-10 1e-10 1e-10 1e-10 1e-10
TCTCC 1e-10 1e-10 1e-10 1e-10 1e-10 1e-10 1e-10 1e-10 1e-10 1e-10
CTTCC 1e-10 1e-10 1e-10 1e-10 1e-10 0.000940834 1e-10 1e-10 1e-10 1e-10
CCCCA 1e-10 0.00279601 1e-10 1e-10 1e-10 1e-10 1e-10 1e-10 1e-10 1e-10
TTCCC 1e-10 1e-10 1e-10 1e-10 1e-10 1e-10 1e-10 1e-10 1e-10 1e-10
CCTCA 1e-10 1e-10 1e-10 1e-10 1e-10 1e-10 0.0568909 1e-10 1e-10 1e-10
XXXXX 1e-10 1e-10 1e-10 1e-10 1e-10 1e-10 1e-10 1e-10 1e-10 1e-10
