Final BIC 607.487
TCTTA 1e-10 1e-10 1e-10 1e-10 1e-10 1e-10 1e-10 1e-10 1e-10 1e-10
TCCCC 1e-10 1e-10 1e-10 1e-10 1e-10 1e-10 1e-10 1e-10 1e-10 1e-10
TTTCA 1e-10 1e-10 1e-10 0.00101601 0.0252713 0.0406828 1e-10 1e-10 1e-10 1e-10
TTTTA 0.995742 1 1 0.998984 0.974729 0.943889 0.637601 0.834577 0.887738 0.737386
TTCCA 1e-10 1e-10 1e-10 1e-10 1e-10 1e-10 1e-10 0.056336 1e-10 0.128986
TTTCC 1e-10 1e-10 1e-10 1e-10 1e-10 1e-10 1e-10 1e-10 1e-10 1e-10
CTTTA 1e-10 1e-10 1e-10 1e-10 1e-10 1e-10 0.0467155 1e-10 1e-10 1e-10
TCCCA 1e-10 1e-10 1e-10 1e-10 1e-10 1e-10 1e-10 1e-10 1e-10 1e-10
TCCTA 1e-10 1e-10 1e-10 1e-10 1e-10 1e-10 1e-10 1e-10 1e-10 0.00469652
CCCCA 1e-10 1e-10 1e-10 1e-10 1e-10 1e-10 1e-10 1e-10 0.00304644 1e-10
TTTTC 1e-10 1e-10 1e-10 1e-10 1e-10 1e-10 1e-10 1e-10 0.109216 1e-10
CTTCA 1e-10 1e-10 1e-10 1e-10 1e-10 0.0154284 0.0622558 1e-10 1e-10 1e-10
TCTCA 1e-10 1e-10 1e-10 1e-10 1e-10 1e-10 0.146022 0.106617 1e-10 0.126831
CTTTC 0.00425841 1e-10 1e-10 1e-10 1e-10 1e-10 1e-10 1e-10 1e-10 1e-10
CCTCA 1e-10 1e-10 1e-10 1e-10 1e-10 1e-10 0.0442836 1e-10 1e-10 1e-10
CCTTA 1e-10 1e-10 1e-10 1e-10 1e-10 1e-10 1e-10 1e-10 1e-10 1e-10
CCCTA 1e-10 1e-10 1e-10 1e-10 1e-10 1e-10 1e-10 1e-10 1e-10 1e-10
CTCCA 1e-10 1e-10 1e-10 1e-10 1e-10 1e-10 0.0595176 1e-10 1e-10 1e-10
CTCCC 1e-10 1e-10 1e-10 1e-10 1e-10 1e-10 0.00360504 1e-10 1e-10 1e-10
CCCCC 1e-10 1e-10 1e-10 1e-10 1e-10 1.00328e-10 1e-10 0.0024704 1e-10 0.00210056
TCCTC 1e-10 1e-10 1e-10 1e-10 1e-10 1e-10 1e-10 1e-10 1e-10 1e-10
TTCTA 1e-10 1e-10 1e-10 1e-10 1e-10 1e-10 1e-10 1e-10 1e-10 1e-10
XXXXX 1e-10 1e-10 1e-10 1e-10 1e-10 1e-10 1e-10 1e-10 1e-10 1e-10
