Final BIC 607.53
TCTTA 1e-10 1e-10 1e-10 1e-10 1e-10 1e-10 1e-10 1e-10 1e-10 1.00417e-10
TCCCA 1e-10 1e-10 1e-10 1e-10 1e-10 0.00189897 1e-10 1e-10 1e-10 1.00425e-10
TTTTA 1 0.998697 1 0.997853 0.974459 0.942187 0.638844 0.836581 0.888473 0.741975
TTTCA 1e-10 0.00130278 1e-10 0.0010149 0.0252685 0.040321 1e-10 1e-10 1e-10 1.00417e-10
TTTTC 1e-10 1e-10 1e-10 1e-10 1e-10 1e-10 0.00229976 1e-10 0.109305 1.00417e-10
CTTCA 1e-10 1e-10 1e-10 1e-10 1e-10 0.0155928 0.0680716 1e-10 1e-10 1.00417e-10
CTCCA 1e-10 1e-10 1e-10 1e-10 1e-10 1e-10 0.0601094 1e-10 1e-10 1.00417e-10
TCTCA 1e-10 1e-10 1e-10 1e-10 1e-10 1e-10 0.145613 0.106238 1e-10 0.126638
TCCCC 1e-10 1e-10 1e-10 1e-10 1e-10 1e-10 1e-10 1e-10 1e-10 1.00417e-10
CCCCA 1e-10 1e-10 1e-10 1e-10 1e-10 1e-10 1e-10 1e-10 1e-10 1.00417e-10
TCCTA 1e-10 1e-10 1e-10 1e-10 0.000272912 1e-10 1e-10 1e-10 0.00222206 0.00153505
CTTTA 1e-10 1e-10 1e-10 1e-10 1e-10 1e-10 0.0465894 1e-10 1e-10 1.00417e-10
TTCCA 1e-10 1e-10 1e-10 1e-10 1e-10 1e-10 1e-10 0.0571803 1e-10 0.129852
TTTCC 1e-10 1e-10 1e-10 1e-10 1e-10 1e-10 1e-10 1e-10 1e-10 1.00417e-10
TCTCC 1e-10 1e-10 1e-10 1e-10 1e-10 1e-10 1e-10 1e-10 1e-10 1.00417e-10
TTCCC 1e-10 1e-10 1e-10 1e-10 1e-10 1e-10 1e-10 1e-10 1e-10 1.00417e-10
CTTCC 1e-10 1e-10 1e-10 1e-10 1e-10 1e-10 1e-10 1e-10 1e-10 1.00417e-10
CTTTC 1e-10 1e-10 1e-10 1e-10 1e-10 1e-10 1e-10 1e-10 1e-10 1.00417e-10
TCCTC 1e-10 1e-10 1e-10 1e-10 1e-10 1e-10 1e-10 1e-10 1e-10 1.00425e-10
CTCTA 1e-10 1e-10 1e-10 1e-10 1e-10 1e-10 1e-10 1e-10 1e-10 1.00425e-10
CCTTA 1e-10 1e-10 1e-10 1e-10 1e-10 1e-10 1e-10 1e-10 1e-10 1.00417e-10
CCTCA 1e-10 1e-10 1e-10 1e-10 1e-10 1e-10 0.0384729 1e-10 1e-10 1.00417e-10
CCCTC 1e-10 1e-10 1e-10 0.0011321 1e-10 1e-10 1e-10 1e-10 1e-10 1.00417e-10
XXXXX 1e-10 1e-10 1e-10 1e-10 1e-10 1e-10 1e-10 1e-10 1e-10 1.00417e-10
