Final BIC 609.439
TTTCA 1e-10 1e-10 1e-10 0.00105089 0.0251589 0.0403925 1e-10 0.0240752 1e-10 1.0045e-10
TTTTA 1 1 1 0.998949 0.970508 0.939334 0.639535 0.820984 0.889888 0.742547
TTTTC 1e-10 1e-10 1e-10 1e-10 1e-10 1e-10 1e-10 1.00425e-10 0.110112 1.0045e-10
TCTCA 1e-10 1e-10 1e-10 1e-10 1e-10 1e-10 0.146886 0.0731951 1e-10 0.124017
CTTTA 1e-10 1e-10 1e-10 1e-10 1e-10 1e-10 0.0479308 1e-10 1.00127e-10 1.00664e-10
TTCCA 1e-10 1e-10 1e-10 1e-10 1e-10 1e-10 1.00043e-10 0.0603797 1e-10 0.129145
CTTTC 1e-10 1e-10 1e-10 1e-10 1e-10 1e-10 1.00043e-10 1e-10 1e-10 1.0045e-10
TCCTA 1e-10 1e-10 1e-10 1e-10 1e-10 1e-10 1.00043e-10 0.00301708 1.00419e-10 0.00429109
CCTTA 1e-10 1e-10 1e-10 1e-10 1e-10 1e-10 1.00194e-10 1.00706e-10 1.00127e-10 1.0045e-10
TCCTC 1e-10 1e-10 1e-10 1e-10 1e-10 1e-10 1e-10 1.00372e-10 1.00127e-10 1.00664e-10
CCCTA 1e-10 1e-10 1e-10 1e-10 1e-10 1e-10 1.00043e-10 1.00299e-10 1.00127e-10 1.00534e-10
TCCCA 1e-10 1e-10 1e-10 1e-10 1e-10 1e-10 1e-10 1.00425e-10 1.00127e-10 1.00664e-10
TTCCC 1e-10 1e-10 1e-10 1e-10 1e-10 1e-10 1.00043e-10 1.00425e-10 1.00419e-10 1.0045e-10
TCTTC 1e-10 1e-10 1e-10 1e-10 0.00433355 1e-10 1e-10 0.00243229 1e-10 1.0045e-10
TTTCC 1e-10 1e-10 1e-10 1e-10 1e-10 1e-10 1.00043e-10 1.0071e-10 1.00127e-10 1.00664e-10
TCTCC 1e-10 1e-10 1e-10 1e-10 1e-10 1e-10 1.00043e-10 1.0071e-10 1.00127e-10 1.0045e-10
TCTTA 1e-10 1e-10 1e-10 1e-10 1e-10 1e-10 1.00194e-10 0.0159168 1.00127e-10 1.00664e-10
CTTCA 1e-10 1e-10 1e-10 1e-10 1e-10 0.015343 0.0641993 1.00372e-10 1.00127e-10 1.00534e-10
CCTTC 1e-10 1e-10 1e-10 1e-10 1e-10 1e-10 1.00194e-10 1.00706e-10 1.00671e-10 1.0045e-10
CCCCC 1e-10 1e-10 1e-10 1e-10 1e-10 1e-10 1e-10 1.00425e-10 1e-10 1.0045e-10
CTTCC 1e-10 1e-10 1e-10 1e-10 1e-10 1e-10 1e-10 1.0071e-10 1e-10 1.0045e-10
CCTCA 1e-10 1e-10 1e-10 1e-10 1e-10 1e-10 0.0597408 1.00706e-10 1e-10 1.00534e-10
TTCTC 1e-10 1e-10 1e-10 1e-10 1e-10 0.00493045 1e-10 1e-10 1.00127e-10 1.00534e-10
CTCCA 1e-10 1e-10 1e-10 1e-10 1e-10 1e-10 0.0417074 1.0071e-10 1.00127e-10 1.0045e-10
TTCTA 1e-10 1e-10 1e-10 1e-10 1e-10 1e-10 1.00043e-10 1e-10 1.00127e-10 1.00534e-10
CTCTA 1e-10 1e-10 1e-10 1e-10 1e-10 1e-10 1.00043e-10 1.00372e-10 1e-10 1.00664e-10
XXXXX 1e-10 1e-10 1e-10 1e-10 1e-10 1e-10 1e-10 1e-10 1e-10 1.0045e-10
