Final BIC 613.712
TCCTC 1e-10 1.00237e-10 1e-10 1e-10 1e-10 1.00042e-10 1e-10 1e-10 1e-10 1e-10
TTTTA 1 1 0.996976 0.997713 0.973047 0.943959 0.64015 0.798778 0.890446 0.721571
TTTCA 1e-10 1.00237e-10 1e-10 0.000280233 0.0252298 0.0410774 1e-10 0.126306 1e-10 0.0472911
TCTTC 1e-10 1.00237e-10 1e-10 1e-10 1e-10 1.00066e-10 1e-10 1e-10 1e-10 1e-10
TCCCA 1e-10 1.00237e-10 1e-10 1e-10 1e-10 1.00066e-10 1e-10 1.4669e-05 1e-10 1e-10
CCTTC 1e-10 1.00237e-10 1e-10 1e-10 1e-10 1.00066e-10 1e-10 1e-10 1e-10 1e-10
TTTCC 1e-10 1.00237e-10 1e-10 1e-10 1e-10 1.00066e-10 1e-10 1e-10 1e-10 1e-10
CTTCA 1e-10 1.00237e-10 1e-10 1e-10 1e-10 0.0149632 0.0514475 1.0001e-10 1e-10 1e-10
TCTCA 1e-10 1.00237e-10 1e-10 1e-10 0.00172318 1.00066e-10 0.146194 1e-10 1e-10 0.095858
CCTTA 1e-10 1.00237e-10 1e-10 1e-10 1e-10 1e-10 1e-10 1.0001e-10 1e-10 1e-10
TTCCC 1e-10 1.00237e-10 1e-10 1e-10 1e-10 1e-10 1e-10 1e-10 1e-10 1e-10
TTCCA 1e-10 1.00237e-10 1e-10 0.000803306 1e-10 1.00042e-10 1e-10 1.0001e-10 1e-10 0.0998032
CTTTA 1e-10 1.00237e-10 1e-10 0.00120367 1e-10 1.00066e-10 0.0466587 1e-10 1e-10 1e-10
TCCCC 1e-10 1.00237e-10 1e-10 1e-10 1e-10 1.00042e-10 1e-10 1e-10 1e-10 1e-10
TCTCC 1e-10 1.00237e-10 1e-10 1e-10 1e-10 1.00042e-10 1e-10 1e-10 1e-10 1e-10
CCCCA 1e-10 1.00237e-10 1e-10 1e-10 1e-10 1.00454e-10 1e-10 1e-10 1e-10 1e-10
TCCTA 1e-10 1.00237e-10 1e-10 1e-10 1e-10 1e-10 1e-10 0.0749014 1e-10 0.0332234
CCTCA 1e-10 1.00237e-10 1e-10 1e-10 1e-10 1.00066e-10 0.0749858 1e-10 1e-10 1e-10
CTTCC 1e-10 1.00237e-10 1e-10 1e-10 1e-10 1.00066e-10 1e-10 1.0001e-10 1e-10 1e-10
CCTCC 1e-10 1.00237e-10 1e-10 1e-10 1e-10 1.00066e-10 1e-10 1e-10 1e-10 0.00225342
CTTTC 1e-10 1.00237e-10 1e-10 1e-10 1e-10 1.00066e-10 1e-10 1e-10 1e-10 1e-10
TTTTC 1e-10 1.00237e-10 1e-10 1e-10 1e-10 1.00066e-10 1e-10 1e-10 0.109554 1e-10
CCCCC 1e-10 1.00237e-10 1e-10 1e-10 1e-10 1.00066e-10 1e-10 1e-10 1e-10 1e-10
CTCCC 1e-10 1.00237e-10 1e-10 1e-10 1e-10 1.00066e-10 1e-10 1e-10 1e-10 1e-10
CCCTA 1e-10 1.00237e-10 0.00302372 1e-10 1e-10 1e-10 0.000106497 1e-10 1e-10 1e-10
CTCCA 1e-10 1.00237e-10 1e-10 1e-10 1e-10 1.00454e-10 0.0404575 1.0001e-10 1e-10 1e-10
XXXXX 1e-10 1.00237e-10 1e-10 1e-10 1e-10 1.00066e-10 1e-10 1e-10 1e-10 1e-10
