Final BIC 607.346
TTTTA 1 0.999117 1 0.998984 0.974728 0.943826 0.640413 0.83256 0.887731 0.736184
TCTCA 1e-10 1e-10 1e-10 1e-10 1e-10 1e-10 0.145881 0.105944 1e-10 0.126905
CTTTA 1e-10 1e-10 1e-10 1e-10 1e-10 1e-10 0.0464576 1e-10 1e-10 0.00401802
CTTCA 1e-10 1e-10 1e-10 1e-10 1e-10 0.0154886 0.0799843 1e-10 1e-10 1e-10
TTCCA 1e-10 1e-10 1e-10 1e-10 1e-10 1e-10 1e-10 0.0567087 1e-10 0.128394
TTTTC 1e-10 1e-10 1e-10 1e-10 1e-10 1e-10 1.00007e-10 1e-10 0.109224 1e-10
TCCCA 1e-10 1e-10 1e-10 1e-10 1e-10 1e-10 1e-10 1e-10 1e-10 1e-10
TCTTC 1e-10 1e-10 1e-10 1e-10 1e-10 1e-10 1e-10 0.0047866 1e-10 1e-10
TTCTA 1e-10 1e-10 1e-10 1e-10 1e-10 1e-10 1e-10 1e-10 1e-10 1e-10
CTCCA 1e-10 1e-10 1e-10 1e-10 1e-10 1e-10 0.0872641 1e-10 1e-10 1e-10
TTTCA 1e-10 1e-10 1e-10 0.00101587 0.0252722 0.0405976 1e-10 1e-10 1e-10 1e-10
TCTTA 1e-10 1e-10 1e-10 1e-10 1e-10 8.75072e-05 1e-10 1e-10 1e-10 1e-10
TTCTC 1e-10 1e-10 1e-10 1e-10 1e-10 1e-10 1e-10 1e-10 1e-10 1e-10
TCCCC 1e-10 1e-10 1e-10 1e-10 1e-10 1e-10 1e-10 1e-10 1e-10 1e-10
CCCCA 1e-10 1e-10 1e-10 1e-10 1e-10 1e-10 1e-10 1e-10 1e-10 1e-10
CTTCC 1e-10 1e-10 1e-10 1e-10 1e-10 1e-10 1e-10 1e-10 1e-10 1e-10
TCCTA 1e-10 1e-10 1e-10 1e-10 1e-10 1e-10 1.00007e-10 1e-10 0.00304537 0.00449857
CCTTA 1e-10 1e-10 1e-10 1e-10 1e-10 1e-10 1e-10 1e-10 1e-10 1e-10
TTTCC 1e-10 0.000882528 1e-10 1e-10 1e-10 1e-10 1e-10 1e-10 1e-10 1e-10
XXXXX 1e-10 1e-10 1e-10 1e-10 1e-10 1e-10 1e-10 1e-10 1e-10 1e-10
