Final BIC 607.489
TCCTA 1e-10 1e-10 1e-10 1e-10 1e-10 1e-10 1.00001e-10 1e-10 1e-10 0.00483567
TTTCA 1e-10 1e-10 1e-10 0.00101054 0.0252725 0.0404834 1.00001e-10 1e-10 1e-10 0.00483052
TTTTC 1e-10 1e-10 1e-10 1e-10 1e-10 1e-10 1e-10 1e-10 0.109561 1e-10
TTTCC 1e-10 1e-10 1e-10 1e-10 1e-10 0.00374571 1e-10 1e-10 1e-10 1e-10
TCTTA 1e-10 1e-10 1e-10 1e-10 1e-10 1e-10 1.00001e-10 1e-10 1e-10 1e-10
CCCCA 1e-10 1e-10 1e-10 0.00466944 1e-10 1e-10 1.00047e-10 1e-10 1e-10 1e-10
TTCCA 1e-10 1e-10 1e-10 1e-10 1e-10 1e-10 1.00001e-10 0.0551421 1e-10 0.128774
TCCCC 1e-10 1e-10 1e-10 1e-10 1e-10 1e-10 1.00031e-10 1e-10 1e-10 1e-10
TTTTA 1 1 1 0.99432 0.974728 0.940425 0.640028 0.837243 0.890439 0.735572
TCCCA 1e-10 1e-10 1e-10 1e-10 1e-10 1e-10 1.00001e-10 1e-10 1e-10 1e-10
CTTTA 1e-10 1e-10 1e-10 1e-10 1e-10 1e-10 0.0470407 1e-10 1e-10 1e-10
CCCCC 1e-10 1e-10 1e-10 1e-10 1e-10 1e-10 1e-10 1e-10 1e-10 1e-10
TCTCC 1e-10 1e-10 1e-10 1e-10 1e-10 1e-10 1e-10 1e-10 1e-10 1e-10
TTCTA 1e-10 1e-10 1e-10 1e-10 1e-10 1e-10 1.00001e-10 1e-10 1e-10 1e-10
CTTCA 1e-10 1e-10 1e-10 1e-10 1e-10 0.0153461 0.0686566 1e-10 1e-10 1e-10
CTCTA 1e-10 1e-10 1e-10 1e-10 1e-10 1e-10 1.00001e-10 1e-10 1e-10 1e-10
TTCCC 1e-10 1e-10 1e-10 1e-10 1e-10 1e-10 1.00001e-10 1e-10 1e-10 1e-10
TCTTC 1e-10 1e-10 1e-10 1e-10 1e-10 1e-10 1.00047e-10 1e-10 1e-10 1e-10
TCTCA 1e-10 1e-10 1e-10 1e-10 1e-10 1e-10 0.146221 0.107615 1e-10 0.125987
CCTTA 1e-10 1e-10 1e-10 1e-10 1e-10 1e-10 1.00001e-10 1e-10 1e-10 1e-10
CTTTC 1e-10 1e-10 1e-10 1e-10 1e-10 1e-10 1.00001e-10 1e-10 1e-10 1e-10
CCTCA 1e-10 1e-10 1e-10 1e-10 1e-10 1e-10 0.0980541 1e-10 1e-10 1e-10
XXXXX 1e-10 1e-10 1e-10 1e-10 1e-10 1e-10 1e-10 1e-10 1e-10 1e-10
