Final BIC 607.295
TTTTA 0.996725 0.995742 0.997267 0.998984 0.970501 0.942134 0.639327 0.83285 0.890445 0.735725
CTTTA 1e-10 1e-10 1e-10 1e-10 1e-10 1e-10 0.0465928 1e-10 1e-10 0.00470161
TTCCA 1e-10 1e-10 1e-10 1e-10 1e-10 1e-10 1.00303e-10 0.0608771 1e-10 0.128342
TCTCC 1e-10 1e-10 1e-10 1e-10 0.00433707 1e-10 1.00303e-10 1e-10 1e-10 1e-10
TCCTC 1e-10 1e-10 1e-10 1e-10 1e-10 1e-10 1.00303e-10 1e-10 1e-10 1e-10
CCCCA 1e-10 1e-10 1e-10 1e-10 1e-10 1e-10 1.00303e-10 1e-10 1e-10 1e-10
TTTCA 0.00327491 1e-10 1e-10 0.00101615 0.0251619 0.0405293 1.00303e-10 1e-10 1e-10 1e-10
TCTTA 1e-10 1e-10 1e-10 1e-10 1e-10 1e-10 1.00303e-10 1e-10 1e-10 1e-10
CTTCA 1e-10 1e-10 1e-10 1e-10 1e-10 0.0154472 0.0690995 1e-10 1e-10 1e-10
TCCTA 1e-10 1e-10 1e-10 1e-10 1e-10 1e-10 1.00303e-10 1e-10 1e-10 0.00457686
TTTTC 1e-10 1e-10 1e-10 1e-10 1e-10 1e-10 1.00303e-10 1e-10 0.109555 1e-10
TTTCC 1e-10 1e-10 1e-10 1e-10 1e-10 1e-10 1.00303e-10 1e-10 1e-10 1e-10
CCCTA 1e-10 1e-10 1e-10 1e-10 1e-10 1e-10 1.00303e-10 1e-10 1e-10 1e-10
CCTCA 1e-10 1e-10 1e-10 1e-10 1e-10 1e-10 0.0986317 1e-10 1e-10 1e-10
TCTCA 1e-10 1e-10 1e-10 1e-10 1e-10 1e-10 0.146349 0.106273 1e-10 0.126655
TCCCA 1e-10 1e-10 1e-10 1e-10 1e-10 1e-10 1.00303e-10 1e-10 1e-10 1e-10
CTTTC 1e-10 1e-10 0.00273262 1e-10 1e-10 1e-10 1.00303e-10 1e-10 1e-10 1e-10
TTCTA 1e-10 0.00425824 1e-10 1e-10 1e-10 0.00188981 1.00303e-10 1e-10 1e-10 1e-10
XXXXX 1e-10 1e-10 1e-10 1e-10 1e-10 1e-10 1.00303e-10 1e-10 1e-10 1e-10
