Final BIC 607.604
TTTTA 0.995465 0.997871 0.99963 0.994224 0.975975 0.943858 0.637714 0.833719 0.888405 0.736562
TCTTA 1e-10 1e-10 1e-10 1e-10 1e-10 1e-10 1e-10 1e-10 1.0053e-10 1e-10
TCCCA 1e-10 1e-10 1e-10 1e-10 1e-10 1e-10 1e-10 1e-10 1.0053e-10 1e-10
CTTCA 1e-10 1e-10 1e-10 1e-10 1e-10 0.0154088 0.0631199 1e-10 1.00066e-10 1e-10
TTCCC 1e-10 1e-10 1e-10 1e-10 1e-10 1e-10 1e-10 1e-10 1.00066e-10 1e-10
TTCCA 1e-10 1e-10 1e-10 1e-10 1e-10 1e-10 1e-10 0.0555458 1.0053e-10 0.128517
TCTCA 1e-10 1e-10 1e-10 1e-10 1.0099e-10 1e-10 0.145562 0.107448 1e-10 0.126496
CCTTA 1e-10 1e-10 1e-10 1e-10 1.00386e-10 1e-10 1e-10 1e-10 1.0053e-10 1e-10
CCTCA 1e-10 1e-10 1e-10 1e-10 1e-10 1e-10 0.0509107 1e-10 1.0053e-10 1e-10
CTCTA 1e-10 0.00212858 1e-10 1e-10 1.0099e-10 1e-10 1e-10 1e-10 1.00066e-10 1e-10
TTTCA 1e-10 1e-10 1e-10 0.00105561 0.0240253 0.0407332 1e-10 1e-10 0.000889506 1e-10
TTTTC 1e-10 1e-10 1e-10 1e-10 1e-10 1e-10 1e-10 1e-10 0.110706 1e-10
TTTCC 1e-10 1e-10 1e-10 1e-10 1.00425e-10 1e-10 1e-10 1e-10 1e-10 1e-10
TCTTC 1e-10 1e-10 1e-10 1e-10 1.00386e-10 1e-10 1e-10 1e-10 1.0053e-10 1e-10
TCCTA 1e-10 1e-10 1e-10 1e-10 1e-10 1e-10 1e-10 1e-10 1.00066e-10 0.00481439
TCTCC 1e-10 1e-10 1e-10 1e-10 1e-10 1e-10 1e-10 1e-10 1.0053e-10 1e-10
CTCCA 1e-10 1e-10 1e-10 1e-10 1e-10 1e-10 0.0522213 1e-10 1.00008e-10 1e-10
TTCTA 1e-10 1e-10 0.000370276 0.00472037 1e-10 1e-10 1e-10 1e-10 1.00008e-10 1e-10
CCCCC 1e-10 1e-10 1e-10 1e-10 1.0099e-10 1e-10 1e-10 1e-10 1e-10 1e-10
CTCCC 1e-10 1e-10 1e-10 1e-10 1e-10 1e-10 0.00377591 0.00328755 1e-10 1e-10
CTTCC 1e-10 1e-10 1e-10 1e-10 1.0099e-10 1e-10 1e-10 1e-10 1e-10 1e-10
TCCCC 1e-10 1e-10 1e-10 1e-10 1.0099e-10 1e-10 1e-10 1e-10 1e-10 1e-10
CTTTA 1e-10 1e-10 1e-10 1e-10 1.0099e-10 1.00038e-10 0.0466964 1e-10 1.00008e-10 0.00361104
CTTTC 0.00453469 1e-10 1e-10 1e-10 1e-10 1e-10 1e-10 1e-10 1.0053e-10 1e-10
XXXXX 1e-10 1e-10 1e-10 1e-10 1.00386e-10 1e-10 1e-10 1e-10 1.00008e-10 1e-10
