Final BIC 607.395
TTTTA 0.997855 0.998667 1 0.998984 0.974729 0.943833 0.640469 0.837581 0.890439 0.73556
TCTTA 1e-10 1e-10 1e-10 1.00036e-10 1e-10 1e-10 1e-10 1.00116e-10 1e-10 1e-10
TTTCA 1e-10 1e-10 1e-10 0.00101591 0.0252711 0.0406831 1e-10 1.00127e-10 1e-10 1e-10
CTTTA 1e-10 1e-10 1e-10 1e-10 1e-10 1e-10 0.0463285 1.00116e-10 1e-10 1e-10
TTCCA 1e-10 1e-10 1e-10 1e-10 1e-10 1e-10 1e-10 0.0570881 1e-10 0.128474
TCTCA 0.00214531 1e-10 1e-10 1e-10 1e-10 1e-10 0.145853 0.105331 1e-10 0.126407
CTTCA 1e-10 1e-10 1e-10 1e-10 1e-10 0.0154842 0.0835603 1.00116e-10 1e-10 1e-10
TTTCC 1e-10 0.00133277 1e-10 1e-10 1e-10 1e-10 1.00001e-10 1.00116e-10 1e-10 1e-10
TTTTC 1e-10 1e-10 1e-10 1e-10 1e-10 1e-10 1e-10 1.00116e-10 0.109561 1e-10
TCCCA 1e-10 1e-10 1e-10 1e-10 1e-10 1e-10 1.00001e-10 1.00116e-10 1e-10 1e-10
TTCTA 1e-10 1e-10 1e-10 1e-10 1e-10 1e-10 1.00001e-10 1.00116e-10 1e-10 1e-10
TCTTC 1e-10 1e-10 1e-10 1.00036e-10 1e-10 1e-10 1.00001e-10 1.00116e-10 1e-10 1e-10
CCCCA 1e-10 1e-10 1e-10 1e-10 1e-10 1e-10 1.00001e-10 1.00116e-10 1e-10 1e-10
TCCTC 1e-10 1e-10 1e-10 1e-10 1e-10 1e-10 1.00001e-10 1.00116e-10 1e-10 1e-10
TCCTA 1e-10 1e-10 1e-10 1e-10 1e-10 1e-10 1e-10 1.00116e-10 1e-10 0.00466575
CTTCC 1e-10 1e-10 1e-10 1e-10 1e-10 1e-10 1.00001e-10 1.00116e-10 1e-10 1e-10
TCCCC 1e-10 1e-10 1e-10 1e-10 1e-10 1e-10 1.00001e-10 1.00116e-10 1e-10 1e-10
CTCCA 1e-10 1e-10 1e-10 1e-10 1e-10 1e-10 0.0837893 1.00116e-10 1e-10 1e-10
TCTCC 1e-10 1e-10 1e-10 1.00036e-10 1e-10 1e-10 1.00001e-10 1.00116e-10 1e-10 1e-10
TTCCC 1e-10 1e-10 1e-10 1.00036e-10 1e-10 1e-10 1.00001e-10 1.00116e-10 1e-10 1e-10
XXXXX 1e-10 1e-10 1e-10 1e-10 1e-10 1e-10 1e-10 1.00116e-10 1e-10 0.00489298
