Final BIC 607.395
TCTTA 1e-10 1e-10 1e-10 1e-10 1e-10 1.00005e-10 1.00014e-10 1.00009e-10 1e-10 1e-10
CCCCA 1e-10 1e-10 1e-10 1e-10 1e-10 1e-10 1e-10 1e-10 1e-10 1e-10
TCCTA 1e-10 1e-10 1e-10 1e-10 1e-10 1e-10 1e-10 1e-10 1e-10 0.00472715
TCTCA 1e-10 1e-10 1e-10 1e-10 1e-10 1e-10 0.145705 0.106685 1e-10 0.126577
TTTCA 1e-10 1e-10 1e-10 0.00101347 0.0252259 0.0405335 1e-10 1.00009e-10 1e-10 1e-10
TTCCA 1e-10 0.00299245 1e-10 1e-10 1e-10 1e-10 1e-10 0.0567689 1e-10 0.128864
TCCCC 1e-10 1e-10 1e-10 1e-10 1e-10 1e-10 1.00001e-10 1e-10 1e-10 1e-10
CTTTA 0.00119663 1e-10 1e-10 1e-10 1e-10 1e-10 0.0463032 1e-10 0.00383976 1e-10
CCTCA 1e-10 1e-10 1e-10 1e-10 1e-10 1.00005e-10 0.0389944 1e-10 1e-10 1e-10
TTCTA 1e-10 1e-10 1e-10 1e-10 1e-10 1e-10 1e-10 1e-10 1e-10 1e-10
TTTTA 0.998803 0.997008 1 0.996467 0.974774 0.943942 0.640532 0.836546 0.887033 0.737313
TCCCA 1e-10 1e-10 1e-10 1e-10 1e-10 1e-10 1e-10 1e-10 1e-10 1e-10
TTCCC 1e-10 1e-10 1e-10 1e-10 1e-10 1e-10 1.00001e-10 1.00009e-10 1e-10 1e-10
TTCTC 1e-10 1e-10 1e-10 1e-10 1e-10 1.00005e-10 1.00001e-10 1e-10 1e-10 1e-10
TTTTC 1e-10 1e-10 1e-10 1e-10 1e-10 1e-10 1.00001e-10 1.00009e-10 0.109127 1e-10
TTTCC 1e-10 1e-10 1e-10 1e-10 1e-10 1e-10 1.00001e-10 1.00009e-10 1e-10 1e-10
CCCTA 1e-10 1e-10 1e-10 1e-10 1e-10 1e-10 1e-10 1e-10 1e-10 1e-10
CTTCA 1e-10 1e-10 1e-10 1e-10 1e-10 0.0155245 0.064811 1e-10 1e-10 1e-10
CTCCA 1e-10 1e-10 1e-10 1e-10 1e-10 1e-10 0.0636541 1e-10 1e-10 0.00251852
CCTTA 1e-10 1e-10 1e-10 1e-10 1e-10 1.00005e-10 1e-10 1e-10 1e-10 1e-10
XXXXX 1e-10 1e-10 1e-10 0.00251933 1e-10 1e-10 1e-10 1e-10 1e-10 1e-10
