Final BIC 607.395
TTTTC 1e-10 1e-10 1e-10 1e-10 1e-10 1.00025e-10 1.00355e-10 1e-10 0.109552 1e-10
TTCCA 1e-10 1e-10 1e-10 1e-10 1e-10 1.00025e-10 1.00355e-10 0.0568011 1.00003e-10 0.128693
TCCCA 1e-10 1e-10 1e-10 1e-10 1e-10 1e-10 1.00355e-10 1e-10 1.00003e-10 0.00189053
CTTTA 1e-10 1e-10 1e-10 1e-10 1e-10 1.00031e-10 0.0466915 1e-10 1e-10 1e-10
TTTCA 1e-10 1e-10 1e-10 0.00101169 0.0252725 0.0404805 1.00355e-10 1e-10 1e-10 1e-10
TCCTA 1e-10 1e-10 1e-10 1e-10 1e-10 1.00031e-10 1.00355e-10 1e-10 1.00003e-10 0.0046408
CTTCA 1e-10 1e-10 1e-10 1e-10 1e-10 0.0155438 0.0812907 1e-10 1.00003e-10 1e-10
TTTTA 0.999617 1 0.996685 0.994708 0.974727 0.943976 0.642622 0.836519 0.890448 0.737788
CTTCC 1e-10 1e-10 1e-10 1e-10 1e-10 1.00025e-10 1.00355e-10 1e-10 1e-10 1e-10
TCTTA 1e-10 1e-10 1e-10 1e-10 1e-10 1e-10 1.00355e-10 1e-10 1.00003e-10 1e-10
CCCCA 1e-10 1e-10 1e-10 1e-10 1e-10 1.00025e-10 1.00355e-10 1e-10 1.00003e-10 1e-10
CTCCA 1e-10 1e-10 1e-10 1e-10 1e-10 1e-10 0.0865409 1e-10 1.00003e-10 1e-10
TCCCC 1e-10 1e-10 0.00331488 1e-10 1e-10 1e-10 1.00355e-10 1e-10 1e-10 1e-10
TCTCA 1e-10 1e-10 1e-10 1e-10 1e-10 1.00036e-10 0.142855 0.10668 1.00003e-10 0.126987
TTCTA 1e-10 1e-10 1e-10 1e-10 1e-10 1.00025e-10 1.00355e-10 1e-10 1e-10 1e-10
CTCCC 1e-10 1e-10 1e-10 1e-10 1e-10 1e-10 1.00355e-10 1e-10 1.00003e-10 1e-10
TCTTC 1e-10 1e-10 1e-10 1e-10 1e-10 1.00025e-10 1.00355e-10 1e-10 1e-10 1e-10
CCTTA 1e-10 1e-10 1e-10 1e-10 1e-10 1.00025e-10 1.00355e-10 1e-10 1.00003e-10 1e-10
CTCTA 1e-10 1e-10 1e-10 1e-10 1e-10 1.00025e-10 1.00355e-10 1e-10 1.00003e-10 1e-10
TTCCC 0.000382545 1e-10 1e-10 0.00428006 1.00006e-10 1e-10 1.00355e-10 1e-10 1e-10 1e-10
XXXXX 1e-10 1e-10 1e-10 1e-10 1e-10 1e-10 1.00355e-10 1e-10 1e-10 1e-10
