Final BIC 703.946
TTTTA 0.996505 0.997321 0.958915 0.997447 0.973228 0.944416 0.612956 0.799557 0.683962 0.737632
TTCCA 1e-10 1e-10 1.00466e-10 1e-10 1.00051e-10 1.00234e-10 1.00289e-10 0.044085 1e-10 0.125311
TCCTA 1e-10 1e-10 1.00519e-10 1e-10 1e-10 1e-10 1.00289e-10 1.0094e-10 1e-10 0.00238041
TCTCC 1e-10 1e-10 1.00466e-10 1e-10 1e-10 1.00647e-10 1.00289e-10 1e-10 1e-10 1e-10
TCCCA 1e-10 1e-10 1.00466e-10 1e-10 1e-10 1.01231e-10 1.00289e-10 1.00741e-10 1e-10 1.01199e-10
TTTCA 1e-10 1e-10 1.01009e-10 0.00255276 0.0252314 0.0400711 0.0362371 0.0554087 1e-10 1e-10
TTCTA 1e-10 1e-10 0.0410853 1e-10 1.00051e-10 1.00647e-10 1.00289e-10 0.0148385 1e-10 0.0022107
CTCCA 0.0034953 0.00267922 1.01009e-10 1e-10 1e-10 1.00234e-10 0.0464042 1.00741e-10 1e-10 1e-10
CCCCA 1e-10 1e-10 1.00519e-10 1e-10 1.00051e-10 1.00234e-10 1.00187e-10 1.00741e-10 1e-10 1e-10
TCTCA 1e-10 1e-10 1.00466e-10 1e-10 1.00051e-10 1e-10 0.137038 0.0456633 1.00113e-10 0.130959
CCTCA 1e-10 1e-10 1.00519e-10 1e-10 1.00051e-10 1.00036e-10 0.0567386 1.00741e-10 1.00113e-10 1e-10
TTTCC 1e-10 1e-10 1e-10 1e-10 0.00154097 1e-10 1e-10 1.00741e-10 1e-10 0.00150594
TCTTA 1e-10 1e-10 1.01009e-10 1e-10 1e-10 1.01778e-10 1.00289e-10 0.0404481 1.00113e-10 1e-10
CTTTA 1e-10 1e-10 1.00466e-10 1e-10 1.00051e-10 1.00647e-10 0.0756174 1.0094e-10 0.201718 1e-10
TTTTC 1e-10 1e-10 1.00519e-10 1.00452e-10 1.00051e-10 1e-10 1.00289e-10 1.00741e-10 0.11432 1e-10
CTTCA 1e-10 1e-10 1.00519e-10 1e-10 1.00051e-10 0.0155127 0.0344209 1e-10 1e-10 1e-10
TCTTC 1e-10 1e-10 1.00519e-10 1e-10 1.00051e-10 1.01474e-10 1.00289e-10 1e-10 1.00113e-10 1e-10
CCTTA 1e-10 1e-10 1.00519e-10 1.00679e-10 1.00051e-10 1e-10 1.00289e-10 1e-10 1e-10 1e-10
CCCTA 1e-10 1e-10 1.00466e-10 1e-10 1.00051e-10 1.00036e-10 1.00187e-10 1.00741e-10 1.00113e-10 1e-10
CCCTC 1e-10 1e-10 1.01009e-10 1.00578e-10 1.00051e-10 1e-10 1.00289e-10 1.00741e-10 1.00113e-10 1e-10
CTTCC 1e-10 1e-10 1.00466e-10 1e-10 1.00051e-10 1.00036e-10 1.00289e-10 1.00741e-10 1e-10 1e-10
CTCTA 1e-10 1e-10 1.01009e-10 1e-10 1e-10 1e-10 1.00289e-10 1.00741e-10 1e-10 1e-10
CCCCC 1e-10 1e-10 1.00466e-10 1e-10 1.00051e-10 1e-10 1e-10 1.00741e-10 1.00113e-10 1e-10
TCCTC 1e-10 1e-10 1.00466e-10 1e-10 1e-10 1.00234e-10 1.00289e-10 1e-10 1.00113e-10 1e-10
CCTCC 1e-10 1e-10 1.01009e-10 1e-10 1.00051e-10 1e-10 1.00289e-10 1e-10 1.00113e-10 1e-10
CTTTC 1e-10 1e-10 1.01325e-10 1.00679e-10 1.00051e-10 1.00234e-10 0.00058758 1.00741e-10 1e-10 1e-10
CCTTC 1e-10 1e-10 1.00519e-10 1e-10 1.00051e-10 1.01231e-10 1.00289e-10 1.0046e-10 1.00113e-10 1e-10
CTCCC 1e-10 1e-10 1.01009e-10 1.00679e-10 1.00051e-10 1.00234e-10 1.00289e-10 1e-10 1e-10 1e-10
XXXXX 1e-10 1e-10 1.00519e-10 1e-10 1e-10 1.00647e-10 1.00187e-10 1.00741e-10 1e-10 1e-10
