Final BIC 607.53
TCTTA 1.00458e-10 1e-10 1e-10 1e-10 1.00179e-10 1e-10 1e-10 0.000677788 0.00185667 1e-10
TTTTA 1 0.999903 0.996648 0.997903 0.976468 0.943906 0.64033 0.835974 0.888457 0.739076
TTCCA 1.00458e-10 1e-10 1e-10 1e-10 1.00179e-10 1e-10 1.0002e-10 0.0560616 1e-10 0.129224
TCCCA 1.00458e-10 1e-10 1e-10 1e-10 1.00178e-10 1e-10 1e-10 1e-10 1e-10 1e-10
TTTCA 1.00458e-10 1e-10 1e-10 0.00101487 0.0235318 0.0406394 1e-10 1.00034e-10 1e-10 1e-10
TTTTC 1.00458e-10 1e-10 1e-10 1e-10 1.00179e-10 1e-10 1e-10 1e-10 0.109686 1e-10
CTTTA 1.00458e-10 1e-10 0.00335244 1e-10 1.00179e-10 1e-10 0.046684 1.00034e-10 1e-10 1e-10
TCTTC 1.00458e-10 1e-10 1e-10 1e-10 1.00178e-10 1e-10 1e-10 1e-10 1e-10 1e-10
TTTCC 1.00458e-10 1e-10 1e-10 1e-10 1.00179e-10 1e-10 1.0002e-10 1e-10 1e-10 1e-10
CTTCC 1.00458e-10 1e-10 1e-10 1e-10 1.00179e-10 1e-10 1e-10 1e-10 1e-10 1e-10
TCTCC 1.00458e-10 1e-10 1e-10 1e-10 1.00179e-10 1e-10 1e-10 1e-10 1e-10 1e-10
TCTCA 1.00458e-10 1e-10 1e-10 1e-10 1.00179e-10 1e-10 0.145939 0.107287 1e-10 0.127238
TTCCC 1.00458e-10 1e-10 1e-10 1e-10 1.00179e-10 1e-10 1e-10 1e-10 1e-10 1e-10
CTTTC 1.00458e-10 1e-10 1e-10 1e-10 1.00179e-10 1e-10 1e-10 1e-10 1e-10 1e-10
CTTCA 1.00458e-10 1e-10 1e-10 1e-10 1.00179e-10 0.0154549 0.0504942 1e-10 1.004e-10 1e-10
TCCTA 1.00458e-10 1e-10 1e-10 1e-10 1.00178e-10 1e-10 1e-10 1.00075e-10 1e-10 0.0044627
CCCTA 1.00458e-10 1e-10 1e-10 1e-10 1.00179e-10 1e-10 1.0002e-10 1e-10 1.004e-10 1e-10
CCCCA 1.00458e-10 1e-10 1e-10 1e-10 1.00179e-10 1e-10 1.00025e-10 1e-10 1e-10 1e-10
CCTTC 1.00458e-10 9.70303e-05 1e-10 1e-10 1.00179e-10 1e-10 1e-10 1e-10 1e-10 1e-10
CCTCA 1.00458e-10 1e-10 1e-10 1e-10 1.00178e-10 1e-10 0.0570396 1e-10 1e-10 1e-10
CTCCA 1.00458e-10 1e-10 1e-10 1e-10 1.00178e-10 1e-10 0.0595126 1e-10 1e-10 1e-10
TTCTA 1.00458e-10 1e-10 1e-10 1e-10 1.00179e-10 1e-10 1e-10 1.00075e-10 1e-10 1e-10
TTCTC 1.00458e-10 1e-10 1e-10 0.00108231 1.00179e-10 1e-10 1e-10 1e-10 1e-10 1e-10
XXXXX 1.00458e-10 1e-10 1e-10 1e-10 1.00178e-10 1e-10 1e-10 1e-10 1.00363e-10 1e-10
