Final BIC 607.631
TTTTA 1 0.996366 1 0.994399 0.976477 0.93964 0.640214 0.836616 0.890174 0.739121
TCCTA 1e-10 1e-10 1e-10 0.00458938 1.00191e-10 1e-10 1.00001e-10 1e-10 1e-10 0.00502689
TTTCA 1e-10 1e-10 1e-10 0.00101117 0.0235227 0.0402365 1.00001e-10 1.00155e-10 1e-10 1.00002e-10
TCCCA 1e-10 1e-10 1e-10 1e-10 1.00191e-10 1e-10 1.00001e-10 1.00096e-10 1e-10 1.00002e-10
CCCCA 1e-10 1e-10 1e-10 1e-10 1.00191e-10 1e-10 1.00001e-10 1e-10 1e-10 1.00002e-10
TCTTA 1e-10 1e-10 1e-10 1e-10 1.00191e-10 1e-10 1.00001e-10 1e-10 1e-10 1.00002e-10
TCTTC 1e-10 1e-10 1e-10 1e-10 1e-10 1e-10 1.00001e-10 1.00014e-10 1e-10 1.00002e-10
CTTCC 1e-10 1e-10 1e-10 1e-10 1e-10 1e-10 1.00001e-10 1.00014e-10 1e-10 1.00002e-10
TCTCA 1e-10 1e-10 1e-10 1e-10 1e-10 1e-10 0.146299 0.108297 0.00029898 0.126253
TTCTA 1e-10 1e-10 1e-10 1e-10 1.00191e-10 1e-10 1.00001e-10 1.00014e-10 1e-10 1.00002e-10
TTCCA 1e-10 1e-10 1e-10 1e-10 1e-10 1e-10 1e-10 0.0550869 1e-10 0.129599
CTTTA 1e-10 1e-10 1e-10 1e-10 1.00191e-10 1e-10 0.0468282 1.00014e-10 1e-10 1.00002e-10
CTTTC 1e-10 1e-10 1e-10 1e-10 1.00191e-10 1e-10 1.00001e-10 1e-10 1e-10 1e-10
TTTTC 1e-10 1e-10 1e-10 1e-10 1.00191e-10 1e-10 1.00001e-10 1.00155e-10 0.109527 1.00002e-10
CCCCC 1e-10 1e-10 1e-10 1e-10 1e-10 1e-10 1e-10 1e-10 1e-10 1.00001e-10
CTTCA 1e-10 1e-10 1e-10 1e-10 1e-10 0.0155228 0.0598025 1.00096e-10 1e-10 1.00002e-10
TCCCC 1e-10 1e-10 1e-10 1e-10 1.00191e-10 1e-10 1.00001e-10 1.00014e-10 1e-10 1.00002e-10
CCTTA 1e-10 1e-10 1e-10 1e-10 1e-10 1e-10 1e-10 1.00014e-10 1e-10 1.00002e-10
CTCCA 1e-10 1e-10 1e-10 1e-10 1.00191e-10 1e-10 0.0604656 1.00014e-10 1e-10 1.00002e-10
TCTCC 1e-10 1e-10 1e-10 1e-10 1e-10 0.00460079 1.0004e-10 1.00014e-10 1e-10 1.00002e-10
TTCCC 1e-10 1e-10 1e-10 1e-10 1e-10 1e-10 1.00001e-10 1.00014e-10 1e-10 1.00002e-10
TTTCC 1e-10 1e-10 1e-10 1e-10 1.00191e-10 1e-10 1.00001e-10 1.00014e-10 1e-10 1.00002e-10
CTCCC 1e-10 0.00363417 1e-10 1e-10 1.00191e-10 1e-10 1.00001e-10 1.00014e-10 1e-10 1e-10
CCTCA 1e-10 1e-10 1e-10 1e-10 1e-10 1e-10 0.0463903 1.00014e-10 1e-10 1.00002e-10
XXXXX 1e-10 1e-10 1e-10 1e-10 1.00191e-10 1e-10 1e-10 1.00014e-10 1e-10 1e-10
