Final BIC 550.202
TCAC 1e-10 1e-10 1e-10 1.00552e-10 0.0997832 1e-10 0.00682655 0.0662386 1e-10 0.125693
CTAC 1e-10 1e-10 1e-10 1.00552e-10 0.00217737 1e-10 1e-10 0.0853003 1e-10 0.186715
CCAC 0.964839 0.998721 0.997258 0.90925 0.894966 0.996117 0.988258 0.848461 0.628706 0.685669
CCGT 1e-10 1e-10 1e-10 1.00552e-10 1e-10 1e-10 1e-10 1e-10 1e-10 1e-10
ACGT 1e-10 1e-10 1e-10 1e-10 1e-10 1e-10 1e-10 1e-10 1e-10 1e-10
ACAC 0.0350567 1e-10 1e-10 1.00552e-10 1e-10 0.00201326 1e-10 1e-10 1e-10 1e-10
CTGT 1e-10 1e-10 1e-10 1.00246e-10 1e-10 1e-10 1e-10 1e-10 1e-10 1e-10
CTGC 1e-10 1e-10 0.00274209 1.00769e-10 1e-10 1e-10 1e-10 1e-10 1e-10 1e-10
TCGC 0.000104355 1e-10 1e-10 1.00246e-10 1e-10 1e-10 1e-10 1e-10 1e-10 1e-10
TTGC 1e-10 1e-10 1e-10 1.00552e-10 1e-10 1e-10 1e-10 1e-10 1e-10 1e-10
ATGC 1e-10 1e-10 1e-10 1.00552e-10 1e-10 1e-10 1e-10 1e-10 1e-10 1e-10
CCAT 1e-10 1e-10 1e-10 0.0907502 1e-10 1e-10 1e-10 1.00063e-10 0.360948 1e-10
ACGC 1e-10 1e-10 1e-10 1.00246e-10 1e-10 1e-10 1e-10 1.00063e-10 1e-10 1e-10
CTAT 1e-10 1e-10 1e-10 1.00552e-10 0.00307325 1e-10 1e-10 1e-10 1e-10 1e-10
TTAC 1e-10 1e-10 1e-10 1e-10 1e-10 1e-10 1e-10 1e-10 1e-10 1e-10
TCAT 1e-10 0.00127876 1e-10 1e-10 1e-10 1e-10 1e-10 1e-10 1e-10 1e-10
CCGC 1e-10 1e-10 1e-10 1.00552e-10 1e-10 0.00187005 0.00249888 1e-10 0.0103455 1e-10
TCGT 1e-10 1e-10 1e-10 1.00246e-10 1e-10 1e-10 1e-10 1e-10 1e-10 1e-10
TTGT 1e-10 1e-10 1e-10 1.00552e-10 1e-10 1e-10 1e-10 1e-10 1e-10 1e-10
ATAC 1e-10 1e-10 1e-10 1.00552e-10 1e-10 1e-10 0.00241686 1e-10 1e-10 1e-10
TTAT 1e-10 1e-10 1e-10 1.00552e-10 1e-10 1e-10 1e-10 1.00063e-10 1e-10 1e-10
ATGT 1e-10 1e-10 1e-10 1e-10 1e-10 1e-10 1e-10 1e-10 1e-10 1e-10
ACAT 1e-10 1e-10 1e-10 1.00552e-10 1e-10 1e-10 1e-10 1e-10 1e-10 0.00192318
ATAT 1e-10 1e-10 1e-10 1.00246e-10 1e-10 1e-10 1e-10 1e-10 1e-10 1e-10
XXXX 1e-10 1e-10 1e-10 1e-10 1e-10 1e-10 1e-10 1e-10 1e-10 1e-10
