Final BIC 799.275
CCAC 0.988257 0.991187 0.882845 1 0.964664 0.833982 0.978244 0.844845 0.62879 0.686838
TCAC 1.00189e-10 1e-10 0.0184881 1e-10 0.0314635 1e-10 0.00484413 0.0680035 1e-10 0.125953
CCGC 1.00189e-10 0.00185025 1e-10 1e-10 0.0015775 1e-10 0.00228075 1.00026e-10 0.0101825 1e-10
ATGT 1.00189e-10 1e-10 1e-10 1e-10 1.01426e-10 1e-10 1.00135e-10 1.00026e-10 1e-10 1e-10
CCGT 1.00361e-10 1e-10 1.01188e-10 1e-10 1.00008e-10 1e-10 1.00135e-10 1.00026e-10 1e-10 1e-10
ACAC 0.0117429 1e-10 1.01188e-10 1e-10 1.00008e-10 0.164285 0.014234 1e-10 1e-10 1e-10
TTAC 1e-10 1e-10 1.00476e-10 1e-10 0.00148433 1e-10 1.00135e-10 1.0067e-10 1e-10 1e-10
CTGC 1e-10 1e-10 1.01188e-10 1e-10 1.00008e-10 1e-10 1.00135e-10 1e-10 1.00004e-10 1e-10
TCGC 1.00189e-10 1e-10 1.01188e-10 1e-10 1.00008e-10 1e-10 0.000397002 1.00026e-10 1e-10 1e-10
TTGC 1.00361e-10 1e-10 1e-10 1e-10 1.00008e-10 1e-10 1.00135e-10 1.00026e-10 1e-10 1e-10
CTAC 1e-10 1e-10 1e-10 1e-10 0.000810658 1e-10 1.00135e-10 0.0871519 1.00004e-10 0.187094
TCAT 1e-10 1.00029e-10 1.00476e-10 1e-10 1.00008e-10 1e-10 1.00135e-10 1.00026e-10 1e-10 1e-10
ACGC 1.0029e-10 1e-10 1.0088e-10 1e-10 1.00008e-10 1e-10 1.00135e-10 1.00026e-10 1e-10 1e-10
ATGC 1.00189e-10 1e-10 1.01188e-10 1e-10 1e-10 1e-10 1.00135e-10 1.0067e-10 1e-10 1e-10
ATAT 1e-10 1e-10 1.00845e-10 1e-10 1e-10 1e-10 1.00135e-10 1.00026e-10 1e-10 0.000114462
CTGT 1.00361e-10 1e-10 1.01188e-10 1e-10 1e-10 1e-10 1.00135e-10 1.00026e-10 1e-10 1e-10
ATAC 1.00189e-10 1e-10 1.00845e-10 1e-10 1.00008e-10 1e-10 1.00135e-10 1.00026e-10 1e-10 1e-10
CCAT 1.00361e-10 0.00696237 0.0986665 1e-10 1.00008e-10 0.00173272 1.00135e-10 1e-10 0.361027 1e-10
TTAT 1.00189e-10 1e-10 1.00476e-10 1e-10 1.00008e-10 1e-10 1.00135e-10 1.0067e-10 1e-10 1e-10
TTGT 1.00361e-10 1e-10 1.01188e-10 1e-10 1.00008e-10 1e-10 1.00135e-10 1e-10 1e-10 1e-10
TCGT 1.00189e-10 1.00029e-10 1.00476e-10 1e-10 1e-10 1e-10 1.00135e-10 1.00588e-10 1e-10 1e-10
CTAT 1.00361e-10 1e-10 1.01188e-10 1e-10 1.00008e-10 1e-10 1.00135e-10 1.00588e-10 1e-10 1e-10
ACAT 1.00361e-10 1e-10 1.00476e-10 1e-10 1.00008e-10 1e-10 1.00135e-10 1.00026e-10 1e-10 1e-10
ACGT 1.00361e-10 1e-10 1e-10 1e-10 1.00008e-10 1e-10 1e-10 1e-10 1e-10 1e-10
XXXX 1e-10 1e-10 1e-10 1e-10 1e-10 1e-10 1.00135e-10 1e-10 1e-10 1e-10
