Final BIC 210.353
CCAC 0.999667 1 0.999025 1 0.967088 0.993451 0.989207 0.846504 0.629607 0.686974
CTAC 1e-10 1e-10 1e-10 1e-10 1e-10 1e-10 1e-10 0.0851715 1.00132e-10 0.187103
ACGT 1e-10 1e-10 1e-10 1e-10 1e-10 1e-10 1e-10 1e-10 1.00132e-10 1e-10
TCAC 0.000333133 1e-10 1e-10 1e-10 0.0297109 1e-10 0.00683205 0.066004 1.00132e-10 0.125923
TCGC 1e-10 1e-10 1e-10 1e-10 1e-10 1e-10 0.00150614 1e-10 1.00132e-10 1e-10
TTGC 1e-10 1e-10 1e-10 1e-10 0.00103689 0.00454055 1e-10 1e-10 1.00132e-10 1e-10
ATAT 1e-10 1e-10 1e-10 1e-10 1e-10 1e-10 1e-10 1e-10 1.00132e-10 1e-10
CCGC 1e-10 1e-10 1e-10 1e-10 1e-10 1e-10 0.00245484 1e-10 0.00889458 1e-10
ATAC 1e-10 1e-10 1e-10 1e-10 1e-10 1e-10 1e-10 1e-10 1.00132e-10 1e-10
TCGT 1e-10 1e-10 1e-10 1e-10 1e-10 1e-10 1e-10 1e-10 1.00132e-10 1e-10
CCAT 1e-10 1e-10 1e-10 1e-10 1e-10 1e-10 1e-10 1e-10 0.361498 1e-10
ACAC 1e-10 1e-10 1e-10 1e-10 1e-10 0.00200829 1e-10 1e-10 1.00132e-10 1e-10
CTAT 1e-10 1e-10 1e-10 1e-10 1e-10 1e-10 1e-10 0.00232022 1.00132e-10 1e-10
TTAC 1e-10 1e-10 1e-10 1e-10 0.00216384 1e-10 1e-10 1e-10 1.00132e-10 1e-10
CTGT 1e-10 1e-10 1e-10 1e-10 1e-10 1e-10 1e-10 1e-10 1.00132e-10 1e-10
CTGC 1e-10 1e-10 0.00097504 1e-10 1e-10 1e-10 1e-10 1e-10 1.00132e-10 1e-10
TCAT 1e-10 1e-10 1e-10 1e-10 1e-10 1e-10 1e-10 1e-10 1.00132e-10 1e-10
ACAT 1e-10 1e-10 1e-10 1e-10 1e-10 1e-10 1e-10 1e-10 1.00132e-10 1e-10
XXXX 1e-10 1e-10 1e-10 1e-10 1e-10 1e-10 1e-10 1e-10 1.00132e-10 1e-10
