Final BIC 210.353
TCGC 1e-10 1e-10 1e-10 1e-10 1e-10 1e-10 1.00132e-10 1e-10 1.00003e-10 1e-10
CCGC 1e-10 1e-10 1e-10 1e-10 1e-10 1e-10 0.00248753 1e-10 0.010144 1e-10
TTAC 1e-10 1e-10 1e-10 1e-10 0.00217171 1e-10 1e-10 1e-10 1e-10 1e-10
TCAC 1e-10 1e-10 2.86747e-05 1e-10 0.0297157 1e-10 0.00687222 0.0661644 1e-10 0.125935
ACGC 1e-10 0.000537453 1e-10 0.00342113 1e-10 1.00075e-10 1.00132e-10 1e-10 1e-10 1e-10
CCAC 1 0.999463 0.999971 0.996579 0.968113 0.997982 0.99064 0.848447 0.628809 0.686971
ATAC 1e-10 1e-10 1e-10 1e-10 1.0001e-10 1.00075e-10 1.00133e-10 1e-10 1e-10 1.00004e-10
CCAT 1e-10 1e-10 1e-10 1e-10 1e-10 1e-10 1.00132e-10 1e-10 0.361047 1e-10
CTGC 1e-10 1e-10 1e-10 1e-10 1e-10 1e-10 1.00132e-10 1e-10 1e-10 1e-10
CCGT 1e-10 1e-10 1e-10 1e-10 1e-10 1e-10 1.00457e-10 1e-10 1e-10 1e-10
TCGT 1e-10 1e-10 1e-10 1e-10 1e-10 1.00075e-10 1.00133e-10 1e-10 1e-10 1e-10
TTGT 1e-10 1e-10 1e-10 1e-10 1e-10 1e-10 1e-10 1e-10 1e-10 1e-10
CTGT 1e-10 1e-10 1e-10 1e-10 1e-10 1e-10 1.00132e-10 1e-10 1e-10 1e-10
ACAC 1e-10 1e-10 1e-10 1e-10 1.0001e-10 0.00201762 1.00132e-10 1e-10 1.00003e-10 1.00004e-10
CTAC 1e-10 1e-10 1e-10 1e-10 1.0001e-10 1.00075e-10 1.00132e-10 0.085389 1.00003e-10 0.187094
ACGT 1e-10 1e-10 1e-10 1e-10 1e-10 1e-10 1.00132e-10 1e-10 1.00003e-10 1e-10
TTGC 1e-10 1e-10 1e-10 1e-10 1e-10 1e-10 1.00132e-10 1e-10 1e-10 1e-10
TCAT 1e-10 1e-10 1e-10 1e-10 1e-10 1e-10 1.00133e-10 1e-10 1.00003e-10 1e-10
XXXX 1e-10 1e-10 1e-10 1e-10 1e-10 1e-10 1.00132e-10 1e-10 1e-10 1e-10
