Final BIC 210.453
CCAC 1 1 0.996641 1 0.970206 0.997343 0.990643 0.848474 0.628782 0.686918
TCGT 1e-10 1e-10 1e-10 1e-10 1.00228e-10 1e-10 1e-10 1e-10 1e-10 1e-10
CTAC 1e-10 1e-10 1e-10 1e-10 1.00228e-10 1e-10 1e-10 0.0853733 1.00004e-10 0.187099
CCGT 1e-10 1e-10 1e-10 1e-10 1.00218e-10 1e-10 1e-10 1e-10 1e-10 1e-10
TCGC 1e-10 1e-10 1e-10 1e-10 1.00228e-10 1e-10 1e-10 1e-10 1e-10 1e-10
TCAC 1e-10 1e-10 1e-10 1e-10 0.0297942 1e-10 0.00686505 0.0661523 1e-10 0.125928
ACAC 1e-10 1e-10 1e-10 1e-10 1.00218e-10 0.00201613 1e-10 1e-10 1e-10 1e-10
TTGC 1e-10 1e-10 1e-10 1e-10 1.00218e-10 1e-10 1e-10 1e-10 1e-10 1e-10
CCGC 1e-10 1e-10 1e-10 1e-10 1.00218e-10 1e-10 0.0024922 1e-10 0.0101757 1e-10
CTGC 1e-10 1e-10 1e-10 1e-10 1.00228e-10 1e-10 1e-10 1e-10 1e-10 1e-10
CCAT 1e-10 1e-10 1e-10 1e-10 1.00218e-10 1e-10 1e-10 1e-10 0.361042 1e-10
TTAC 1e-10 1e-10 1e-10 1e-10 1.00218e-10 1e-10 1e-10 1e-10 1e-10 1e-10
CTGT 1e-10 1e-10 1e-10 1e-10 1.00218e-10 1e-10 1e-10 1e-10 1e-10 1e-10
ACAT 1e-10 1e-10 1e-10 1e-10 1.00218e-10 0.000641109 1e-10 1e-10 1e-10 1e-10
CTAT 1e-10 1e-10 1e-10 1e-10 1.00227e-10 1e-10 1e-10 1e-10 1e-10 1e-10
ACGT 1e-10 1e-10 1e-10 1e-10 1.00218e-10 1e-10 1e-10 1e-10 1e-10 1e-10
TTAT 1e-10 1e-10 1e-10 1e-10 1.00218e-10 1e-10 1e-10 1e-10 1e-10 1e-10
ATAT 1e-10 1e-10 1e-10 1e-10 1.00218e-10 1e-10 1e-10 1e-10 1e-10 1e-10
ATGC 1e-10 1e-10 1e-10 1e-10 1.00228e-10 1e-10 1e-10 1e-10 1e-10 1e-10
ATGT 1e-10 1e-10 0.00335876 1e-10 1.00218e-10 1e-10 1e-10 1e-10 1e-10 5.52058e-05
XXXX 1e-10 1e-10 1e-10 1e-10 1.00227e-10 1e-10 1e-10 1e-10 1e-10 1e-10
