Final BIC 210.353
CCAT 1e-10 1e-10 1e-10 1e-10 1e-10 1e-10 1e-10 1.00178e-10 0.361027 1e-10
ACGC 1e-10 1e-10 1e-10 1e-10 0.000700324 1e-10 1e-10 1.00178e-10 1e-10 0.000848893
TCGT 1e-10 1e-10 1e-10 1e-10 1e-10 1e-10 1.00023e-10 1.00178e-10 1e-10 1e-10
CCAC 1 0.998348 1 0.996658 0.967415 0.997982 0.990641 0.849965 0.628783 0.686382
CCGC 1e-10 1e-10 1e-10 1e-10 1e-10 1e-10 0.00248897 1.00178e-10 0.01019 1e-10
CTAC 1e-10 1e-10 1e-10 1e-10 1e-10 1e-10 1e-10 0.0855221 1e-10 0.186958
TTAC 1e-10 1e-10 1e-10 0.00334157 0.00216629 1e-10 1e-10 1.00178e-10 1e-10 1e-10
CTGT 1e-10 1e-10 1e-10 1e-10 1e-10 1e-10 1e-10 1.00178e-10 1e-10 1e-10
CTAT 1e-10 1e-10 1e-10 1e-10 1e-10 1e-10 1e-10 1.00178e-10 1e-10 1e-10
TTAT 1e-10 1e-10 1e-10 1e-10 1e-10 1e-10 1e-10 1.00178e-10 1e-10 1e-10
TCGC 1e-10 1e-10 1e-10 1e-10 1e-10 1e-10 1e-10 1.00178e-10 1e-10 1e-10
ATGC 1e-10 1e-10 1e-10 1e-10 1e-10 1e-10 1e-10 1.00178e-10 1e-10 1e-10
ATAT 1e-10 1e-10 1e-10 1e-10 1e-10 1e-10 1e-10 1.00178e-10 1e-10 1e-10
CCGT 1e-10 1e-10 1e-10 1e-10 1e-10 1e-10 1e-10 1.00178e-10 1e-10 1e-10
CTGC 1e-10 1e-10 1e-10 1e-10 1e-10 1e-10 1e-10 1.00178e-10 1e-10 1e-10
ACAC 1e-10 0.00165156 1e-10 1e-10 1e-10 0.00201763 1e-10 1.00178e-10 1e-10 1e-10
ATAC 1e-10 1e-10 1e-10 1e-10 1e-10 1e-10 1e-10 1.00178e-10 1e-10 1e-10
TCAC 1e-10 1e-10 1e-10 1e-10 0.0297185 1e-10 0.00686956 0.0645129 1e-10 0.125812
XXXX 1e-10 1e-10 1e-10 1e-10 1e-10 1e-10 1e-10 1.00178e-10 1e-10 1e-10
