Final BIC 823.195
CCAT 1e-10 1e-10 0.0263106 0.0397829 0.0003226 1.00174e-10 1e-10 1e-10 0.360313 1e-10
TCGC 1e-10 1e-10 1.00047e-10 1.00492e-10 1e-10 1.00174e-10 0.000601126 1e-10 1e-10 1e-10
CCGC 1e-10 1e-10 1e-10 1.00007e-10 1e-10 1.00656e-10 0.00188673 1e-10 0.0101935 1e-10
ACAT 1e-10 1e-10 1.00047e-10 1.00492e-10 1.00638e-10 1.00197e-10 1e-10 1e-10 1e-10 1e-10
ACAC 1e-10 0.033229 0.0959174 1.00492e-10 1e-10 0.0786807 1e-10 1e-10 1e-10 1e-10
TCAC 1e-10 1.00011e-10 1.01517e-10 1.0058e-10 0.119377 1.00174e-10 0.00627232 0.0660871 1e-10 0.125912
ACGC 1e-10 1e-10 1.00047e-10 1.00007e-10 1e-10 1.00174e-10 1e-10 1e-10 1e-10 1e-10
TCAT 1e-10 1e-10 1e-10 1.00007e-10 1e-10 1.00174e-10 1e-10 1e-10 1e-10 1e-10
TTAC 1e-10 1e-10 1.00173e-10 1.0058e-10 1e-10 1.00174e-10 1e-10 1e-10 1e-10 1e-10
CCAC 1 0.966771 0.87326 0.960217 0.877992 0.921083 0.99124 0.84796 0.627649 0.686985
ATAC 1e-10 1e-10 1.00508e-10 1.00007e-10 1e-10 1e-10 1e-10 1e-10 1e-10 1e-10
ACGT 1e-10 1e-10 1.01517e-10 1.00007e-10 1.00638e-10 1.00174e-10 1e-10 0.000581825 1e-10 1e-10
CTGC 1e-10 1.00011e-10 1.00047e-10 1e-10 1e-10 1e-10 1e-10 1e-10 1e-10 1e-10
TCGT 1e-10 1.00011e-10 1.00966e-10 1e-10 1e-10 1.00656e-10 1e-10 1e-10 1e-10 1e-10
ATGC 1e-10 1e-10 1.00173e-10 1e-10 1.00638e-10 1.00174e-10 1e-10 1e-10 1e-10 1e-10
CTAT 1e-10 1e-10 1e-10 1.00492e-10 1.00638e-10 0.000236033 1e-10 1e-10 1e-10 1e-10
CTAC 1e-10 1.00011e-10 1.00666e-10 1.00007e-10 0.00230873 1.00174e-10 1e-10 0.0853708 1e-10 0.187103
TTAT 1e-10 1e-10 1e-10 1.00007e-10 1.00357e-10 1.00174e-10 1e-10 1e-10 1e-10 1e-10
CTGT 1e-10 1.00011e-10 1e-10 1e-10 1e-10 1.00174e-10 1e-10 1e-10 0.00184501 1e-10
TTGC 1e-10 1e-10 1.00173e-10 1.0058e-10 1e-10 1.00174e-10 1e-10 1e-10 1e-10 1e-10
ATGT 1e-10 1.00011e-10 1.00666e-10 1.0058e-10 1e-10 1.00656e-10 1e-10 1e-10 1e-10 1e-10
CCGT 1e-10 1.00011e-10 0.0045123 1.00007e-10 1e-10 1e-10 1e-10 1e-10 1e-10 1e-10
TTGT 1e-10 1e-10 1.00047e-10 1e-10 1.00638e-10 1.00174e-10 1e-10 1e-10 1e-10 1e-10
ATAT 1e-10 1e-10 1.00923e-10 1.0058e-10 1e-10 1.00174e-10 1e-10 1e-10 1e-10 1e-10
XXXX 1e-10 1e-10 1.00047e-10 1.00007e-10 1e-10 1e-10 1e-10 1e-10 1e-10 1e-10
