Final BIC 210.404
CTGC 1.00203e-10 1e-10 1e-10 1e-10 1e-10 1e-10 1e-10 1e-10 1e-10 1e-10
CCGC 1.00203e-10 1e-10 1e-10 1e-10 1e-10 1e-10 0.00249221 1e-10 0.0102051 1e-10
TCGC 1.00203e-10 1e-10 1e-10 1e-10 1e-10 1e-10 1e-10 1e-10 1e-10 1e-10
ATGT 1.00203e-10 1e-10 1e-10 1e-10 1e-10 1e-10 1e-10 1e-10 1e-10 1e-10
ACAT 1.00203e-10 1e-10 1e-10 1e-10 1e-10 1e-10 1e-10 1e-10 1e-10 1e-10
CTGT 1.00203e-10 1e-10 1e-10 1e-10 1e-10 1e-10 1e-10 1e-10 0.00173468 1e-10
TCGT 1.00203e-10 1e-10 1e-10 1e-10 1e-10 1e-10 1e-10 1e-10 1e-10 1e-10
TTGC 1.00203e-10 1e-10 1e-10 1e-10 1e-10 0.000315915 1e-10 1e-10 1e-10 1e-10
TTAC 1.00203e-10 0.0023783 1e-10 1e-10 0.00217078 1e-10 1e-10 1e-10 1e-10 1e-10
CCAC 1 0.997622 1 1 0.968094 0.997667 0.990643 0.844642 0.627677 0.685354
CTAT 1.00203e-10 1e-10 1e-10 1e-10 1e-10 1e-10 1e-10 1e-10 1e-10 1e-10
CCAT 1.00203e-10 1e-10 1e-10 1e-10 1e-10 1e-10 1e-10 1e-10 0.360383 1e-10
TCAC 1.00203e-10 1e-10 1e-10 1e-10 0.029735 1e-10 0.00686479 0.0703691 1e-10 0.125653
ACAC 1.00203e-10 1e-10 1e-10 1e-10 1e-10 0.0020169 1e-10 1e-10 1e-10 1e-10
TCAT 1.00203e-10 1e-10 1e-10 1e-10 1e-10 1e-10 1e-10 1e-10 1e-10 0.00237052
ATAC 1.00203e-10 1e-10 1e-10 1e-10 1e-10 1e-10 1e-10 1e-10 1e-10 1e-10
CTAC 1.00203e-10 1e-10 1e-10 1e-10 1.00208e-10 1e-10 1e-10 0.0849888 1e-10 0.186623
ACGC 1.00203e-10 1e-10 1e-10 1e-10 1e-10 1e-10 1e-10 1e-10 1e-10 1e-10
TTGT 1.00203e-10 1e-10 1e-10 1e-10 1e-10 1e-10 1e-10 1e-10 1e-10 1e-10
XXXX 1.00203e-10 1e-10 1e-10 1e-10 1e-10 1e-10 1e-10 1e-10 1e-10 1e-10
