Final BIC 210.499
CCGC 1e-10 1e-10 1e-10 1e-10 1e-10 1e-10 0.00249012 1e-10 0.0101767 1e-10
TCAC 1e-10 1e-10 1e-10 1e-10 0.0296407 1e-10 0.00734876 0.0697155 1e-10 0.125586
CTGT 1e-10 1e-10 1e-10 1e-10 1e-10 1e-10 1e-10 1e-10 1e-10 1e-10
CTAC 1e-10 1e-10 1e-10 1e-10 1e-10 1e-10 1e-10 0.0850514 1.00241e-10 0.186645
TTGT 1e-10 1e-10 1e-10 1e-10 1e-10 1e-10 1e-10 1e-10 1e-10 1e-10
TTGC 1e-10 1e-10 1e-10 1e-10 1e-10 1e-10 1e-10 1e-10 1e-10 1e-10
TTAC 1e-10 0.00480965 1e-10 1e-10 0.00216789 1e-10 1e-10 1e-10 1.00241e-10 1e-10
ATAT 1e-10 1e-10 1e-10 1e-10 1e-10 1e-10 1e-10 1e-10 1e-10 1e-10
TCGT 1e-10 1e-10 1e-10 1e-10 1e-10 1e-10 1e-10 1e-10 1e-10 1e-10
CTGC 1e-10 1e-10 1e-10 1e-10 1e-10 1e-10 1e-10 1e-10 1e-10 1e-10
ATGC 1e-10 1e-10 1e-10 1e-10 1e-10 1e-10 1e-10 1e-10 1.00241e-10 1e-10
ACAC 1e-10 1e-10 1e-10 1e-10 1e-10 0.00201712 1e-10 1e-10 1e-10 1e-10
TCGC 1e-10 1e-10 1e-10 1e-10 1e-10 1e-10 1e-10 1e-10 1.00241e-10 1e-10
CTAT 1e-10 1e-10 1e-10 1e-10 0.00291131 1e-10 1e-10 1e-10 1e-10 0.00255432
CCAC 0.997186 0.99519 1 0.99942 0.96528 0.997983 0.990161 0.845233 0.628763 0.685215
ACGC 1e-10 1e-10 1e-10 0.000580187 1e-10 1e-10 1e-10 1e-10 1.00241e-10 1e-10
TTAT 0.00281362 1e-10 1e-10 1e-10 1e-10 1e-10 1e-10 1e-10 1e-10 1e-10
CCAT 1e-10 1e-10 1e-10 1e-10 1e-10 1e-10 1e-10 1e-10 0.36106 1e-10
ACGT 1e-10 1e-10 1e-10 1e-10 1e-10 1e-10 1e-10 1e-10 1e-10 1e-10
CCGT 1e-10 1e-10 1e-10 1e-10 1e-10 1e-10 1e-10 1e-10 1e-10 1e-10
ATAC 1e-10 1e-10 1e-10 1e-10 1e-10 1e-10 1e-10 1e-10 1e-10 1e-10
XXXX 1e-10 1e-10 1e-10 1e-10 1e-10 1e-10 1e-10 1e-10 1.00241e-10 1e-10
