Final BIC 210.499
CCGC 1e-10 1e-10 1e-10 1e-10 1e-10 1e-10 0.00248528 1e-10 0.0102253 1e-10
CCAC 0.999213 1 1 0.998165 0.968097 0.996617 0.987935 0.848413 0.627395 0.687012
CTAC 1e-10 1e-10 1e-10 1e-10 1e-10 1.00051e-10 1e-10 0.0853918 1.00381e-10 0.187083
ACAC 0.000786765 1e-10 1e-10 1e-10 1e-10 0.00201452 1e-10 1e-10 1.00381e-10 1e-10
TCAC 1e-10 1e-10 1e-10 0.00183473 0.0297342 1.00942e-10 0.00684691 0.0661122 1.00381e-10 0.125905
ATAC 1e-10 1e-10 1e-10 1e-10 1e-10 1e-10 1e-10 1e-10 1.00381e-10 1e-10
TCGC 1e-10 1e-10 1e-10 1e-10 1e-10 1.00051e-10 1e-10 1e-10 1.00381e-10 1e-10
TTGC 1e-10 1e-10 1e-10 1e-10 1e-10 1e-10 1e-10 1e-10 1.00381e-10 1e-10
TTAC 1e-10 1e-10 1e-10 1e-10 0.00216832 1.00051e-10 1e-10 1e-10 1.00381e-10 1e-10
TCAT 1e-10 1e-10 1e-10 1e-10 1e-10 1e-10 0.00273263 1e-10 1.00381e-10 1e-10
ATAT 1e-10 1e-10 1e-10 1e-10 1e-10 1e-10 1e-10 1e-10 1.00381e-10 1e-10
ACAT 1e-10 1e-10 1e-10 1e-10 1e-10 1e-10 1e-10 1e-10 1.00381e-10 1e-10
ATGT 1e-10 1e-10 1e-10 1e-10 1e-10 1e-10 1e-10 1e-10 1.00381e-10 1e-10
ACGC 1e-10 1e-10 1e-10 1e-10 1e-10 1e-10 1e-10 1e-10 1.00381e-10 1e-10
CCGT 1e-10 1e-10 1e-10 1e-10 1e-10 1e-10 1e-10 1e-10 1.00381e-10 1e-10
CCAT 1e-10 1e-10 1e-10 1e-10 1e-10 1e-10 1e-10 1e-10 0.36238 1e-10
TCGT 1e-10 1e-10 1e-10 1e-10 1e-10 1e-10 1e-10 1e-10 1.00381e-10 1e-10
TTAT 1e-10 1e-10 1e-10 1e-10 1e-10 1e-10 1e-10 1e-10 1.00381e-10 1e-10
ACGT 1e-10 1e-10 1e-10 1e-10 1e-10 0.00136858 1e-10 1e-10 1.00381e-10 1e-10
ATGC 1e-10 1e-10 1e-10 1e-10 1e-10 1e-10 1e-10 8.30719e-05 1.00381e-10 1e-10
CTAT 1e-10 1e-10 1e-10 1e-10 1e-10 1e-10 1e-10 1e-10 1.00381e-10 1e-10
XXXX 1e-10 1e-10 1e-10 1e-10 1e-10 1.00051e-10 1e-10 1e-10 1.00381e-10 1e-10
