Final BIC 210.499
ACGC 1e-10 1e-10 1e-10 1e-10 1e-10 1e-10 1e-10 1.00113e-10 1.00182e-10 1e-10
CTAT 1e-10 1e-10 1e-10 1e-10 1e-10 1e-10 1e-10 1.00113e-10 1.00182e-10 0.00463283
CTGC 1e-10 1e-10 1e-10 1e-10 1e-10 1e-10 1e-10 1.00113e-10 1.00182e-10 1e-10
ATGC 1e-10 1e-10 0.00121799 1e-10 1e-10 0.00434536 1e-10 1.00113e-10 1.00182e-10 1e-10
TCGC 1e-10 1e-10 1e-10 1e-10 1e-10 1e-10 1e-10 1.00113e-10 1.00182e-10 1e-10
TCAC 0.00153583 1e-10 1e-10 1e-10 0.029622 1e-10 0.00686139 0.0662463 1.00182e-10 0.125354
TCGT 1e-10 1e-10 1e-10 1e-10 1e-10 1e-10 1e-10 1.00113e-10 1.00182e-10 1e-10
CCGC 1e-10 1e-10 1e-10 1e-10 1e-10 1e-10 0.00249414 1.00113e-10 0.0101558 1e-10
TTAC 1e-10 1e-10 1e-10 1e-10 0.00625904 1e-10 1e-10 1.00113e-10 1.00182e-10 1e-10
CTAC 1e-10 1e-10 1e-10 1e-10 1e-10 1e-10 1e-10 0.0854583 1.00182e-10 0.186214
CCAT 1e-10 1e-10 1e-10 1e-10 1e-10 1e-10 1e-10 1.00113e-10 0.36172 1e-10
ATAT 1e-10 1e-10 1e-10 1e-10 1e-10 1e-10 1e-10 1.00113e-10 1.00182e-10 1e-10
CCAC 0.998464 0.998949 0.998782 1 0.964119 0.993646 0.990466 0.848295 0.628124 0.6838
TTGT 1e-10 0.00105103 1e-10 1e-10 1e-10 1e-10 1e-10 1.00113e-10 1.00182e-10 1e-10
CCGT 1e-10 1e-10 1e-10 1e-10 1e-10 1e-10 1e-10 1.00113e-10 1.00182e-10 1e-10
ACGT 1e-10 1e-10 1e-10 1e-10 1e-10 1e-10 1e-10 1.00113e-10 1.00182e-10 1e-10
ACAC 1e-10 1e-10 1e-10 1e-10 1e-10 0.00200911 1e-10 1.00113e-10 1.00182e-10 1e-10
TCAT 1e-10 1e-10 1e-10 1e-10 1e-10 1e-10 0.000178514 1.00113e-10 1.00182e-10 1e-10
ACAT 1e-10 1e-10 1e-10 1e-10 1e-10 1e-10 1e-10 1.00113e-10 1.00182e-10 1e-10
ATGT 1e-10 1e-10 1e-10 1e-10 1e-10 1e-10 1e-10 1.00113e-10 1.00182e-10 1e-10
TTAT 1e-10 1e-10 1e-10 1e-10 1e-10 1e-10 1e-10 1.00113e-10 1.00182e-10 1e-10
XXXX 1e-10 1e-10 1e-10 1e-10 1e-10 1e-10 1e-10 1.00113e-10 1.00182e-10 1e-10
