Final BIC 210.453
CTGC 1e-10 1e-10 1e-10 1e-10 1e-10 1.00202e-10 1e-10 1e-10 1e-10 1e-10
ACAC 1e-10 1e-10 1e-10 1e-10 1e-10 1.00202e-10 1e-10 1e-10 1e-10 1.00009e-10
CCAT 1e-10 1e-10 1e-10 1e-10 1e-10 1.00202e-10 1e-10 1e-10 0.359302 1e-10
CCGC 1e-10 1e-10 1e-10 1e-10 1e-10 1.00202e-10 0.00247751 1e-10 0.0102109 1e-10
TCGC 1e-10 1e-10 1e-10 1e-10 1e-10 1.00202e-10 1.53257e-05 1e-10 0.00457649 1e-10
CTAC 1e-10 1e-10 1e-10 1e-10 1.00559e-10 1.00202e-10 1e-10 0.0851652 1e-10 0.187076
TTGC 1e-10 1e-10 1e-10 1e-10 1e-10 1.00202e-10 1.00202e-10 1e-10 1e-10 1e-10
CCAC 1 0.997346 0.998136 1 0.968069 1 0.990661 0.846375 0.62591 0.686966
TCAC 1e-10 1e-10 0.00186433 1e-10 0.0297637 1.00202e-10 0.00684628 0.0659845 1e-10 0.125958
ACGC 1e-10 1e-10 1e-10 1e-10 1e-10 1.00202e-10 1e-10 0.00247526 1e-10 1e-10
ATGC 1e-10 1e-10 1e-10 1e-10 1e-10 1.00202e-10 1e-10 1e-10 1e-10 1e-10
TTAC 1e-10 1e-10 1e-10 1e-10 0.00216775 1.00202e-10 1e-10 1e-10 1e-10 1.00009e-10
TCGT 1e-10 1e-10 1e-10 1e-10 1.00206e-10 1.00202e-10 1e-10 1e-10 1e-10 1e-10
TTGT 1e-10 1e-10 1e-10 1e-10 1e-10 1.00202e-10 1e-10 1e-10 1e-10 1e-10
CCGT 1e-10 1e-10 1e-10 1e-10 1e-10 1.00202e-10 1e-10 1e-10 1e-10 1e-10
ACAT 1e-10 1e-10 1e-10 1e-10 1e-10 1.00202e-10 1e-10 1e-10 1e-10 1e-10
TCAT 1e-10 1e-10 1e-10 1e-10 1e-10 1.00202e-10 1e-10 1e-10 1e-10 1.00009e-10
ATGT 1e-10 1e-10 1e-10 1e-10 1e-10 1.00202e-10 1e-10 1e-10 1e-10 1e-10
TTAT 1e-10 1e-10 1e-10 1e-10 1e-10 1.00202e-10 1e-10 1e-10 1e-10 1e-10
CTAT 1e-10 1e-10 1e-10 1e-10 1e-10 1.00202e-10 1e-10 1e-10 1e-10 1e-10
XXXX 1e-10 0.00265369 1e-10 1e-10 1e-10 1.00202e-10 1e-10 1e-10 1e-10 1e-10
