Final BIC 210.544
TCAC 1e-10 1e-10 1e-10 1e-10 0.0296179 1e-10 0.00687191 0.0663799 1e-10 0.125922
ACGC 1e-10 1e-10 1e-10 1e-10 1e-10 1e-10 1e-10 1.0033e-10 1e-10 1.00002e-10
CTGC 1e-10 1e-10 1e-10 1e-10 1e-10 1e-10 1e-10 1.0033e-10 1e-10 1.00002e-10
CCGT 1e-10 1e-10 1e-10 1e-10 1e-10 1e-10 1e-10 1.0033e-10 1e-10 1e-10
TTGC 1e-10 1e-10 1e-10 1e-10 1e-10 1e-10 1e-10 1.0033e-10 1e-10 1.00002e-10
ACAC 1e-10 1e-10 1e-10 1e-10 1e-10 0.0020178 1e-10 1.0033e-10 1e-10 1.00002e-10
TTGT 1e-10 1e-10 1e-10 1e-10 1e-10 1e-10 1e-10 1.0033e-10 1e-10 1.00002e-10
CCAC 1 1 1 1 0.964182 0.997982 0.990639 0.851248 0.630581 0.686992
CCAT 1e-10 1e-10 1e-10 1e-10 1e-10 1e-10 1e-10 1.0033e-10 0.359297 1.00002e-10
TTAC 1e-10 1e-10 1e-10 1e-10 0.00619977 1e-10 1e-10 1.0033e-10 1e-10 1.00002e-10
ATGC 1e-10 1e-10 1e-10 1e-10 1e-10 1e-10 1e-10 1.0033e-10 1e-10 1.00002e-10
CTAT 1e-10 1e-10 1e-10 1e-10 1e-10 1e-10 1e-10 1.0033e-10 1e-10 1e-10
CCGC 1e-10 1e-10 1e-10 1e-10 1e-10 1e-10 0.00248862 1.0033e-10 0.0101213 1e-10
ACAT 1e-10 1e-10 1e-10 1e-10 1e-10 1e-10 1e-10 1.0033e-10 1e-10 1e-10
TCGT 1e-10 1e-10 1e-10 1e-10 1e-10 1e-10 1e-10 1.0033e-10 1e-10 1.00002e-10
TCAT 1e-10 1e-10 1e-10 1e-10 1e-10 1e-10 1e-10 1.0033e-10 1e-10 1.00002e-10
ATAC 1e-10 1e-10 1e-10 1e-10 1e-10 1e-10 1e-10 1.0033e-10 1e-10 1.00002e-10
ACGT 1e-10 1e-10 1e-10 1e-10 1e-10 1e-10 1e-10 1.0033e-10 1e-10 1e-10
ATAT 1e-10 1e-10 1e-10 1e-10 1e-10 1e-10 1e-10 1.0033e-10 1e-10 1e-10
ATGT 1e-10 1e-10 1e-10 1e-10 1e-10 1e-10 1e-10 1.0033e-10 1e-10 1.00002e-10
TCGC 1e-10 1e-10 1e-10 1e-10 1e-10 1e-10 1e-10 1.0033e-10 1e-10 1.00002e-10
CTAC 1e-10 1e-10 1e-10 1e-10 1e-10 1e-10 1e-10 0.0823717 1e-10 0.187086
XXXX 1e-10 1e-10 1e-10 1e-10 1e-10 1e-10 1e-10 1.0033e-10 1e-10 1.00002e-10
