Final BIC 210.64
CTAC 1e-10 1e-10 1e-10 1e-10 0.00142762 1e-10 1e-10 0.0852419 1e-10 0.187112
CCAC 0.999947 0.999062 0.997461 1 0.968168 0.99528 0.987168 0.84717 0.628575 0.686981
CTGC 5.32844e-05 1e-10 1e-10 1e-10 1.00075e-10 1e-10 1e-10 1e-10 1e-10 1e-10
CTGT 1e-10 1e-10 1e-10 1e-10 1.00075e-10 1e-10 1e-10 1e-10 1e-10 1e-10
TCGT 1e-10 1e-10 1e-10 1e-10 1.00075e-10 1e-10 1e-10 1e-10 1e-10 1e-10
CCAT 1e-10 1e-10 1e-10 1e-10 1.00075e-10 1e-10 1e-10 1e-10 0.360802 1e-10
TCAC 1e-10 1e-10 1e-10 1e-10 0.0304049 1e-10 0.0068987 0.0660527 1e-10 0.125907
TCGC 1e-10 1e-10 1e-10 1e-10 1.00075e-10 1e-10 1e-10 1e-10 1e-10 1e-10
TTGT 1e-10 1e-10 1e-10 1e-10 1.00075e-10 0.00270765 1e-10 1e-10 1e-10 1e-10
TTGC 1e-10 1e-10 1e-10 1e-10 1.00075e-10 1e-10 0.00348401 1e-10 1e-10 1e-10
ATAC 1e-10 1e-10 1e-10 1e-10 1.00075e-10 1e-10 1e-10 1e-10 1e-10 1e-10
TCAT 1e-10 1e-10 1e-10 1e-10 1.00075e-10 1e-10 1e-10 1e-10 1e-10 1e-10
TTAC 1e-10 1e-10 1e-10 1e-10 1.00075e-10 1e-10 1e-10 0.00153504 1e-10 1e-10
ACGC 1e-10 1e-10 1e-10 1e-10 1.00075e-10 1e-10 1e-10 1e-10 1e-10 1e-10
TTAT 1e-10 1e-10 1e-10 1e-10 1.00075e-10 1e-10 1e-10 1e-10 0.00035175 1e-10
ATGC 1e-10 1e-10 1e-10 1e-10 1.00075e-10 1e-10 1e-10 1e-10 1e-10 1e-10
CCGT 1e-10 1e-10 1e-10 1e-10 1.00075e-10 1e-10 1e-10 1e-10 1e-10 1e-10
ACAC 1e-10 1e-10 1e-10 1e-10 1.00075e-10 0.00201198 1e-10 1e-10 1e-10 1e-10
CCGC 1e-10 0.000938301 1e-10 1e-10 1.00075e-10 1e-10 0.00244963 1e-10 0.010271 1e-10
CTAT 1e-10 1e-10 1e-10 1e-10 1.00075e-10 1e-10 1e-10 1e-10 1e-10 1e-10
ACAT 1e-10 1e-10 0.00253907 1e-10 1.00075e-10 1e-10 1e-10 1e-10 1e-10 1e-10
ACGT 1e-10 1e-10 1e-10 1e-10 1.00075e-10 1e-10 1e-10 1e-10 1e-10 1e-10
ATAT 1e-10 1e-10 1e-10 1e-10 1.00075e-10 1e-10 1e-10 1e-10 1e-10 1e-10
XXXX 1e-10 1e-10 1e-10 1e-10 1.00075e-10 1e-10 1e-10 1e-10 1e-10 1e-10
