Final BIC 210.545
CCAC 1 1 0.996837 0.997151 0.968142 0.997982 0.987481 0.848438 0.628461 0.686976
TCGC 1e-10 1e-10 1e-10 1e-10 1.00003e-10 1e-10 1e-10 1e-10 1e-10 1e-10
CCGC 1e-10 1e-10 1e-10 1e-10 1e-10 1e-10 0.00252263 1e-10 0.0103953 1e-10
CTAC 1e-10 1e-10 1e-10 0.00284888 1.00087e-10 1e-10 1e-10 0.0853899 1e-10 0.187102
TCAC 1e-10 1e-10 1e-10 1e-10 0.0296809 1e-10 0.00696801 0.0661723 1e-10 0.125922
ACGC 1e-10 1e-10 1e-10 1e-10 1e-10 1e-10 1e-10 1e-10 1e-10 1e-10
CCGT 1e-10 1e-10 1e-10 1e-10 1e-10 1e-10 1e-10 1e-10 1e-10 1e-10
ATAC 1e-10 1e-10 1e-10 1e-10 1.00003e-10 1e-10 0.00302802 1e-10 1e-10 1e-10
TCAT 1e-10 1e-10 1e-10 1e-10 1.00003e-10 1e-10 1e-10 1e-10 1e-10 1e-10
ACAC 1e-10 1e-10 1e-10 1e-10 1e-10 0.0020176 1e-10 1e-10 1e-10 1e-10
TTGC 1e-10 1e-10 1e-10 1e-10 1.00003e-10 1e-10 1e-10 1e-10 1e-10 1e-10
CTGC 1e-10 1e-10 1e-10 1e-10 1e-10 1e-10 1e-10 1e-10 1e-10 1e-10
CCAT 1e-10 1e-10 1e-10 1e-10 1.00003e-10 1e-10 1e-10 1e-10 0.360763 1e-10
CTGT 1e-10 1e-10 1e-10 1e-10 1e-10 1e-10 1e-10 1e-10 0.000379972 1e-10
ACAT 1e-10 1e-10 1e-10 1e-10 1.00003e-10 1e-10 1e-10 1e-10 1e-10 1e-10
ATAT 1e-10 1e-10 1e-10 1e-10 1e-10 1e-10 1e-10 1e-10 1e-10 1e-10
TCGT 1e-10 1e-10 0.00316339 1e-10 1.00003e-10 1e-10 1e-10 1e-10 1e-10 1e-10
CTAT 1e-10 1e-10 1e-10 1e-10 1.00003e-10 1e-10 1e-10 1e-10 1e-10 1e-10
ATGT 1e-10 1e-10 1e-10 1e-10 1e-10 1e-10 1e-10 1e-10 1e-10 1e-10
ATGC 1e-10 1e-10 1e-10 1e-10 1.00003e-10 1e-10 1e-10 1e-10 1e-10 1e-10
ACGT 1e-10 1e-10 1e-10 1e-10 1.00003e-10 1e-10 1e-10 1e-10 1e-10 1e-10
TTAC 1e-10 1e-10 1e-10 1e-10 0.00217732 1e-10 1e-10 1e-10 1e-10 1e-10
XXXX 1e-10 1e-10 1e-10 1e-10 1e-10 1e-10 1e-10 1e-10 1e-10 1e-10
