Final BIC 339.579
TCAC 1e-10 1e-10 1e-10 1e-10 0.0307852 1.00047e-10 0.00689971 0.0661848 1e-10 0.125962
CCAC 0.997926 0.98867 0.985203 1 0.967151 0.972173 0.990627 0.847631 0.626982 0.686983
CTAC 1e-10 1e-10 1e-10 1e-10 0.00192086 1.00047e-10 1e-10 0.085188 1e-10 0.187056
ACAC 1e-10 0.0113301 0.0147967 1e-10 1e-10 0.00208465 1e-10 1e-10 1e-10 1e-10
TCGC 1e-10 1.00428e-10 1e-10 1e-10 1.00013e-10 1e-10 6.28275e-06 1e-10 1e-10 1e-10
CTGC 1e-10 1.00428e-10 1e-10 1e-10 1.00013e-10 1.00047e-10 4.85574e-06 1e-10 0.00284389 1e-10
CCGC 1e-10 1.00108e-10 1e-10 1e-10 1.00013e-10 1e-10 0.00246233 1e-10 0.0102218 1e-10
ACGC 1e-10 1e-10 1e-10 1e-10 1e-10 1.00047e-10 1e-10 1e-10 1e-10 1e-10
TTAC 1e-10 1.00428e-10 1e-10 1e-10 0.000142938 1.00047e-10 1e-10 1e-10 1e-10 1e-10
CCAT 1e-10 1e-10 1e-10 1e-10 1.00013e-10 0.0255232 1e-10 0.000996121 0.359953 1e-10
TTGC 1e-10 1e-10 1e-10 1e-10 1.00013e-10 1.00047e-10 1e-10 1e-10 1e-10 1e-10
ATGC 1e-10 1e-10 1e-10 1e-10 1e-10 1e-10 1e-10 1e-10 1e-10 1e-10
ATAC 1e-10 1.00428e-10 1e-10 1e-10 1e-10 1.00063e-10 1e-10 1e-10 1e-10 1.00002e-10
TCAT 1e-10 1e-10 1e-10 1e-10 1e-10 1.00063e-10 1e-10 1e-10 1e-10 1e-10
CTGT 0.00207446 1.00011e-10 1e-10 1e-10 1e-10 1.00047e-10 1e-10 1e-10 1e-10 1e-10
ACAT 1e-10 1e-10 1e-10 1e-10 1e-10 1.00047e-10 1e-10 1e-10 1e-10 1.00002e-10
TTAT 1e-10 1.00428e-10 1e-10 1e-10 1.00013e-10 1.00097e-10 1e-10 1e-10 1e-10 1e-10
TCGT 1e-10 1.00432e-10 1e-10 1e-10 1.00013e-10 1e-10 1e-10 1e-10 1e-10 1e-10
ACGT 1e-10 1.00428e-10 1e-10 1e-10 1e-10 1.00063e-10 1e-10 1e-10 1e-10 1e-10
CTAT 1e-10 1e-10 1e-10 1e-10 1e-10 1.00047e-10 1e-10 1e-10 1e-10 1e-10
ATAT 1e-10 1e-10 1e-10 1e-10 1e-10 1.00047e-10 1e-10 1e-10 1e-10 1.00002e-10
TTGT 1e-10 1.00428e-10 1e-10 1e-10 1.00032e-10 1e-10 1e-10 1e-10 1e-10 1e-10
ATGT 1e-10 1e-10 1e-10 1e-10 1e-10 1e-10 1e-10 1e-10 1e-10 1.00002e-10
CCGT 1e-10 1.00428e-10 1e-10 1e-10 1e-10 0.00021894 1e-10 1e-10 1e-10 1.00002e-10
XXXX 1e-10 1.0124e-10 1e-10 1e-10 1e-10 1e-10 1e-10 1e-10 1e-10 1e-10
