Final BIC 210.453
CCAC 1 1 1 1 0.965705 0.994864 0.988112 0.848479 0.627368 0.690017
CCGC 1e-10 1e-10 1e-10 1e-10 1e-10 1e-10 0.00248237 1e-10 0.0101117 1.00444e-10
CTAC 1e-10 1e-10 1e-10 1e-10 1e-10 1e-10 1e-10 0.0853492 1e-10 0.183505
ACAC 1e-10 1e-10 1e-10 1e-10 1e-10 0.00201125 0.00254913 1.00038e-10 1e-10 1.00444e-10
TTAC 1e-10 1e-10 1e-10 1e-10 0.00216545 1e-10 1e-10 1e-10 1e-10 1.00444e-10
ATGC 1e-10 1e-10 1e-10 1e-10 1e-10 1e-10 1e-10 1e-10 1e-10 1.00444e-10
CTGT 1e-10 1e-10 1e-10 1e-10 1e-10 1e-10 1e-10 1.00038e-10 1e-10 1.00444e-10
CCGT 1e-10 1e-10 1e-10 1e-10 1e-10 1e-10 1e-10 1e-10 1e-10 1.00444e-10
TCAC 1e-10 1e-10 1e-10 1e-10 0.0296616 1e-10 0.00685617 0.066172 1e-10 0.126479
TTAT 1e-10 1e-10 1e-10 1e-10 1e-10 0.00312491 1e-10 1e-10 1e-10 1.00444e-10
CTGC 1e-10 1e-10 1e-10 1e-10 1e-10 1e-10 1e-10 1e-10 1e-10 1.00444e-10
TCGT 1e-10 1e-10 1e-10 1e-10 1e-10 1e-10 1e-10 1e-10 1e-10 1.00444e-10
TCGC 1e-10 1e-10 1e-10 1e-10 0.00246744 1e-10 1e-10 1e-10 1e-10 1.00444e-10
TCAT 1e-10 1e-10 1e-10 1e-10 1e-10 1e-10 1e-10 1e-10 0.00228475 1.00444e-10
CTAT 1e-10 1e-10 1e-10 1e-10 1e-10 1e-10 1e-10 1e-10 1e-10 1.00444e-10
CCAT 1e-10 1e-10 1e-10 1e-10 1e-10 1e-10 1e-10 1e-10 0.360236 1.00444e-10
ACAT 1e-10 1e-10 1e-10 1e-10 1e-10 1e-10 1e-10 1e-10 1e-10 1.00444e-10
ACGC 1e-10 1e-10 1e-10 1e-10 1e-10 1e-10 1e-10 1e-10 1e-10 1.00444e-10
ATAT 1e-10 1e-10 1e-10 1e-10 1e-10 1e-10 1e-10 1e-10 1e-10 1.00444e-10
ATAC 1e-10 1e-10 1e-10 1e-10 1e-10 1e-10 1e-10 1e-10 1e-10 1.00444e-10
XXXX 1e-10 1e-10 1e-10 1e-10 1e-10 1e-10 1e-10 1e-10 1e-10 1.00444e-10
