Final BIC 210.453
CCGT 1e-10 1e-10 1e-10 1e-10 1e-10 1e-10 1e-10 1e-10 1e-10 1e-10
CTAC 1e-10 1e-10 1e-10 1e-10 1e-10 1e-10 1e-10 0.0849647 1e-10 0.186275
ATGC 1e-10 1e-10 1e-10 1e-10 1e-10 1e-10 1e-10 0.00473438 1e-10 1e-10
ACAT 1e-10 1e-10 1e-10 1e-10 1e-10 1e-10 1e-10 1e-10 1e-10 1e-10
CTGC 1e-10 1e-10 1e-10 1e-10 1e-10 1e-10 1e-10 1e-10 1e-10 1e-10
TTAC 1e-10 1e-10 1e-10 1e-10 0.0021777 1e-10 1e-10 1e-10 1e-10 0.00441634
ACGC 1e-10 1e-10 1e-10 1e-10 1e-10 1e-10 1e-10 1e-10 1e-10 1e-10
TCAC 1e-10 1e-10 1e-10 1e-10 0.0297235 1e-10 0.00687134 0.0658511 1e-10 0.125355
CCAC 1 0.999354 0.996559 1 0.968099 0.997983 0.99064 0.84445 0.628801 0.683954
ATAT 1e-10 1e-10 1e-10 1e-10 1e-10 1e-10 1e-10 1e-10 1e-10 1e-10
ATAC 1e-10 1e-10 0.00344072 1e-10 1e-10 1e-10 1e-10 1e-10 1e-10 1e-10
TCAT 1e-10 1e-10 1e-10 1e-10 1e-10 1e-10 1e-10 1e-10 1e-10 1e-10
CCAT 1e-10 1e-10 1e-10 1e-10 1e-10 1e-10 1e-10 1e-10 0.361014 1e-10
CCGC 1e-10 1e-10 1e-10 1e-10 1e-10 1e-10 0.00248874 1e-10 0.0101852 1e-10
TTGC 1e-10 1e-10 1e-10 1e-10 1e-10 1e-10 1e-10 1e-10 1e-10 1e-10
ATGT 1e-10 1e-10 1e-10 1e-10 1e-10 1e-10 1e-10 1e-10 1e-10 1e-10
TCGC 1e-10 0.000646408 1e-10 1e-10 1e-10 1e-10 1e-10 1e-10 1e-10 1e-10
ACAC 1e-10 1e-10 1e-10 1e-10 1e-10 0.00201733 1e-10 1e-10 1e-10 1e-10
ACGT 1e-10 1e-10 1e-10 1e-10 1e-10 1e-10 1e-10 1e-10 1e-10 1e-10
CTAT 1e-10 1e-10 1e-10 1e-10 1e-10 1e-10 1e-10 1e-10 1e-10 1e-10
XXXX 1e-10 1e-10 1e-10 1e-10 1e-10 1e-10 1e-10 1e-10 1e-10 1e-10
