Final BIC 210.404
CCAC 0.997425 0.997807 1 0.996869 0.968096 0.997987 0.990614 0.846229 0.628747 0.684658
ACGC 1e-10 0.00219269 1e-10 1e-10 1e-10 1e-10 1e-10 1e-10 1.00003e-10 1e-10
TCAC 1e-10 1e-10 1e-10 1e-10 0.0297309 1e-10 0.00686825 0.0659848 1.00003e-10 0.125534
ATAC 1e-10 1e-10 1e-10 1e-10 1e-10 1e-10 1e-10 1e-10 1e-10 1e-10
CCAT 1e-10 1e-10 1e-10 1e-10 1e-10 1e-10 1e-10 1e-10 0.361016 1e-10
CTGC 1e-10 1e-10 1e-10 1e-10 1e-10 1e-10 1e-10 1e-10 1.00003e-10 1e-10
CCGC 1e-10 1e-10 1e-10 1e-10 1e-10 1e-10 0.00249156 0.00264894 0.0102367 1e-10
ACAC 1e-10 1e-10 1e-10 1e-10 1e-10 0.00201322 1e-10 1e-10 1e-10 1e-10
TTGC 1e-10 1e-10 1e-10 1e-10 1e-10 1e-10 1e-10 1e-10 1.00003e-10 1e-10
TTAC 1e-10 1e-10 1e-10 1e-10 0.0021727 1e-10 1e-10 1e-10 1.00003e-10 1e-10
CCGT 0.00257506 1e-10 1e-10 1e-10 1e-10 1e-10 1e-10 1e-10 1e-10 1e-10
TCGT 1e-10 1e-10 1e-10 1e-10 1e-10 1e-10 1e-10 1e-10 1.00003e-10 1e-10
CTGT 1e-10 1e-10 1e-10 1e-10 1e-10 1e-10 1e-10 1e-10 1e-10 1e-10
ATGC 1e-10 1e-10 1e-10 1e-10 1e-10 1e-10 1e-10 1e-10 1e-10 0.00332874
ACAT 1e-10 1e-10 1e-10 1e-10 1e-10 1e-10 1e-10 1e-10 1e-10 1e-10
TTAT 1e-10 1e-10 1e-10 0.003131 1e-10 1e-10 2.61344e-05 1e-10 1.00003e-10 1e-10
CTAT 1e-10 1e-10 1e-10 1e-10 1e-10 1e-10 1e-10 1e-10 1e-10 1e-10
CTAC 1e-10 1e-10 1e-10 1e-10 1e-10 1e-10 1e-10 0.0851376 1.00003e-10 0.18648
ATGT 1e-10 1e-10 1e-10 1e-10 1e-10 1e-10 1e-10 1e-10 1.00003e-10 1e-10
XXXX 1e-10 1e-10 1e-10 1e-10 1e-10 1e-10 1e-10 1e-10 1e-10 1e-10
