Final BIC 210.688
TCAC 1e-10 1e-10 1e-10 0.00280556 0.0306166 1e-10 0.00681386 0.065998 1e-10 0.125969
CTAT 1e-10 1e-10 1e-10 1e-10 1e-10 1e-10 1e-10 1e-10 1e-10 1e-10
CCGC 1e-10 1e-10 1e-10 1e-10 1.00083e-10 1e-10 0.00252326 1e-10 0.0101905 1e-10
CCGT 1e-10 1e-10 1e-10 1e-10 1.00082e-10 1e-10 1e-10 1e-10 1e-10 1e-10
ACGC 1e-10 1e-10 1e-10 1e-10 1e-10 1e-10 1e-10 1e-10 1e-10 1e-10
ACAC 1e-10 1e-10 1e-10 1e-10 1e-10 0.00221564 1e-10 1e-10 1e-10 1e-10
ATGT 1e-10 1e-10 1e-10 1e-10 1.00083e-10 1e-10 1e-10 1e-10 1e-10 1e-10
TCGT 1e-10 1e-10 1e-10 1e-10 1e-10 1e-10 0.000131074 1e-10 1e-10 1e-10
TCAT 1e-10 1e-10 1e-10 1e-10 1.00083e-10 1e-10 1e-10 1e-10 1e-10 1e-10
CCAC 1 1 0.996107 0.997194 0.967142 0.997784 0.990532 0.846339 0.628254 0.68695
CTGT 1e-10 1e-10 1e-10 1e-10 1.00083e-10 1e-10 1e-10 1e-10 1e-10 1e-10
ACGT 1e-10 1e-10 1e-10 1e-10 1.00083e-10 1e-10 1e-10 1e-10 1e-10 1e-10
CCAT 1e-10 1e-10 1e-10 1e-10 1e-10 1e-10 1e-10 1e-10 0.360714 1e-10
ATGC 1e-10 1e-10 0.00389278 1e-10 1e-10 1e-10 1e-10 1e-10 1e-10 1e-10
CTGC 1e-10 1e-10 1e-10 1e-10 1e-10 1e-10 1e-10 1e-10 1e-10 1e-10
ATAC 1e-10 1e-10 1e-10 1e-10 1.00083e-10 1e-10 1e-10 1e-10 1e-10 1e-10
CTAC 1e-10 1e-10 1e-10 1e-10 0.00224145 1e-10 1e-10 0.0851635 1e-10 0.18708
TTGC 1e-10 1e-10 1e-10 1e-10 1e-10 1e-10 1e-10 0.0024992 1e-10 1e-10
ATAT 1e-10 1e-10 1e-10 1e-10 1e-10 1e-10 1.00069e-10 1e-10 1e-10 1e-10
TTGT 1e-10 1e-10 1e-10 1e-10 1e-10 1e-10 1e-10 1e-10 1e-10 1e-10
TTAC 1e-10 1e-10 1e-10 1e-10 1.00083e-10 1e-10 1e-10 1e-10 1e-10 1e-10
TCGC 1e-10 1e-10 1e-10 1e-10 1.00083e-10 1e-10 1e-10 1e-10 0.000841953 1e-10
ACAT 1e-10 1e-10 1e-10 1e-10 1e-10 1e-10 1e-10 1e-10 1e-10 1e-10
XXXX 1e-10 1e-10 1e-10 1e-10 1.00083e-10 1e-10 1e-10 1e-10 1e-10 1e-10
