Final BIC 411.468
TCAC 1.00436e-10 1e-10 1e-10 1e-10 0.0301295 1e-10 0.00682608 0.0652809 1e-10 0.125938
CTAC 1.00122e-10 1e-10 1e-10 1e-10 0.000566298 1e-10 1e-10 0.094862 1e-10 0.187091
TCGC 1.00122e-10 1e-10 1e-10 1e-10 1e-10 1e-10 1e-10 1e-10 1e-10 1e-10
TTGC 1.00658e-10 1e-10 1e-10 1e-10 1.00089e-10 1e-10 1e-10 1e-10 1e-10 1e-10
ATAC 1.00436e-10 1e-10 1e-10 1e-10 1e-10 1e-10 1e-10 1e-10 1e-10 1e-10
CCAC 0.941714 1 1 1 0.96777 0.975889 0.988339 0.835264 0.628733 0.686971
ATGC 1.01232e-10 1e-10 1e-10 1e-10 1e-10 1.00448e-10 1e-10 1e-10 1e-10 1e-10
CCGC 1.00122e-10 1e-10 1e-10 1e-10 1e-10 1e-10 0.00249901 1e-10 0.0100786 1e-10
ACAC 1.00658e-10 1e-10 1e-10 1e-10 1e-10 0.00232432 1e-10 1e-10 1e-10 1e-10
CTGC 1.00122e-10 1e-10 1e-10 1e-10 1e-10 1e-10 1e-10 1e-10 1e-10 1e-10
CTAT 1.00658e-10 1.00001e-10 1e-10 1e-10 1e-10 1e-10 1e-10 1e-10 1e-10 1e-10
ACGC 1e-10 1e-10 1e-10 1e-10 1e-10 1.00021e-10 1e-10 1e-10 1e-10 1e-10
ACAT 1e-10 1.00338e-10 1e-10 1e-10 1e-10 1.00448e-10 1e-10 1e-10 1e-10 1e-10
TTAC 1.00122e-10 1e-10 1e-10 1e-10 0.00153465 1e-10 1e-10 1e-10 1e-10 1e-10
CCGT 1.00122e-10 1e-10 1e-10 1e-10 1e-10 1e-10 1e-10 1e-10 1e-10 1e-10
TCAT 1e-10 1.00001e-10 1e-10 1e-10 1e-10 1.00281e-10 0.00233563 1e-10 1e-10 1e-10
CTGT 1.00122e-10 1e-10 1e-10 1e-10 1e-10 1.00448e-10 1e-10 1e-10 1.00161e-10 1e-10
TCGT 1.00658e-10 1e-10 1e-10 1e-10 1e-10 1e-10 1e-10 1e-10 1e-10 1e-10
CCAT 0.0582865 1e-10 1e-10 1e-10 1e-10 0.0217864 1e-10 1e-10 0.361189 1e-10
ACGT 1e-10 1.00001e-10 1e-10 1e-10 1e-10 1e-10 1e-10 1e-10 1e-10 1e-10
TTAT 1e-10 1e-10 1e-10 1e-10 1e-10 1.00122e-10 1e-10 1e-10 1e-10 1e-10
ATGT 1.00122e-10 1.00001e-10 1e-10 1e-10 1e-10 1e-10 1e-10 1e-10 1e-10 1e-10
TTGT 1.00122e-10 1e-10 1e-10 1e-10 1e-10 1.00021e-10 1e-10 1e-10 1e-10 1e-10
ATAT 1.00436e-10 1.00001e-10 1e-10 1e-10 1e-10 1.00448e-10 1e-10 0.00459284 1e-10 1e-10
XXXX 1.00122e-10 1e-10 1e-10 1e-10 1e-10 1.00448e-10 1e-10 1e-10 1e-10 1e-10
