Final BIC 210.404
ATAT 1e-10 1e-10 1e-10 1.0011e-10 1e-10 1e-10 1e-10 1e-10 1.00144e-10 1.00046e-10
CCAC 0.999663 0.995834 1 1 0.968097 0.997983 0.990918 0.848161 0.629663 0.687267
TCAT 1e-10 1e-10 1e-10 1.0011e-10 1e-10 1e-10 1e-10 1e-10 1.00144e-10 1.00046e-10
CCGC 1e-10 1e-10 1e-10 1.0011e-10 1e-10 1.00174e-10 0.00220486 1e-10 0.00878684 1.00046e-10
ATGT 1e-10 1e-10 1e-10 1.0011e-10 1e-10 1e-10 1e-10 0.000368272 1.00144e-10 1.00046e-10
TTGC 1e-10 1e-10 1e-10 1.0011e-10 1e-10 1.00174e-10 1e-10 1e-10 1.00144e-10 1.00046e-10
TCAC 1e-10 1e-10 1e-10 1.0011e-10 0.029731 1.00174e-10 0.0065942 0.0661266 1.00144e-10 0.126004
CTGC 1e-10 1e-10 1e-10 1.0011e-10 1e-10 1.00484e-10 1e-10 1e-10 1.00144e-10 1.00046e-10
ATAC 1e-10 1e-10 1e-10 1.0011e-10 1e-10 1e-10 1e-10 1e-10 1.00144e-10 1.00046e-10
TCGT 0.00033668 1e-10 1e-10 1.0011e-10 1e-10 1.00174e-10 1e-10 1e-10 1.00144e-10 1.00046e-10
CCAT 1e-10 1e-10 1e-10 1.0011e-10 1e-10 1.00174e-10 1e-10 1e-10 0.36155 1.00046e-10
ACAC 1e-10 1e-10 1e-10 1.0011e-10 1e-10 0.00201706 1e-10 1e-10 1.00144e-10 1.00046e-10
CTAC 1e-10 1e-10 1e-10 1.0011e-10 1e-10 1e-10 1e-10 0.0853445 1.00144e-10 0.186729
TCGC 1e-10 1e-10 1e-10 1.0011e-10 1e-10 1e-10 0.000282904 1e-10 1.00144e-10 1.00046e-10
ACGC 1e-10 1e-10 1e-10 1.0011e-10 1e-10 1e-10 1e-10 1e-10 1.00144e-10 1.00046e-10
ATGC 1e-10 1e-10 1e-10 1.0011e-10 1e-10 1e-10 1e-10 1e-10 1.00144e-10 1.00046e-10
TTAC 1e-10 1e-10 1e-10 1.0011e-10 0.00217245 1e-10 1e-10 1e-10 1.00144e-10 1.00046e-10
CCGT 1e-10 0.00416631 1e-10 1.0011e-10 1e-10 1e-10 1e-10 1e-10 1.00144e-10 1.00046e-10
TTGT 1e-10 1e-10 1e-10 1.0011e-10 1e-10 1e-10 1e-10 1e-10 1.00144e-10 1.00046e-10
XXXX 1e-10 1e-10 1e-10 1.0011e-10 1e-10 1.00174e-10 1e-10 1e-10 1.00144e-10 1.00046e-10
