Final BIC 210.499
CCGT 1e-10 1e-10 1e-10 1e-10 1.00217e-10 1e-10 1e-10 1e-10 1e-10 1e-10
CTGC 1e-10 1e-10 1e-10 1e-10 1.00217e-10 1e-10 1e-10 1e-10 1e-10 1e-10
ATAC 1e-10 1e-10 1e-10 1e-10 1.00217e-10 1e-10 1e-10 1e-10 1e-10 1e-10
CCGC 1e-10 1e-10 1e-10 1e-10 1.00217e-10 1e-10 0.00134514 1e-10 0.010209 1e-10
CTAC 1e-10 1e-10 1e-10 1e-10 1.00217e-10 1e-10 1e-10 0.0853076 0.0023353 0.186672
TTGC 1e-10 1e-10 1e-10 1e-10 1.00217e-10 1e-10 1e-10 1e-10 1e-10 1e-10
TCAT 1e-10 1e-10 1e-10 1e-10 1.00217e-10 1e-10 1e-10 1e-10 1e-10 1e-10
ACGC 1e-10 1e-10 1e-10 1e-10 1.00222e-10 1e-10 1e-10 1e-10 1e-10 1e-10
CTGT 1e-10 4.38153e-05 1e-10 1e-10 1.00222e-10 1e-10 1e-10 1e-10 1e-10 1e-10
ACAC 1e-10 1e-10 1e-10 1e-10 1.00222e-10 0.00201082 1e-10 1e-10 1e-10 1e-10
TCGC 1e-10 1e-10 1e-10 1e-10 1.00222e-10 1e-10 0.00114497 1e-10 1e-10 1e-10
CCAC 1 0.999956 0.995547 1 0.970189 0.993689 0.989163 0.84767 0.62731 0.685559
CTAT 1e-10 1e-10 1e-10 1e-10 1.00217e-10 0.00430044 1e-10 1e-10 1e-10 0.00210271
TTAC 1e-10 1e-10 1e-10 1e-10 1.00217e-10 1e-10 0.00264646 1e-10 1e-10 1e-10
TCAC 1e-10 1e-10 1e-10 1e-10 0.0298109 1e-10 0.00570046 0.0660581 1e-10 0.125666
ACGT 1e-10 1e-10 1e-10 1e-10 1.00217e-10 1e-10 1e-10 0.000963836 1e-10 1e-10
TCGT 1e-10 1e-10 0.00445284 1e-10 1.00217e-10 1e-10 1e-10 1e-10 1e-10 1e-10
TTGT 1e-10 1e-10 1e-10 1e-10 1.00217e-10 1e-10 1e-10 1e-10 1e-10 1e-10
ATGC 1e-10 1e-10 1e-10 1e-10 1.00222e-10 1e-10 1e-10 1e-10 1e-10 1e-10
TTAT 1e-10 1e-10 1e-10 1e-10 1.00217e-10 1e-10 1e-10 1e-10 1e-10 1e-10
CCAT 1e-10 1e-10 1e-10 1e-10 1.00217e-10 1e-10 1e-10 1e-10 0.360146 1e-10
XXXX 1e-10 1e-10 1e-10 1e-10 1.00217e-10 1e-10 1e-10 1e-10 1e-10 1e-10
