Final BIC 210.453
TCAT 1.00259e-10 1e-10 1e-10 1e-10 1e-10 1e-10 1e-10 1e-10 1.00493e-10 1e-10
ACGC 1e-10 1e-10 1e-10 1e-10 1e-10 0.00124162 1e-10 1e-10 1.00488e-10 1e-10
CCAC 1 1 1 0.997591 0.963983 0.996743 0.990636 0.845959 0.626972 0.686317
ACAC 1e-10 1e-10 1e-10 1e-10 1e-10 0.00201499 1e-10 1e-10 1.00493e-10 1e-10
ATGT 1e-10 1e-10 1e-10 1e-10 1e-10 1e-10 1.00092e-10 1e-10 1.00488e-10 1e-10
ATAC 1e-10 1e-10 1e-10 1e-10 1e-10 1e-10 1e-10 1e-10 1.00493e-10 1e-10
TCGT 1e-10 1e-10 1e-10 1e-10 1e-10 1e-10 1e-10 1e-10 1.00493e-10 1e-10
TCAC 1e-10 1e-10 1.00022e-10 1e-10 0.0296024 1e-10 0.00687888 0.0659721 1.00488e-10 0.125817
TCGC 1.00235e-10 1e-10 1e-10 1e-10 1e-10 1e-10 1e-10 1e-10 1.00493e-10 1e-10
TTAC 1e-10 1e-10 1e-10 1e-10 0.0021653 1e-10 1e-10 1e-10 1.00493e-10 1e-10
CTGC 1e-10 1e-10 1e-10 1e-10 1e-10 1e-10 1e-10 1e-10 1.00488e-10 1e-10
CCGT 1e-10 1e-10 1e-10 1e-10 1e-10 1e-10 1e-10 1e-10 1.00493e-10 1e-10
CCGC 1.00736e-10 1e-10 1.00022e-10 1e-10 1e-10 1e-10 0.00248466 1e-10 0.0102429 1e-10
CTAT 1.00455e-10 1e-10 1e-10 1e-10 1e-10 1e-10 1e-10 1e-10 1.00493e-10 1e-10
CCAT 1.01519e-10 1e-10 1e-10 1e-10 1e-10 1e-10 1e-10 1e-10 0.362785 1e-10
ACAT 1e-10 1e-10 1e-10 1e-10 1e-10 1e-10 1e-10 1e-10 1.00493e-10 1e-10
ACGT 1e-10 1e-10 1e-10 0.00240945 1e-10 1e-10 1e-10 1e-10 1.00493e-10 0.000954973
TTGT 1.00259e-10 1e-10 1.00022e-10 1e-10 0.00424924 1e-10 1e-10 1e-10 1.00493e-10 1e-10
ATAT 1e-10 1e-10 1e-10 1e-10 1e-10 1e-10 1e-10 1e-10 1.00493e-10 1e-10
CTAC 1e-10 1e-10 1e-10 1e-10 1e-10 1e-10 1e-10 0.0880691 1.00493e-10 0.186911
XXXX 1.01212e-10 1e-10 1e-10 1e-10 1e-10 1e-10 1e-10 1e-10 1.00493e-10 1e-10
