Final BIC 210.59
CCAC 1 0.997327 1 0.995135 0.966298 0.997932 0.989006 0.844465 0.627624 0.68503
TCGC 1.00465e-10 1e-10 1e-10 1e-10 0.00193617 1e-10 1.04616e-10 1e-10 1e-10 1e-10
CCGC 1.00465e-10 1e-10 1e-10 1e-10 1e-10 1e-10 0.00245871 1e-10 0.0100575 1e-10
ACAC 1.00465e-10 1e-10 1e-10 1e-10 1e-10 0.00206834 1.00023e-10 1e-10 1e-10 1e-10
TCAC 1.00465e-10 1e-10 1e-10 1e-10 0.0294982 1e-10 0.00687288 0.0658457 1e-10 0.125585
ACGC 1.00465e-10 1e-10 1e-10 1e-10 1e-10 1e-10 1.00023e-10 1e-10 1e-10 1e-10
CTGC 1.00465e-10 1e-10 1e-10 1e-10 1e-10 1e-10 1.00023e-10 1e-10 1e-10 1e-10
TCAT 1.00465e-10 1e-10 1e-10 1e-10 1e-10 1e-10 1e-10 1e-10 1e-10 1e-10
ATAC 1.00465e-10 1e-10 1e-10 1e-10 1e-10 1e-10 1.00023e-10 1e-10 1e-10 1e-10
ACAT 1.00465e-10 1e-10 1e-10 1e-10 1e-10 1e-10 1.00023e-10 1e-10 1e-10 1e-10
CTGT 1.00465e-10 1e-10 1e-10 1e-10 1e-10 1e-10 1.00023e-10 1e-10 1e-10 1e-10
ATGT 1.00465e-10 1e-10 1e-10 1e-10 1e-10 1e-10 1.00354e-10 1e-10 1e-10 1e-10
ATAT 1.00465e-10 1e-10 1e-10 1e-10 1e-10 1.00705e-10 1.00023e-10 1e-10 1e-10 1e-10
ATGC 1.00465e-10 1e-10 1e-10 1e-10 1e-10 1e-10 1.00023e-10 1e-10 1e-10 1e-10
CTAT 1.00465e-10 1e-10 1e-10 1e-10 1e-10 1e-10 1.00354e-10 1e-10 1e-10 1e-10
TTAT 1.00465e-10 1e-10 1e-10 1e-10 1e-10 1e-10 1.00023e-10 0.00471104 1e-10 0.00282665
TTGC 1.00465e-10 1e-10 1e-10 1e-10 1e-10 1e-10 1.00023e-10 1e-10 1e-10 1e-10
CCAT 1.00465e-10 0.00267281 1e-10 1e-10 1e-10 1e-10 1.00023e-10 1e-10 0.360386 1e-10
CCGT 1.00465e-10 1e-10 1e-10 0.00486476 1e-10 1.00705e-10 1.00023e-10 1e-10 0.00193253 1e-10
CTAC 1.00465e-10 1e-10 1e-10 1e-10 1e-10 1e-10 1.00023e-10 0.0849786 1e-10 0.186558
TTGT 1.00465e-10 1e-10 1e-10 1e-10 1e-10 1.00705e-10 1e-10 1e-10 1e-10 1e-10
TTAC 1.00465e-10 1e-10 1e-10 1e-10 0.00226783 1e-10 1.00023e-10 1e-10 1e-10 1e-10
TCGT 1.00465e-10 1e-10 1e-10 1e-10 1e-10 1e-10 1.00023e-10 1e-10 1e-10 1e-10
XXXX 1.00465e-10 1e-10 1e-10 1e-10 1e-10 1e-10 0.00166239 1e-10 1e-10 1e-10
