Final BIC 210.548
CCGC 1e-10 1e-10 1.0025e-10 1e-10 1e-10 1e-10 0.00258494 1e-10 0.010244 1e-10
TCGC 1e-10 0.00458471 1.00502e-10 1e-10 1e-10 1e-10 0.00265623 1e-10 1e-10 0.00311925
CCAC 1 0.995415 1 1 0.968109 0.997982 0.988143 0.844842 0.62877 0.684826
CTGT 1e-10 1e-10 1.00502e-10 1e-10 1e-10 1.00075e-10 1e-10 1e-10 1.00001e-10 1e-10
CTAT 1e-10 1e-10 1e-10 1e-10 1e-10 1e-10 1e-10 0.00425882 1e-10 1e-10
CTGC 1e-10 1e-10 1.00502e-10 1e-10 1e-10 1.00075e-10 1e-10 1e-10 1e-10 1e-10
TCGT 1e-10 1e-10 1e-10 1e-10 1e-10 1e-10 1e-10 1e-10 1e-10 1e-10
TCAC 1e-10 1e-10 1.00778e-10 1e-10 0.0297037 1e-10 0.00661538 0.0658586 1e-10 0.125533
ACAC 1e-10 1e-10 1e-10 1e-10 1e-10 0.0020177 1e-10 1e-10 1.00001e-10 1e-10
TTAC 1e-10 1e-10 1e-10 1e-10 0.00218741 1e-10 1e-10 1e-10 1.00001e-10 1e-10
CTAC 1e-10 1e-10 1.0025e-10 1e-10 1e-10 1e-10 1e-10 0.0850404 1e-10 0.186522
CCGT 1e-10 1e-10 1.00778e-10 1e-10 1.00613e-10 1.00075e-10 1e-10 1e-10 1e-10 1e-10
ATAT 1e-10 1e-10 1e-10 1e-10 1e-10 1.00075e-10 1e-10 1e-10 1.00001e-10 1e-10
TTGC 1e-10 1e-10 1.0025e-10 1e-10 1e-10 1.00075e-10 1e-10 1e-10 1e-10 1e-10
CCAT 1e-10 1e-10 1.00778e-10 1e-10 1e-10 1.00075e-10 1e-10 1e-10 0.360986 1e-10
TTGT 1e-10 1e-10 1e-10 1e-10 1e-10 1e-10 1.00315e-10 1e-10 1.00001e-10 1e-10
ACAT 1e-10 1e-10 1e-10 1e-10 1e-10 1e-10 1e-10 1e-10 1.00001e-10 1e-10
TTAT 1e-10 1e-10 1.00502e-10 1e-10 1e-10 1.00075e-10 1e-10 1e-10 1e-10 1e-10
ATGC 1e-10 1e-10 1e-10 1e-10 1e-10 1e-10 1e-10 1e-10 1e-10 1e-10
ATAC 1e-10 1e-10 1.0025e-10 1e-10 1e-10 1e-10 1e-10 1e-10 1e-10 1e-10
ACGC 1e-10 1e-10 1e-10 1e-10 1e-10 1e-10 1e-10 1e-10 1e-10 1e-10
ATGT 1e-10 1e-10 1e-10 1e-10 1e-10 1e-10 1e-10 1e-10 1e-10 1e-10
XXXX 1e-10 1e-10 1e-10 1e-10 1e-10 1e-10 1e-10 1e-10 1e-10 1e-10
