Final BIC 210.353
CCAC 0.999721 0.99896 0.99751 1 0.968097 0.993473 0.990639 0.848472 0.627904 0.686975
CCGC 1e-10 1e-10 1e-10 1e-10 1e-10 1e-10 0.00248936 1.00004e-10 0.0101654 1e-10
ACAC 1e-10 1e-10 1e-10 1e-10 1e-10 0.0020081 1e-10 1.00004e-10 1e-10 1e-10
CTAC 1e-10 1e-10 1e-10 1e-10 1e-10 1e-10 1e-10 0.0853703 1e-10 0.187082
TTGT 1e-10 1e-10 1e-10 1e-10 1e-10 0.00451929 1e-10 1.00004e-10 1e-10 1e-10
TTAT 1e-10 1e-10 1e-10 1e-10 1e-10 1e-10 1e-10 1e-10 1e-10 1e-10
ATAT 1e-10 1e-10 1e-10 1e-10 1e-10 1e-10 1e-10 1.00004e-10 1e-10 1e-10
ATAC 1e-10 1e-10 1e-10 1e-10 1e-10 1e-10 1e-10 1.00004e-10 1e-10 1e-10
TCGT 1e-10 1e-10 0.00249022 1e-10 1e-10 1e-10 1e-10 1.00004e-10 1e-10 1e-10
ACGC 1e-10 1e-10 1e-10 1e-10 1e-10 1e-10 1e-10 1.00004e-10 1e-10 1e-10
TTAC 1e-10 1e-10 1e-10 1e-10 0.00217314 1e-10 1e-10 1e-10 1e-10 1e-10
ACGT 1e-10 1e-10 1e-10 1e-10 1e-10 1e-10 1e-10 1.00004e-10 1e-10 1e-10
CCAT 1e-10 1e-10 1e-10 1e-10 1e-10 1e-10 1e-10 1.00004e-10 0.360538 1e-10
CCGT 1e-10 1e-10 1e-10 1e-10 1e-10 1e-10 1e-10 1.00004e-10 1e-10 1e-10
CTGT 1e-10 1e-10 1e-10 1e-10 1e-10 1e-10 1e-10 1e-10 1e-10 1e-10
TCAC 1e-10 1e-10 1e-10 1e-10 0.0297294 1e-10 0.00687124 0.0661576 1e-10 0.125943
CTAT 1e-10 1e-10 1e-10 1e-10 1e-10 1e-10 1e-10 1e-10 1e-10 1e-10
TTGC 0.000278773 0.00104033 1e-10 1e-10 1e-10 1e-10 1e-10 1e-10 0.00139252 1e-10
XXXX 1e-10 1e-10 1e-10 1e-10 1e-10 1e-10 1e-10 1e-10 1e-10 1e-10
