Final BIC 210.708
CTGC 1e-10 1e-10 1e-10 1e-10 1e-10 1e-10 1e-10 1e-10 1.0004e-10 1e-10
CTAC 1e-10 1e-10 1e-10 1e-10 0.00183303 1e-10 0.00082759 0.0850793 1.0004e-10 0.187064
TCGT 1e-10 1e-10 1e-10 1e-10 1.00361e-10 1e-10 1e-10 1e-10 1.0004e-10 1e-10
TTAT 1e-10 1e-10 1e-10 1e-10 1e-10 1e-10 1e-10 1e-10 1.0004e-10 1e-10
CCAC 1 1 1 0.999302 0.96634 0.997958 0.989828 0.845382 0.628667 0.686958
ACAC 1e-10 1e-10 1e-10 1e-10 1e-10 0.00204174 1e-10 1e-10 1.0004e-10 1e-10
ATGT 1e-10 1e-10 1e-10 1e-10 1e-10 1e-10 1e-10 1e-10 1.00036e-10 1e-10
ACGC 1e-10 1e-10 1e-10 1e-10 1e-10 1e-10 1e-10 1e-10 1.0004e-10 1e-10
ATGC 1e-10 1e-10 1e-10 1e-10 1e-10 1e-10 1e-10 1e-10 1.0004e-10 1e-10
ATAC 1e-10 1e-10 1e-10 1e-10 1e-10 1e-10 1e-10 1e-10 1.0004e-10 1e-10
ATAT 1e-10 1e-10 1e-10 1e-10 1.01792e-10 1e-10 1e-10 1e-10 1.00036e-10 1e-10
CCGC 1e-10 1e-10 1e-10 0.000698267 1.00361e-10 1e-10 0.00249752 1e-10 0.0101892 1e-10
TCGC 1e-10 1e-10 1e-10 1e-10 1e-10 1e-10 1e-10 1e-10 1.00036e-10 1e-10
TTGC 1e-10 1e-10 1e-10 1e-10 1e-10 1e-10 1.00007e-10 1e-10 1.00036e-10 1e-10
CCAT 1e-10 1e-10 1e-10 1e-10 1.00361e-10 1e-10 1e-10 1e-10 0.361144 1e-10
CTGT 1e-10 1e-10 1e-10 1e-10 1e-10 1e-10 1e-10 1e-10 1.0004e-10 1e-10
TCAT 1e-10 1e-10 1e-10 1e-10 1.00361e-10 1e-10 1e-10 1e-10 1.0004e-10 1e-10
TTAC 1e-10 1e-10 1e-10 1e-10 1.00361e-10 1e-10 1e-10 1e-10 1.0004e-10 1e-10
CCGT 1e-10 1e-10 1e-10 1e-10 1e-10 1e-10 1e-10 1e-10 1.00036e-10 1e-10
ACAT 1e-10 1e-10 1e-10 1e-10 1.00361e-10 1e-10 1e-10 1e-10 1.00036e-10 1e-10
TCAC 1e-10 1e-10 1e-10 1e-10 0.0318271 1e-10 0.00684701 0.0659332 1.0004e-10 0.125978
CTAT 1e-10 1e-10 1e-10 1e-10 1.00361e-10 1e-10 1e-10 0.00360581 1.0004e-10 1e-10
ACGT 1e-10 1e-10 1e-10 1e-10 1.00361e-10 1e-10 1e-10 1e-10 1.0004e-10 1e-10
XXXX 1e-10 1e-10 1e-10 1e-10 1.00361e-10 1e-10 1e-10 1e-10 1.00036e-10 1e-10
