Final BIC 210.404
ATGC 1e-10 1.00449e-10 1e-10 1e-10 1e-10 1e-10 0.00379842 1e-10 1e-10 1e-10
CCAC 1 1 0.999801 0.999908 0.963987 0.996484 0.986873 0.846444 0.629596 0.686829
CTGC 1e-10 1.00449e-10 1e-10 1e-10 1e-10 1e-10 1e-10 1e-10 1e-10 1e-10
ACAC 1e-10 1.00449e-10 1e-10 1e-10 1e-10 0.00201439 1e-10 1e-10 1e-10 1e-10
CTGT 1e-10 1.00449e-10 1e-10 1e-10 1e-10 1e-10 1e-10 1e-10 1e-10 1e-10
CTAC 1e-10 1.00449e-10 1e-10 1e-10 1e-10 1e-10 1e-10 0.0851635 1e-10 0.187053
ATGT 1e-10 1.00449e-10 1e-10 1e-10 1e-10 1e-10 1e-10 1e-10 1e-10 1e-10
CCGC 1e-10 1.00449e-10 1e-10 1e-10 1e-10 1e-10 0.00247793 1e-10 0.0101619 1e-10
TCAC 1e-10 1.00449e-10 1e-10 1e-10 0.0296187 1e-10 0.00685028 0.0659872 1e-10 0.125911
TTAC 1e-10 1.00449e-10 1e-10 1e-10 0.00215611 0.00150198 1e-10 1e-10 1e-10 1e-10
TCGC 1e-10 1.00449e-10 1e-10 1e-10 1e-10 1e-10 1e-10 1e-10 1e-10 1e-10
ATAC 1e-10 1.00449e-10 1e-10 1e-10 0.0042386 1e-10 1e-10 1e-10 1e-10 1e-10
TCGT 1e-10 1.00449e-10 0.000199262 1e-10 1e-10 1e-10 1e-10 1e-10 1e-10 1e-10
ACGT 1e-10 1.00449e-10 1e-10 1e-10 1e-10 1e-10 1e-10 1e-10 1e-10 0.000207245
CTAT 1e-10 1.00449e-10 1e-10 1e-10 1e-10 1e-10 1e-10 1e-10 1e-10 1e-10
ATAT 1e-10 1.00449e-10 1e-10 9.21681e-05 1e-10 1e-10 1e-10 1e-10 1e-10 1e-10
ACAT 1e-10 1.00449e-10 1e-10 1e-10 1e-10 1e-10 1e-10 0.00240505 1e-10 1e-10
TTGC 1e-10 1.00449e-10 1e-10 1e-10 1e-10 1e-10 1e-10 1e-10 1e-10 1e-10
CCAT 1e-10 1.00449e-10 1e-10 1e-10 1e-10 1e-10 1e-10 1e-10 0.360242 1e-10
XXXX 1e-10 1.00449e-10 1e-10 1e-10 1e-10 1e-10 1e-10 1e-10 1e-10 1e-10
