Final BIC 210.404
TCAC 1e-10 1e-10 1e-10 1e-10 0.0296266 1e-10 0.00684825 0.0661572 1e-10 0.125948
CCAC 0.998398 1 1 1 0.964474 0.996576 0.988091 0.848473 0.628792 0.686982
CCGC 1e-10 1e-10 1e-10 1e-10 1e-10 1e-10 0.0024821 1e-10 0.0101641 1e-10
CCGT 1e-10 1e-10 1e-10 1e-10 1e-10 1e-10 1e-10 1e-10 1.00005e-10 1e-10
ACGT 1e-10 1e-10 1e-10 1e-10 1e-10 1e-10 1e-10 1e-10 1e-10 1e-10
ACAC 1e-10 1e-10 1e-10 1e-10 1e-10 0.00201479 0.00257819 1e-10 1e-10 1e-10
CTGT 1e-10 1e-10 1e-10 1e-10 1e-10 1e-10 1e-10 1e-10 1e-10 1e-10
CTAT 1e-10 1e-10 1e-10 1e-10 1e-10 1e-10 1e-10 1e-10 1e-10 1e-10
TCGC 1e-10 1e-10 1e-10 1e-10 1e-10 1e-10 1.01164e-10 1e-10 1e-10 1e-10
TTGC 1e-10 1e-10 1e-10 1e-10 1e-10 1e-10 1e-10 1e-10 1e-10 1e-10
TTAC 1e-10 1e-10 1e-10 1e-10 0.00589942 1e-10 1e-10 1e-10 1e-10 1e-10
ATAC 1e-10 1e-10 1e-10 1e-10 1e-10 1e-10 1e-10 1e-10 1e-10 1e-10
CTAC 0.00160229 1e-10 1e-10 1e-10 1e-10 0.00140921 1e-10 0.0853697 1e-10 0.18707
ATGC 1e-10 1e-10 1e-10 1e-10 1e-10 1e-10 1e-10 1e-10 1e-10 1e-10
CTGC 1e-10 1e-10 1e-10 1e-10 1e-10 1e-10 1e-10 1.00007e-10 1.00005e-10 1e-10
CCAT 1e-10 1e-10 1e-10 1e-10 1e-10 1e-10 1e-10 1.00007e-10 0.361044 1e-10
TCGT 1e-10 1e-10 1e-10 1e-10 1e-10 1e-10 1e-10 1e-10 1e-10 1e-10
TCAT 1e-10 1e-10 1e-10 1e-10 1e-10 1e-10 1e-10 1e-10 1.00005e-10 1.00002e-10
TTAT 1e-10 1e-10 1e-10 1e-10 1e-10 1e-10 1e-10 1.00007e-10 1e-10 1e-10
XXXX 1e-10 1e-10 1e-10 1e-10 1e-10 1e-10 1e-10 1e-10 1e-10 1e-10
