Final BIC 210.544
CCAT 1e-10 1e-10 1e-10 1e-10 1e-10 1e-10 1e-10 1e-10 0.360282 1e-10
TCGC 1e-10 1e-10 1e-10 1e-10 1e-10 1.00011e-10 1e-10 1e-10 1e-10 1e-10
CTAC 1e-10 1e-10 1e-10 1e-10 1e-10 1e-10 1e-10 0.085358 1e-10 0.186205
CCGC 1e-10 1e-10 1e-10 1e-10 1e-10 1.00011e-10 0.00249665 1e-10 0.0101804 1e-10
ACGC 1e-10 1e-10 1e-10 1e-10 0.00289469 1e-10 1e-10 1e-10 1e-10 1e-10
CTGT 1e-10 1e-10 1e-10 1e-10 1e-10 1e-10 1e-10 1e-10 1e-10 1e-10
TCAC 1e-10 1e-10 1e-10 1e-10 0.0296123 1.00011e-10 0.00686185 0.0662036 1e-10 0.125333
CTGC 1e-10 1e-10 1e-10 1e-10 1e-10 1e-10 1e-10 1e-10 1e-10 1e-10
ATAC 1e-10 1e-10 1e-10 1e-10 1e-10 1.00011e-10 1e-10 1e-10 1e-10 1e-10
TCAT 1e-10 1e-10 1e-10 1e-10 1e-10 1e-10 1e-10 1e-10 1e-10 1e-10
TTGC 1e-10 1e-10 1e-10 1e-10 1e-10 1.00011e-10 1e-10 1e-10 1e-10 1e-10
CCAC 0.995069 1 1 0.99652 0.965327 0.997958 0.990641 0.848438 0.627526 0.688462
TTAC 0.00493055 1e-10 1e-10 1e-10 0.00216627 1.00011e-10 1e-10 1e-10 1e-10 1e-10
ACGT 1e-10 1e-10 1e-10 1e-10 1e-10 1e-10 1e-10 1e-10 1e-10 1e-10
ACAC 1e-10 1e-10 1e-10 1e-10 1e-10 0.00204225 1e-10 1e-10 1e-10 1e-10
ATGT 1e-10 1e-10 1e-10 1e-10 1e-10 1e-10 1e-10 1e-10 1e-10 1e-10
ATGC 1e-10 1e-10 1e-10 1e-10 1e-10 1e-10 1e-10 1e-10 1e-10 1e-10
TCGT 1e-10 1e-10 1e-10 1e-10 1e-10 1e-10 1e-10 1e-10 1e-10 1e-10
TTGT 1e-10 1e-10 1e-10 1e-10 1e-10 1.00011e-10 1e-10 1e-10 1e-10 1e-10
ACAT 1e-10 1e-10 1e-10 0.00348029 1e-10 1e-10 1e-10 1e-10 1e-10 1e-10
ATAT 1e-10 1e-10 1e-10 1e-10 1e-10 1e-10 1e-10 1e-10 1e-10 1e-10
TTAT 1e-10 1e-10 1e-10 1e-10 1e-10 1e-10 1e-10 1e-10 0.00201164 1e-10
XXXX 1e-10 1e-10 1e-10 1e-10 1e-10 1e-10 1e-10 1e-10 1e-10 1e-10
