Final BIC 210.499
TCGT 1e-10 1e-10 1e-10 1e-10 1e-10 1.00477e-10 1e-10 1e-10 1e-10 1e-10
TTGC 1e-10 1e-10 1e-10 1e-10 1e-10 1.00201e-10 1e-10 1e-10 1e-10 1e-10
ACAT 1e-10 1e-10 1e-10 1e-10 1e-10 1.00201e-10 1e-10 1e-10 1e-10 1e-10
CCAC 1 1 1 1 0.9681 1 0.986817 0.845908 0.628787 0.686975
CTGT 1e-10 1e-10 1e-10 1e-10 1e-10 1.00201e-10 1e-10 1e-10 1e-10 1e-10
CCGC 1e-10 1e-10 1e-10 1e-10 1e-10 1.00201e-10 0.00248243 1e-10 0.0101645 1e-10
CTGC 1e-10 1e-10 1e-10 1e-10 1e-10 1.00201e-10 1e-10 0.00301387 1e-10 1e-10
ATGC 1e-10 1e-10 1e-10 1e-10 1e-10 1.00201e-10 1e-10 1e-10 1e-10 1e-10
TTAC 1e-10 1e-10 1e-10 1e-10 0.00217841 1.00201e-10 1e-10 1e-10 1e-10 1e-10
CCAT 1.00378e-10 1e-10 1e-10 1e-10 1e-10 1.00201e-10 1e-10 1e-10 0.361048 1.00017e-10
ATAC 1e-10 1e-10 1e-10 1e-10 1e-10 1.00201e-10 0.00386085 1e-10 1e-10 1e-10
TCAT 1e-10 1e-10 1e-10 1e-10 1e-10 1.00201e-10 1e-10 1e-10 1e-10 1.00017e-10
CTAC 1e-10 1e-10 1e-10 1e-10 1e-10 1.00201e-10 1e-10 0.0851231 1e-10 0.187092
CTAT 1e-10 1e-10 1e-10 1e-10 1e-10 1.00243e-10 1e-10 1e-10 1e-10 1e-10
ACGT 1e-10 1e-10 1e-10 1e-10 1e-10 1.00243e-10 1e-10 1e-10 1e-10 1e-10
TCAC 1e-10 1e-10 1e-10 1e-10 0.029722 1.00201e-10 0.00683962 0.0659545 1e-10 0.125934
ATAT 1e-10 1e-10 1e-10 1e-10 1e-10 1.00201e-10 1e-10 1e-10 1e-10 1e-10
ACGC 1e-10 1e-10 1e-10 1e-10 1e-10 1.00201e-10 1e-10 1e-10 1e-10 1e-10
TTGT 1e-10 1e-10 1e-10 1e-10 1e-10 1.00201e-10 1e-10 1e-10 1e-10 1e-10
ACAC 1e-10 1e-10 1e-10 1e-10 1e-10 1.00201e-10 1e-10 1e-10 1e-10 1e-10
TTAT 1e-10 1e-10 1e-10 1e-10 1e-10 1.00243e-10 1e-10 1e-10 1e-10 1e-10
XXXX 1e-10 1e-10 1e-10 1e-10 1e-10 1.00201e-10 1e-10 1e-10 1e-10 1e-10
