Final BIC 210.353
CCAC 0.996186 1 1 1 0.968096 0.996153 0.99064 0.847734 0.6288 0.68696
CCAT 1e-10 1e-10 1e-10 1.00361e-10 1e-10 1e-10 1e-10 1e-10 0.361029 1e-10
ATGC 1e-10 1e-10 1e-10 1.00361e-10 1e-10 1e-10 1e-10 1e-10 1e-10 1e-10
ATAT 1e-10 1e-10 1e-10 1.00361e-10 1e-10 1e-10 1e-10 0.000865078 1e-10 1e-10
CTAT 1e-10 1e-10 1e-10 1.00361e-10 1e-10 1e-10 1e-10 1e-10 1e-10 1e-10
CCGC 1e-10 1e-10 1e-10 1.00361e-10 1e-10 1e-10 0.00248952 1e-10 0.0101711 1e-10
ATAC 1e-10 1e-10 1e-10 1.00361e-10 1e-10 1e-10 1e-10 1e-10 1e-10 1e-10
ACGC 1e-10 1e-10 1e-10 1.00361e-10 1e-10 1e-10 1e-10 1e-10 1e-10 1e-10
TCAC 1e-10 1e-10 1e-10 1.00361e-10 0.0297297 1e-10 0.00687058 0.0661072 1e-10 0.125939
CTAC 1e-10 1e-10 1e-10 1.00361e-10 1e-10 1e-10 1e-10 0.0852934 1e-10 0.1871
TTAC 1e-10 1e-10 1e-10 1.00361e-10 0.00217394 1e-10 1e-10 1e-10 1e-10 1e-10
CCGT 1e-10 1e-10 1e-10 1.00361e-10 1e-10 1e-10 1e-10 1e-10 1e-10 1e-10
CTGC 1e-10 1e-10 1e-10 1.00361e-10 1e-10 1e-10 1e-10 1e-10 1e-10 1.00009e-10
TCGC 0.00381379 1e-10 1e-10 1.00361e-10 1e-10 1e-10 1e-10 1e-10 1e-10 1e-10
ACAT 1e-10 1e-10 1e-10 1.00361e-10 1e-10 1e-10 1e-10 1e-10 1e-10 1e-10
TCAT 1e-10 1e-10 1e-10 1.00361e-10 1e-10 1e-10 1e-10 1e-10 1e-10 1e-10
CTGT 1e-10 1e-10 1e-10 1.00361e-10 1e-10 1e-10 1e-10 1e-10 1e-10 1e-10
ACAC 1e-10 1e-10 1e-10 1.00361e-10 1.00012e-10 0.00384701 1e-10 1e-10 1e-10 1e-10
XXXX 1e-10 1e-10 1e-10 1.00361e-10 1e-10 1e-10 1e-10 1e-10 1e-10 1e-10
