Final BIC 210.544
TCAC 1e-10 1e-10 1e-10 1e-10 0.0296194 1e-10 0.00686683 0.0661283 1e-10 0.125751
CCAC 0.996128 0.995034 0.99744 0.997044 0.966213 0.997982 0.990109 0.848176 0.626477 0.685938
CTGC 1e-10 1e-10 1e-10 1e-10 1.0007e-10 1e-10 1e-10 1e-10 1e-10 1e-10
ACAC 1e-10 0.00496593 1e-10 1e-10 1e-10 0.00201756 1e-10 1e-10 1e-10 1e-10
TCGC 1e-10 1e-10 1e-10 1e-10 1.00447e-10 1e-10 1e-10 1e-10 1e-10 1e-10
TTAC 1e-10 1e-10 1e-10 1e-10 0.00416737 1e-10 1e-10 1e-10 1e-10 1e-10
TTGC 1e-10 1e-10 1e-10 1e-10 1.00507e-10 1e-10 1e-10 1e-10 1e-10 1e-10
ATAC 1e-10 1e-10 1e-10 1e-10 1.00478e-10 1e-10 1e-10 1e-10 1e-10 1e-10
CCGC 1e-10 1e-10 1e-10 1e-10 1.00478e-10 1e-10 0.00248844 1e-10 0.0103412 1e-10
CTGT 1e-10 1e-10 1e-10 0.00295554 1.00447e-10 1.00183e-10 1e-10 1e-10 1e-10 1e-10
TTGT 1e-10 1e-10 1e-10 1e-10 1e-10 1e-10 1e-10 1e-10 1e-10 0.00150235
ATGC 1e-10 1e-10 1e-10 1e-10 1.00478e-10 1e-10 1e-10 1e-10 1e-10 1e-10
CCAT 1e-10 1e-10 1e-10 1e-10 1.0007e-10 1e-10 1e-10 1e-10 0.359673 1e-10
TTAT 0.00387198 1e-10 1e-10 1e-10 1.00633e-10 1e-10 1e-10 1e-10 1e-10 1e-10
ATAT 1e-10 1e-10 0.00255976 1e-10 1.00447e-10 1e-10 1e-10 1e-10 1e-10 1e-10
TCGT 1e-10 1e-10 1e-10 1e-10 1.00447e-10 1e-10 1e-10 0.000353768 1e-10 1e-10
ACGT 1e-10 1e-10 1e-10 1e-10 1.0007e-10 1.00183e-10 1e-10 1e-10 1e-10 1e-10
CCGT 1e-10 1e-10 1e-10 1e-10 1.00447e-10 1.00183e-10 1e-10 1e-10 1e-10 1e-10
ACAT 1e-10 1e-10 1e-10 1e-10 1.0007e-10 1.00183e-10 1e-10 1e-10 1e-10 1e-10
CTAT 1e-10 1e-10 1e-10 1e-10 1.00478e-10 1.00183e-10 1e-10 1e-10 1e-10 1e-10
CTAC 1e-10 1e-10 1e-10 1e-10 1.00686e-10 1.00183e-10 1e-10 0.0853423 0.00350855 0.186809
ATGT 1e-10 1e-10 1e-10 1e-10 1.00478e-10 1e-10 0.000535491 1e-10 1e-10 1e-10
XXXX 1e-10 1e-10 1e-10 1e-10 1.00447e-10 1e-10 1e-10 1e-10 1e-10 1e-10
